value 4
time 243
value 4
time 160
value 4
time 213
value 4
time 157
value 4
time 159
value 4
time 167
value 4
time 154
value 4
time 154
value 4
time 157
value 4
time 149
value 4
time 152
value 4
time 155
value 4
time 148
value 4
time 154
value 4
time 153
value 4
time 150
value 4
time 150
value 4
time 154
value 4
time 157
value 4
time 150
value 4
time 154
value 4
time 167
value 4
time 154
value 4
time 153
value 4
time 153
value 4
time 152
value 4
time 154
value 4
time 152
value 4
time 149
value 4
time 152
value 4
time 152
value 4
time 148
value 4
time 150
value 4
time 152
value 4
time 150
value 4
time 153
value 4
time 152
value 4
time 152
value 4
time 150
value 4
time 151
value 4
time 148
value 4
time 157
value 4
time 154
value 4
time 154
value 4
time 149
value 4
time 153
value 4
time 246
value 4
time 149
value 4
time 150
value 4
time 153
value 4
time 169
value 4
time 166
value 4
time 153
value 4
time 150
value 4
time 164
value 4
time 149
value 4
time 149
value 4
time 142
value 4
time 144
value 4
time 150
value 4
time 150
value 4
time 162
value 4
time 150
value 4
time 154
value 4
time 152
value 4
time 150
value 4
time 150
value 4
time 154
value 4
time 151
value 4
time 150
value 4
time 151
value 4
time 153
value 4
time 152
value 4
time 146
value 4
time 145
value 4
time 147
value 4
time 147
value 4
time 151
value 4
time 145
value 4
time 149
value 4
time 149
value 4
time 146
value 4
time 149
value 4
time 147
value 4
time 145
value 4
time 146
value 4
time 147
value 4
time 152
value 4
time 148
value 4
time 148
value 4
time 150
value 4
time 147
value 4
time 146
value 4
time 145
value 4
time 145
value 4
time 149
value 4
time 149
value 4
time 146
value 4
time 147
value 4
time 149
value 8
time 519
value 8
time 312
value 8
time 306
value 8
time 305
value 8
time 304
value 8
time 295
value 8
time 306
value 8
time 306
value 8
time 308
value 8
time 299
value 8
time 302
value 8
time 299
value 8
time 305
value 8
time 298
value 8
time 300
value 8
time 296
value 8
time 297
value 8
time 295
value 8
time 294
value 8
time 295
value 8
time 296
value 8
time 295
value 8
time 293
value 8
time 286
value 8
time 291
value 8
time 292
value 8
time 289
value 8
time 298
value 8
time 294
value 8
time 291
value 8
time 292
value 8
time 300
value 8
time 292
value 8
time 295
value 8
time 297
value 8
time 289
value 8
time 291
value 8
time 292
value 8
time 293
value 8
time 290
value 8
time 293
value 8
time 292
value 8
time 292
value 8
time 295
value 8
time 291
value 8
time 338
value 8
time 294
value 8
time 293
value 8
time 296
value 8
time 282
value 8
time 288
value 8
time 288
value 8
time 288
value 8
time 290
value 8
time 286
value 8
time 284
value 8
time 286
value 8
time 290
value 8
time 287
value 8
time 286
value 8
time 289
value 8
time 293
value 8
time 295
value 8
time 288
value 8
time 316
value 8
time 288
value 8
time 286
value 8
time 295
value 8
time 290
value 8
time 288
value 8
time 292
value 8
time 291
value 8
time 320
value 8
time 288
value 8
time 295
value 8
time 289
value 8
time 287
value 8
time 289
value 8
time 287
value 8
time 284
value 8
time 284
value 8
time 285
value 8
time 286
value 8
time 288
value 8
time 288
value 8
time 289
value 8
time 294
value 8
time 292
value 8
time 283
value 8
time 289
value 8
time 287
value 8
time 288
value 8
time 286
value 8
time 290
value 8
time 284
value 8
time 287
value 8
time 288
value 8
time 290
value 8
time 288
value 8
time 284
value 16
time 737
value 16
time 608
value 16
time 597
value 16
time 600
value 16
time 586
value 16
time 582
value 16
time 573
value 16
time 581
value 16
time 571
value 16
time 567
value 16
time 581
value 16
time 575
value 16
time 563
value 16
time 691
value 16
time 575
value 16
time 862
value 16
time 565
value 16
time 571
value 16
time 566
value 16
time 566
value 16
time 560
value 16
time 572
value 16
time 561
value 16
time 567
value 16
time 564
value 16
time 563
value 16
time 553
value 16
time 566
value 16
time 556
value 16
time 555
value 16
time 559
value 16
time 573
value 16
time 559
value 16
time 624
value 16
time 562
value 16
time 593
value 16
time 564
value 16
time 553
value 16
time 858
value 16
time 557
value 16
time 556
value 16
time 552
value 16
time 552
value 16
time 554
value 16
time 557
value 16
time 557
value 16
time 551
value 16
time 553
value 16
time 550
value 16
time 552
value 16
time 558
value 16
time 556
value 16
time 560
value 16
time 568
value 16
time 554
value 16
time 548
value 16
time 557
value 16
time 554
value 16
time 554
value 16
time 559
value 16
time 550
value 16
time 554
value 16
time 552
value 16
time 550
value 16
time 604
value 16
time 549
value 16
time 555
value 16
time 547
value 16
time 557
value 16
time 560
value 16
time 549
value 16
time 554
value 16
time 548
value 16
time 543
value 16
time 544
value 16
time 553
value 16
time 550
value 16
time 554
value 16
time 552
value 16
time 554
value 16
time 550
value 16
time 548
value 16
time 548
value 16
time 548
value 16
time 550
value 16
time 555
value 16
time 552
value 16
time 548
value 16
time 547
value 16
time 557
value 16
time 554
value 16
time 543
value 16
time 548
value 16
time 548
value 16
time 552
value 16
time 551
value 16
time 548
value 16
time 613
value 16
time 552
value 16
time 545
value 32
time 1357
value 32
time 1194
value 32
time 1180
value 32
time 1184
value 32
time 1139
value 32
time 1163
value 32
time 1155
value 32
time 1150
value 32
time 1140
value 32
time 1142
value 32
time 1445
value 32
time 1151
value 32
time 1138
value 32
time 1138
value 32
time 1136
value 32
time 1132
value 32
time 1131
value 32
time 1263
value 32
time 1124
value 32
time 1114
value 32
time 1132
value 32
time 1122
value 32
time 1123
value 32
time 1126
value 32
time 1128
value 32
time 1123
value 32
time 1123
value 32
time 1128
value 32
time 1120
value 32
time 1120
value 32
time 1106
value 32
time 1114
value 32
time 1120
value 32
time 1125
value 32
time 1120
value 32
time 1181
value 32
time 1118
value 32
time 1159
value 32
time 1118
value 32
time 1116
value 32
time 1118
value 32
time 1124
value 32
time 1119
value 32
time 1116
value 32
time 1121
value 32
time 1111
value 32
time 1117
value 32
time 1124
value 32
time 1117
value 32
time 1115
value 32
time 1117
value 32
time 1112
value 32
time 1110
value 32
time 1104
value 32
time 1115
value 32
time 1099
value 32
time 1110
value 32
time 1102
value 32
time 1121
value 32
time 1141
value 32
time 1106
value 32
time 1106
value 32
time 1100
value 32
time 1098
value 32
time 1088
value 32
time 1096
value 32
time 1100
value 32
time 1110
value 32
time 1093
value 32
time 1095
value 32
time 1098
value 32
time 1087
value 32
time 1093
value 32
time 1090
value 32
time 1102
value 32
time 1093
value 32
time 1102
value 32
time 1101
value 32
time 1093
value 32
time 1094
value 32
time 1099
value 32
time 1099
value 32
time 1086
value 32
time 1108
value 32
time 1094
value 32
time 1093
value 32
time 1096
value 32
time 1107
value 32
time 1096
value 32
time 1094
value 32
time 1087
value 32
time 1088
value 32
time 1095
value 32
time 1093
value 32
time 1087
value 32
time 1097
value 32
time 1084
value 32
time 1093
value 32
time 1091
value 32
time 1282
value 64
time 2549
value 64
time 2320
value 64
time 2285
value 64
time 2738
value 64
time 2580
value 64
time 2281
value 64
time 2247
value 64
time 2259
value 64
time 2313
value 64
time 2567
value 64
time 2245
value 64
time 2244
value 64
time 2241
value 64
time 2237
value 64
time 2244
value 64
time 2230
value 64
time 2229
value 64
time 2232
value 64
time 2220
value 64
time 2233
value 64
time 2242
value 64
time 2273
value 64
time 2216
value 64
time 2215
value 64
time 2255
value 64
time 2202
value 64
time 2216
value 64
time 2213
value 64
time 2231
value 64
time 2211
value 64
time 2210
value 64
time 2207
value 64
time 2198
value 64
time 2183
value 64
time 2188
value 64
time 2199
value 64
time 2193
value 64
time 2198
value 64
time 2192
value 64
time 2417
value 64
time 2192
value 64
time 2183
value 64
time 2194
value 64
time 2183
value 64
time 2181
value 64
time 2191
value 64
time 2183
value 64
time 2183
value 64
time 2173
value 64
time 2177
value 64
time 2185
value 64
time 2170
value 64
time 2179
value 64
time 2172
value 64
time 2169
value 64
time 2409
value 64
time 2183
value 64
time 2168
value 64
time 2185
value 64
time 2165
value 64
time 2172
value 64
time 2167
value 64
time 2177
value 64
time 2180
value 64
time 2186
value 64
time 2416
value 64
time 2168
value 64
time 2173
value 64
time 2486
value 64
time 2172
value 64
time 2171
value 64
time 2177
value 64
time 2172
value 64
time 2196
value 64
time 2242
value 64
time 2227
value 64
time 2484
value 64
time 2167
value 64
time 2168
value 64
time 2164
value 64
time 2170
value 64
time 2167
value 64
time 2180
value 64
time 2150
value 64
time 2164
value 64
time 2160
value 64
time 2157
value 64
time 2173
value 64
time 2165
value 64
time 2159
value 64
time 2165
value 64
time 2160
value 64
time 2151
value 64
time 2150
value 64
time 2152
value 64
time 2175
value 64
time 2153
value 64
time 2159
value 64
time 2158
value 64
time 2155
value 128
time 4736
value 128
time 4806
value 128
time 4492
value 128
time 4549
value 128
time 4445
value 128
time 4448
value 128
time 4457
value 128
time 4406
value 128
time 4410
value 128
time 4525
value 128
time 4400
value 128
time 4441
value 128
time 4602
value 128
time 4371
value 128
time 4367
value 128
time 4366
value 128
time 4340
value 128
time 4329
value 128
time 4359
value 128
time 4339
value 128
time 4319
value 128
time 4316
value 128
time 4315
value 128
time 5314
value 128
time 4332
value 128
time 4307
value 128
time 4532
value 128
time 4295
value 128
time 4303
value 128
time 4645
value 128
time 4614
value 128
time 4308
value 128
time 4287
value 128
time 4300
value 128
time 4291
value 128
time 4624
value 128
time 4293
value 128
time 4708
value 128
time 4323
value 128
time 4286
value 128
time 4290
value 128
time 4294
value 128
time 4296
value 128
time 4294
value 128
time 4295
value 128
time 4360
value 128
time 4273
value 128
time 4291
value 128
time 4862
value 128
time 4284
value 128
time 4276
value 128
time 4261
value 128
time 4277
value 128
time 4318
value 128
time 4270
value 128
time 4281
value 128
time 4266
value 128
time 4261
value 128
time 4242
value 128
time 4375
value 128
time 4484
value 128
time 4576
value 128
time 4266
value 128
time 4234
value 128
time 4245
value 128
time 4239
value 128
time 4247
value 128
time 4233
value 128
time 4249
value 128
time 4322
value 128
time 4248
value 128
time 4237
value 128
time 4308
value 128
time 4242
value 128
time 4461
value 128
time 4223
value 128
time 4532
value 128
time 4324
value 128
time 4215
value 128
time 4224
value 128
time 4233
value 128
time 4229
value 128
time 4224
value 128
time 4226
value 128
time 4218
value 128
time 4305
value 128
time 4887
value 128
time 4241
value 128
time 4284
value 128
time 4234
value 128
time 4228
value 128
time 4245
value 128
time 4231
value 128
time 4302
value 128
time 4237
value 128
time 4266
value 128
time 4230
value 128
time 4238
value 128
time 4271
value 128
time 4236
value 256
time 9403
value 256
time 9322
value 256
time 9094
value 256
time 8792
value 256
time 8727
value 256
time 8721
value 256
time 8700
value 256
time 8640
value 256
time 8614
value 256
time 8571
value 256
time 8598
value 256
time 8591
value 256
time 8661
value 256
time 8985
value 256
time 8634
value 256
time 8940
value 256
time 8617
value 256
time 8608
value 256
time 8617
value 256
time 8595
value 256
time 8858
value 256
time 8589
value 256
time 8872
value 256
time 8601
value 256
time 8571
value 256
time 8562
value 256
time 8572
value 256
time 8554
value 256
time 8544
value 256
time 8524
value 256
time 8534
value 256
time 8532
value 256
time 8525
value 256
time 8540
value 256
time 8510
value 256
time 8823
value 256
time 8521
value 256
time 8815
value 256
time 8533
value 256
time 8749
value 256
time 8501
value 256
time 8516
value 256
time 8527
value 256
time 8522
value 256
time 8493
value 256
time 8508
value 256
time 8737
value 256
time 8513
value 256
time 8497
value 256
time 8739
value 256
time 8829
value 256
time 8763
value 256
time 8815
value 256
time 8522
value 256
time 8491
value 256
time 8504
value 256
time 8506
value 256
time 8513
value 256
time 8497
value 256
time 8474
value 256
time 8523
value 256
time 8503
value 256
time 8495
value 256
time 8749
value 256
time 8509
value 256
time 8805
value 256
time 9107
value 256
time 8514
value 256
time 8508
value 256
time 8497
value 256
time 8839
value 256
time 8490
value 256
time 8518
value 256
time 8500
value 256
time 8500
value 256
time 8509
value 256
time 8485
value 256
time 8527
value 256
time 8475
value 256
time 8506
value 256
time 8500
value 256
time 8817
value 256
time 8542
value 256
time 8497
value 256
time 8458
value 256
time 8499
value 256
time 8474
value 256
time 8479
value 256
time 8489
value 256
time 8582
value 256
time 8483
value 256
time 8481
value 256
time 8494
value 256
time 8893
value 256
time 8512
value 256
time 8490
value 256
time 8526
value 256
time 8543
value 256
time 8465
value 256
time 8479
value 512
time 18602
value 512
time 17712
value 512
time 17464
value 512
time 17281
value 512
time 17739
value 512
time 17649
value 512
time 17998
value 512
time 17608
value 512
time 17291
value 512
time 17262
value 512
time 17604
value 512
time 17528
value 512
time 17495
value 512
time 17203
value 512
time 17087
value 512
time 17246
value 512
time 16967
value 512
time 16930
value 512
time 16901
value 512
time 17155
value 512
time 16880
value 512
time 17134
value 512
time 16885
value 512
time 16883
value 512
time 16890
value 512
time 17535
value 512
time 16865
value 512
time 16879
value 512
time 16835
value 512
time 16847
value 512
time 16891
value 512
time 16853
value 512
time 17085
value 512
time 16958
value 512
time 17075
value 512
time 16968
value 512
time 16859
value 512
time 17453
value 512
time 17099
value 512
time 17151
value 512
time 16923
value 512
time 16881
value 512
time 16867
value 512
time 17287
value 512
time 16888
value 512
time 17155
value 512
time 16852
value 512
time 16880
value 512
time 16851
value 512
time 17109
value 512
time 17609
value 512
time 16838
value 512
time 17889
value 512
time 16885
value 512
time 16879
value 512
time 17114
value 512
time 16923
value 512
time 18017
value 512
time 16923
value 512
time 16914
value 512
time 16947
value 512
time 16925
value 512
time 16888
value 512
time 16867
value 512
time 16860
value 512
time 17117
value 512
time 17702
value 512
time 17132
value 512
time 16893
value 512
time 17923
value 512
time 16841
value 512
time 17238
value 512
time 16979
value 512
time 17180
value 512
time 16908
value 512
time 16852
value 512
time 16887
value 512
time 17513
value 512
time 16850
value 512
time 17239
value 512
time 17186
value 512
time 16905
value 512
time 16857
value 512
time 16903
value 512
time 16843
value 512
time 16876
value 512
time 17442
value 512
time 17202
value 512
time 17188
value 512
time 17325
value 512
time 17194
value 512
time 16850
value 512
time 17133
value 512
time 16847
value 512
time 16933
value 512
time 17174
value 512
time 16826
value 512
time 16824
value 512
time 17050
value 512
time 17184
value 1024
time 35743
value 1024
time 35075
value 1024
time 34662
value 1024
time 37002
value 1024
time 34698
value 1024
time 34525
value 1024
time 34448
value 1024
time 34498
value 1024
time 35495
value 1024
time 35895
value 1024
time 34616
value 1024
time 35409
value 1024
time 35227
value 1024
time 34018
value 1024
time 34888
value 1024
time 34858
value 1024
time 34426
value 1024
time 34881
value 1024
time 34235
value 1024
time 33974
value 1024
time 34018
value 1024
time 34225
value 1024
time 33901
value 1024
time 34461
value 1024
time 34140
value 1024
time 35052
value 1024
time 34566
value 1024
time 35224
value 1024
time 34573
value 1024
time 34766
value 1024
time 34430
value 1024
time 34512
value 1024
time 35398
value 1024
time 35160
value 1024
time 34267
value 1024
time 34373
value 1024
time 34098
value 1024
time 34519
value 1024
time 34174
value 1024
time 33910
value 1024
time 33889
value 1024
time 33925
value 1024
time 34589
value 1024
time 33832
value 1024
time 34065
value 1024
time 34129
value 1024
time 34336
value 1024
time 34213
value 1024
time 34389
value 1024
time 34401
value 1024
time 34510
value 1024
time 34768
value 1024
time 34169
value 1024
time 34385
value 1024
time 34376
value 1024
time 34742
value 1024
time 34398
value 1024
time 34756
value 1024
time 34273
value 1024
time 35557
value 1024
time 35661
value 1024
time 34784
value 1024
time 34872
value 1024
time 35471
value 1024
time 35515
value 1024
time 35845
value 1024
time 34938
value 1024
time 35335
value 1024
time 34135
value 1024
time 35615
value 1024
time 35120
value 1024
time 34824
value 1024
time 34622
value 1024
time 35217
value 1024
time 34536
value 1024
time 34348
value 1024
time 34617
value 1024
time 34748
value 1024
time 35515
value 1024
time 34975
value 1024
time 35038
value 1024
time 35200
value 1024
time 34298
value 1024
time 35100
value 1024
time 35544
value 1024
time 35558
value 1024
time 34852
value 1024
time 36680
value 1024
time 35339
value 1024
time 35009
value 1024
time 35769
value 1024
time 34342
value 1024
time 34935
value 1024
time 34732
value 1024
time 34319
value 1024
time 34784
value 1024
time 34572
value 1024
time 35298
value 1024
time 36803
value 1024
time 34315
