#
# A fatal error has been detected by the Java Runtime Environment:
#
#  SIGBUS (0x7) at pc=0x00007f6aa4a5a13d, pid=5802, tid=140096059541248
#
# JRE version: 7.0_21-b02
# Java VM: OpenJDK 64-Bit Server VM (23.7-b01 mixed mode linux-amd64 compressed oops)
# Problematic frame:
# C  [libzip.so+0x513d]  Java_java_util_zip_ZipFile_getZipMessage+0x114d
#
# Failed to write core dump. Core dumps have been disabled. To enable core dumping, try "ulimit -c unlimited" before starting Java again
#
# If you would like to submit a bug report, please include
# instructions on how to reproduce the bug and visit:
#   https://bugs.launchpad.net/ubuntu/+source/openjdk-7/
# The crash happened outside the Java Virtual Machine in native code.
# See problematic frame for where to report the bug.
#

---------------  T H R E A D  ---------------

Current thread (0x00007f6aa0009000):  JavaThread "main" [_thread_in_native, id=5804, stack(0x00007f6aa7cd0000,0x00007f6aa7dd1000)]

siginfo:si_signo=SIGBUS: si_errno=0, si_code=2 (BUS_ADRERR), si_addr=0x00007f6aa7c0f488

Registers:
RAX=0x00007f6aa04f05e0, RBX=0x00007f6aa02c5dc0, RCX=0x00007f6aa7c0f46b, RDX=0x00007f6aa04f05e0
RSP=0x00007f6aa7dcc1b0, RBP=0x00007f6aa7dcc210, RSI=0x0000000000000000, RDI=0x0000000000000003
R8 =0x00007f6aa7dcc280, R9 =0x0000000000000078, R10=0x0000000000000005, R11=0x00007f6aa7789d40
R12=0x00007f6aa02c6a90, R13=0x00007f6aa04eff80, R14=0x00007f6aa04f05e0, R15=0x000000002947c706
RIP=0x00007f6aa4a5a13d, EFLAGS=0x0000000000010202, CSGSFS=0x0000000000000033, ERR=0x0000000000000004
  TRAPNO=0x000000000000000e

Top of Stack: (sp=0x00007f6aa7dcc1b0)
0x00007f6aa7dcc1b0:   00007f6aa7dcc210 00007f6aa653afc9
0x00007f6aa7dcc1c0:   00000000a6f6ba30 00007f6aa69c679c
0x00007f6aa7dcc1d0:   00007f6a9d038a44 00007f6aa7dcc280
0x00007f6aa7dcc1e0:   00007f6aa7dcc280 00007f6aa02c6a88
0x00007f6aa7dcc1f0:   00007f6aa7dcc280 00007f6aa04eff80
0x00007f6aa7dcc200:   00007f6aa02c5dc0 000000002947c706
0x00007f6aa7dcc210:   00007f6aa7dcc260 00007f6aa4a5ae30
0x00007f6aa7dcc220:   00007f6aa7dcc240 00000020a686b038
0x00007f6aa7dcc230:   00007f6aa0009000 00007f6aa7dcc280
0x00007f6aa7dcc240:   00007f6aa7dcc6d8 00007f6aa7dcc280
0x00007f6aa7dcc250:   0000000000000020 00007f6aa00091d8
0x00007f6aa7dcc260:   00007f6aa7dcc6c0 00007f6aa4a58ac3
0x00007f6aa7dcc270:   00000001a7dcc708 00007f6aa02c5dc0
0x00007f6aa7dcc280:   632d676e69727073 332d747865746e6f
0x00007f6aa7dcc290:   4c45522e372e302e 72616a2e45534145
0x00007f6aa7dcc2a0:   00000001a7dcc300 00007f6aa02bb290
0x00007f6aa7dcc2b0:   632d676e69727073 332d747865746e6f
0x00007f6aa7dcc2c0:   4c45522e372e302e 72616a2e45534145
0x00007f6aa7dcc2d0:   00007f6a9d03002f 00007f6a9d126f74
0x00007f6aa7dcc2e0:   00007f6a9d126ff0 00007f6a9d126d00
0x00007f6aa7dcc2f0:   00007f6a9d038a44 00007f6aa6a7129e
0x00007f6aa7dcc300:   00007f6aa7dcc488 000000077b4b3438
0x00007f6aa7dcc310:   00007f6aa0009c48 00007f6aa0009920
0x00007f6aa7dcc320:   00007f6aa6f6ba30 0000000000000000
0x00007f6aa7dcc330:   00007f6a9d038a44 00007f6a9d126f74
0x00007f6aa7dcc340:   00007f6a9d126ff0 00007f6a9d126d00
0x00007f6aa7dcc350:   00007f6a9d038a44 00007f6aa7dc0014
0x00007f6aa7dcc360:   00007f6aa6b7e009 0000000000000000
0x00007f6aa7dcc370:   0000000000000000 0000000000000000
0x00007f6aa7dcc380:   0000000000000000 0000000000000000
0x00007f6aa7dcc390:   0000000000000000 0000000000000000
0x00007f6aa7dcc3a0:   0000000000000000 0000000000000000 

Instructions: (pc=0x00007f6aa4a5a13d)
0x00007f6aa4a5a11d:   73 48 48 8b 7b 10 b9 a0 00 00 00 49 8b 14 24 e8
0x00007f6aa4a5a12d:   7f fe ff ff 48 89 c1 48 85 c9 0f 84 7b 02 00 00
0x00007f6aa4a5a13d:   0f b6 51 1d 0f b6 41 1c 45 31 e4 0f b6 71 0c 0f
0x00007f6aa4a5a14d:   b6 79 0e 44 0f b6 79 1f c1 e2 08 09 c2 0f b6 41 

Register to memory mapping:

RAX=0x00007f6aa04f05e0 is an unknown value
RBX=0x00007f6aa02c5dc0 is an unknown value
RCX=0x00007f6aa7c0f46b is an unknown value
RDX=0x00007f6aa04f05e0 is an unknown value
RSP=0x00007f6aa7dcc1b0 is pointing into the stack for thread: 0x00007f6aa0009000
RBP=0x00007f6aa7dcc210 is pointing into the stack for thread: 0x00007f6aa0009000
RSI=0x0000000000000000 is an unknown value
RDI=0x0000000000000003 is an unknown value
R8 =0x00007f6aa7dcc280 is pointing into the stack for thread: 0x00007f6aa0009000
R9 =0x0000000000000078 is an unknown value
R10=0x0000000000000005 is an unknown value
R11=0x00007f6aa7789d40: <offset 0x18cd40> in /lib/x86_64-linux-gnu/libc.so.6 at 0x00007f6aa75fd000
R12=0x00007f6aa02c6a90 is an unknown value
R13=0x00007f6aa04eff80 is an unknown value
R14=0x00007f6aa04f05e0 is an unknown value
R15=0x000000002947c706 is an unknown value


Stack: [0x00007f6aa7cd0000,0x00007f6aa7dd1000],  sp=0x00007f6aa7dcc1b0,  free space=1008k
Native frames: (J=compiled Java code, j=interpreted, Vv=VM code, C=native code)
C  [libzip.so+0x513d]  Java_java_util_zip_ZipFile_getZipMessage+0x114d
C  [libzip.so+0x5e30]  ZIP_GetEntry+0xd0
C  [libzip.so+0x3ac3]  Java_java_util_zip_ZipFile_getEntry+0xb3
J  java.util.zip.ZipFile.getEntry(J[BZ)J

Java frames: (J=compiled Java code, j=interpreted, Vv=VM code)
J  java.util.zip.ZipFile.getEntry(J[BZ)J
J  java.util.jar.JarFile.getEntry(Ljava/lang/String;)Ljava/util/zip/ZipEntry;
J  sun.misc.URLClassPath$JarLoader.getResource(Ljava/lang/String;Z)Lsun/misc/Resource;
J  java.net.URLClassLoader$2.run()Ljava/lang/Object;
v  ~StubRoutines::call_stub
J  java.security.AccessController.doPrivileged(Ljava/security/PrivilegedAction;Ljava/security/AccessControlContext;)Ljava/lang/Object;
J  java.net.URLClassLoader.findResource(Ljava/lang/String;)Ljava/net/URL;
J  java.lang.ClassLoader.getResource(Ljava/lang/String;)Ljava/net/URL;
J  java.net.URLClassLoader.getResourceAsStream(Ljava/lang/String;)Ljava/io/InputStream;
J  org.eclipse.jdt.internal.jarinjarloader.RsrcURLConnection.getInputStream()Ljava/io/InputStream;
J  sun.net.www.protocol.jar.URLJarFile.retrieve(Ljava/net/URL;Lsun/net/www/protocol/jar/URLJarFile$URLJarFileCloseController;)Ljava/util/jar/JarFile;
J  sun.net.www.protocol.jar.JarURLConnection.connect()V
J  sun.net.www.protocol.jar.JarURLConnection.getInputStream()Ljava/io/InputStream;
J  sun.misc.URLClassPath$Loader.getResource(Ljava/lang/String;Z)Lsun/misc/Resource;
J  sun.misc.URLClassPath.getResource(Ljava/lang/String;Z)Lsun/misc/Resource;
j  java.net.URLClassLoader$1.run()Ljava/lang/Class;+26
j  java.net.URLClassLoader$1.run()Ljava/lang/Object;+1
v  ~StubRoutines::call_stub
j  java.security.AccessController.doPrivileged(Ljava/security/PrivilegedExceptionAction;Ljava/security/AccessControlContext;)Ljava/lang/Object;+0
j  java.net.URLClassLoader.findClass(Ljava/lang/String;)Ljava/lang/Class;+13
j  java.lang.ClassLoader.loadClass(Ljava/lang/String;Z)Ljava/lang/Class;+70
j  java.lang.ClassLoader.loadClass(Ljava/lang/String;)Ljava/lang/Class;+3
v  ~StubRoutines::call_stub
j  com.ibm.wsdl.extensions.PopulatedExtensionRegistry.<init>()V+951
j  com.ibm.wsdl.factory.WSDLFactoryImpl.newPopulatedExtensionRegistry()Ljavax/wsdl/extensions/ExtensionRegistry;+4
j  org.apache.cxf.wsdl11.WSDLManagerImpl.<init>()V+16
j  org.apache.cxf.wsdl11.WSDLManagerImpl.<init>(Lorg/apache/cxf/Bus;)V+1
v  ~StubRoutines::call_stub
j  sun.reflect.NativeConstructorAccessorImpl.newInstance0(Ljava/lang/reflect/Constructor;[Ljava/lang/Object;)Ljava/lang/Object;+0
j  sun.reflect.NativeConstructorAccessorImpl.newInstance([Ljava/lang/Object;)Ljava/lang/Object;+72
j  sun.reflect.DelegatingConstructorAccessorImpl.newInstance([Ljava/lang/Object;)Ljava/lang/Object;+5
j  java.lang.reflect.Constructor.newInstance([Ljava/lang/Object;)Ljava/lang/Object;+80
j  org.apache.cxf.bus.extension.Extension.load(Ljava/lang/ClassLoader;Lorg/apache/cxf/Bus;)Ljava/lang/Object;+53
j  org.apache.cxf.bus.extension.ExtensionManagerImpl.loadAndRegister(Lorg/apache/cxf/bus/extension/Extension;)V+68
j  org.apache.cxf.bus.extension.ExtensionManagerImpl.getBeansOfType(Ljava/lang/Class;)Ljava/util/Collection;+79
j  org.apache.cxf.bus.CXFBusImpl.getExtension(Ljava/lang/Class;)Ljava/lang/Object;+61
j  org.apache.cxf.wsdl11.WSDLServiceFactory.<init>(Lorg/apache/cxf/Bus;Ljava/lang/String;)V+17
j  org.apache.cxf.endpoint.dynamic.DynamicClientFactory.createClient(Ljava/lang/String;Ljavax/xml/namespace/QName;Ljava/lang/ClassLoader;Ljavax/xml/namespace/QName;Ljava/util/List;)Lorg/apache/cxf/endpoint/Client;+52
j  org.apache.cxf.endpoint.dynamic.DynamicClientFactory.createClient(Ljava/lang/String;Ljavax/xml/namespace/QName;Ljava/lang/ClassLoader;Ljavax/xml/namespace/QName;)Lorg/apache/cxf/endpoint/Client;+7
j  org.apache.cxf.endpoint.dynamic.DynamicClientFactory.createClient(Ljava/lang/String;Ljavax/xml/namespace/QName;Ljavax/xml/namespace/QName;)Lorg/apache/cxf/endpoint/Client;+5
j  org.apache.cxf.endpoint.dynamic.DynamicClientFactory.createClient(Ljava/lang/String;)Lorg/apache/cxf/endpoint/Client;+10
j  proxy.webservice.handlers.WsInvoker.<init>(Ljava/lang/String;)V+11
j  proxy.Proxy.addWebService(Ljava/lang/String;)V+5
j  proxy.ChoreographyEndpointRealWorld.setUpWebService(Ljava/lang/String;Ljava/lang/String;[Ljava/lang/String;)V+78
j  proxy.ChoreographyEndpointRealWorld.main([Ljava/lang/String;)V+187
v  ~StubRoutines::call_stub
j  sun.reflect.NativeMethodAccessorImpl.invoke0(Ljava/lang/reflect/Method;Ljava/lang/Object;[Ljava/lang/Object;)Ljava/lang/Object;+0
j  sun.reflect.NativeMethodAccessorImpl.invoke(Ljava/lang/Object;[Ljava/lang/Object;)Ljava/lang/Object;+87
j  sun.reflect.DelegatingMethodAccessorImpl.invoke(Ljava/lang/Object;[Ljava/lang/Object;)Ljava/lang/Object;+6
j  java.lang.reflect.Method.invoke(Ljava/lang/Object;[Ljava/lang/Object;)Ljava/lang/Object;+57
j  org.eclipse.jdt.internal.jarinjarloader.JarRsrcLoader.main([Ljava/lang/String;)V+195
v  ~StubRoutines::call_stub

---------------  P R O C E S S  ---------------

Java Threads: ( => current thread )
  0x00007f6aa074c800 JavaThread "GC Daemon" daemon [_thread_blocked, id=5821, stack(0x00007f6a87771000,0x00007f6a87872000)]
  0x00007f6aa025f000 JavaThread "Service Thread" daemon [_thread_blocked, id=5819, stack(0x00007f6a8d273000,0x00007f6a8d374000)]
  0x00007f6aa025c800 JavaThread "C2 CompilerThread1" daemon [_thread_blocked, id=5818, stack(0x00007f6a8d374000,0x00007f6a8d475000)]
  0x00007f6aa0259800 JavaThread "C2 CompilerThread0" daemon [_thread_blocked, id=5817, stack(0x00007f6a8d475000,0x00007f6a8d576000)]
  0x00007f6aa0257800 JavaThread "Signal Dispatcher" daemon [_thread_blocked, id=5816, stack(0x00007f6a8d576000,0x00007f6a8d677000)]
  0x00007f6aa0201800 JavaThread "Finalizer" daemon [_thread_blocked, id=5815, stack(0x00007f6a8d942000,0x00007f6a8da43000)]
  0x00007f6aa01ff000 JavaThread "Reference Handler" daemon [_thread_blocked, id=5814, stack(0x00007f6a8da43000,0x00007f6a8db44000)]
=>0x00007f6aa0009000 JavaThread "main" [_thread_in_native, id=5804, stack(0x00007f6aa7cd0000,0x00007f6aa7dd1000)]

Other Threads:
  0x00007f6aa01f7000 VMThread [stack: 0x00007f6a8db44000,0x00007f6a8dc45000] [id=5813]
  0x00007f6aa0269800 WatcherThread [stack: 0x00007f6a8d172000,0x00007f6a8d273000] [id=5820]

VM state:not at safepoint (normal execution)

VM Mutex/Monitor currently owned by a thread: None

Heap
 PSYoungGen      total 27456K, used 26923K [0x00000007d70b0000, 0x00000007da000000, 0x0000000800000000)
  eden space 18240K, 97% used [0x00000007d70b0000,0x00000007d8200e20,0x00000007d8280000)
  from space 9216K, 99% used [0x00000007d82d0000,0x00000007d8bca0c8,0x00000007d8bd0000)
  to   space 15104K, 0% used [0x00000007d9140000,0x00000007d9140000,0x00000007da000000)
 ParOldGen       total 83904K, used 49209K [0x0000000785200000, 0x000000078a3f0000, 0x00000007d70b0000)
  object space 83904K, 58% used [0x0000000785200000,0x000000078820e5f8,0x000000078a3f0000)
 PSPermGen       total 21248K, used 8909K [0x000000077ac00000, 0x000000077c0c0000, 0x0000000785200000)
  object space 21248K, 41% used [0x000000077ac00000,0x000000077b4b3458,0x000000077c0c0000)

Card table byte_map: [0x00007f6aa462a000,0x00007f6aa4a55000] byte_map_base: 0x00007f6aa0a54000

Polling page: 0x00007f6aa7df2000

Code Cache  [0x00007f6a9d000000, 0x00007f6a9d270000, 0x00007f6aa0000000)
 total_blobs=686 nmethods=434 adapters=204 free_code_cache=47805Kb largest_free_block=48913472

Compilation events (10 events):
Event: 111.851 Thread 0x00007f6aa025c800  432             java.util.Properties::loadConvert (505 bytes)
Event: 111.869 Thread 0x00007f6aa025c800 nmethod 432 0x00007f6a9d081b50 code [0x00007f6a9d081ce0, 0x00007f6a9d082618]
Event: 113.115 Thread 0x00007f6aa0259800  433   !         sun.misc.URLClassPath$JarLoader::getResource (91 bytes)
Event: 113.142 Thread 0x00007f6aa0259800 nmethod 433 0x00007f6a9d14ec90 code [0x00007f6a9d14eea0, 0x00007f6a9d14f630]
Event: 118.257 Thread 0x00007f6aa025c800  434             java.net.URL::getAuthority (5 bytes)
Event: 118.257 Thread 0x00007f6aa025c800 nmethod 434 0x00007f6a9d0cf450 code [0x00007f6a9d0cf580, 0x00007f6a9d0cf5f8]
Event: 124.029 Thread 0x00007f6aa0259800  435             java.net.URL::getQuery (5 bytes)
Event: 124.029 Thread 0x00007f6aa0259800 nmethod 435 0x00007f6a9d080910 code [0x00007f6a9d080a40, 0x00007f6a9d080ab8]
Event: 152.887 Thread 0x00007f6aa025c800  438             sun.security.provider.DigestBase::engineUpdate (188 bytes)
Event: 152.900 Thread 0x00007f6aa025c800 nmethod 438 0x00007f6a9d13b4d0 code [0x00007f6a9d13b640, 0x00007f6a9d13ba18]

GC Heap History (10 events):
Event: 139.936 GC heap before
{Heap before GC invocations=27 (full 0):
 PSYoungGen      total 35264K, used 29861K [0x00000007d70b0000, 0x00000007da320000, 0x0000000800000000)
  eden space 19904K, 100% used [0x00000007d70b0000,0x00000007d8420000,0x00000007d8420000)
  from space 15360K, 64% used [0x00000007d9420000,0x00000007d9dd9490,0x00000007da320000)
  to   space 15872K, 0% used [0x00000007d8420000,0x00000007d8420000,0x00000007d93a0000)
 ParOldGen       total 83904K, used 48673K [0x0000000785200000, 0x000000078a3f0000, 0x00000007d70b0000)
  object space 83904K, 58% used [0x0000000785200000,0x00000007881885c8,0x000000078a3f0000)
 PSPermGen       total 21248K, used 8766K [0x000000077ac00000, 0x000000077c0c0000, 0x0000000785200000)
  object space 21248K, 41% used [0x000000077ac00000,0x000000077b48f910,0x000000077c0c0000)
Event: 139.946 GC heap after
Heap after GC invocations=27 (full 0):
 PSYoungGen      total 29312K, used 9765K [0x00000007d70b0000, 0x00000007da280000, 0x0000000800000000)
  eden space 19520K, 0% used [0x00000007d70b0000,0x00000007d70b0000,0x00000007d83c0000)
  from space 9792K, 99% used [0x00000007d8420000,0x00000007d8da9428,0x00000007d8db0000)
  to   space 15744K, 0% used [0x00000007d9320000,0x00000007d9320000,0x00000007da280000)
 ParOldGen       total 83904K, used 48769K [0x0000000785200000, 0x000000078a3f0000, 0x00000007d70b0000)
  object space 83904K, 58% used [0x0000000785200000,0x00000007881a05c8,0x000000078a3f0000)
 PSPermGen       total 21248K, used 8766K [0x000000077ac00000, 0x000000077c0c0000, 0x0000000785200000)
  object space 21248K, 41% used [0x000000077ac00000,0x000000077b48f910,0x000000077c0c0000)
}
Event: 144.898 GC heap before
{Heap before GC invocations=28 (full 0):
 PSYoungGen      total 29312K, used 29285K [0x00000007d70b0000, 0x00000007da280000, 0x0000000800000000)
  eden space 19520K, 100% used [0x00000007d70b0000,0x00000007d83c0000,0x00000007d83c0000)
  from space 9792K, 99% used [0x00000007d8420000,0x00000007d8da9428,0x00000007d8db0000)
  to   space 15744K, 0% used [0x00000007d9320000,0x00000007d9320000,0x00000007da280000)
 ParOldGen       total 83904K, used 48769K [0x0000000785200000, 0x000000078a3f0000, 0x00000007d70b0000)
  object space 83904K, 58% used [0x0000000785200000,0x00000007881a05c8,0x000000078a3f0000)
 PSPermGen       total 21248K, used 8797K [0x000000077ac00000, 0x000000077c0c0000, 0x0000000785200000)
  object space 21248K, 41% used [0x000000077ac00000,0x000000077b4974e8,0x000000077c0c0000)
Event: 144.905 GC heap after
Heap after GC invocations=28 (full 0):
 PSYoungGen      total 34240K, used 9700K [0x00000007d70b0000, 0x00000007da1d0000, 0x0000000800000000)
  eden space 19200K, 0% used [0x00000007d70b0000,0x00000007d70b0000,0x00000007d8370000)
  from space 15040K, 64% used [0x00000007d9320000,0x00000007d9c993e0,0x00000007da1d0000)
  to   space 15552K, 0% used [0x00000007d8370000,0x00000007d8370000,0x00000007d92a0000)
 ParOldGen       total 83904K, used 48881K [0x0000000785200000, 0x000000078a3f0000, 0x00000007d70b0000)
  object space 83904K, 58% used [0x0000000785200000,0x00000007881bc5d8,0x000000078a3f0000)
 PSPermGen       total 21248K, used 8797K [0x000000077ac00000, 0x000000077c0c0000, 0x0000000785200000)
  object space 21248K, 41% used [0x000000077ac00000,0x000000077b4974e8,0x000000077c0c0000)
}
Event: 150.845 GC heap before
{Heap before GC invocations=29 (full 0):
 PSYoungGen      total 34240K, used 28900K [0x00000007d70b0000, 0x00000007da1d0000, 0x0000000800000000)
  eden space 19200K, 100% used [0x00000007d70b0000,0x00000007d8370000,0x00000007d8370000)
  from space 15040K, 64% used [0x00000007d9320000,0x00000007d9c993e0,0x00000007da1d0000)
  to   space 15552K, 0% used [0x00000007d8370000,0x00000007d8370000,0x00000007d92a0000)
 ParOldGen       total 83904K, used 48881K [0x0000000785200000, 0x000000078a3f0000, 0x00000007d70b0000)
  object space 83904K, 58% used [0x0000000785200000,0x00000007881bc5d8,0x000000078a3f0000)
 PSPermGen       total 21248K, used 8822K [0x000000077ac00000, 0x000000077c0c0000, 0x0000000785200000)
  object space 21248K, 41% used [0x000000077ac00000,0x000000077b49d8b8,0x000000077c0c0000)
Event: 150.864 GC heap after
Heap after GC invocations=29 (full 0):
 PSYoungGen      total 28352K, used 9421K [0x00000007d70b0000, 0x00000007da140000, 0x0000000800000000)
  eden space 18880K, 0% used [0x00000007d70b0000,0x00000007d70b0000,0x00000007d8320000)
  from space 9472K, 99% used [0x00000007d8370000,0x00000007d8ca3480,0x00000007d8cb0000)
  to   space 15424K, 0% used [0x00000007d9230000,0x00000007d9230000,0x00000007da140000)
 ParOldGen       total 83904K, used 48985K [0x0000000785200000, 0x000000078a3f0000, 0x00000007d70b0000)
  object space 83904K, 58% used [0x0000000785200000,0x00000007881d65e8,0x000000078a3f0000)
 PSPermGen       total 21248K, used 8822K [0x000000077ac00000, 0x000000077c0c0000, 0x0000000785200000)
  object space 21248K, 41% used [0x000000077ac00000,0x000000077b49d8b8,0x000000077c0c0000)
}
Event: 155.897 GC heap before
{Heap before GC invocations=30 (full 0):
 PSYoungGen      total 28352K, used 28301K [0x00000007d70b0000, 0x00000007da140000, 0x0000000800000000)
  eden space 18880K, 100% used [0x00000007d70b0000,0x00000007d8320000,0x00000007d8320000)
  from space 9472K, 99% used [0x00000007d8370000,0x00000007d8ca3480,0x00000007d8cb0000)
  to   space 15424K, 0% used [0x00000007d9230000,0x00000007d9230000,0x00000007da140000)
 ParOldGen       total 83904K, used 48985K [0x0000000785200000, 0x000000078a3f0000, 0x00000007d70b0000)
  object space 83904K, 58% used [0x0000000785200000,0x00000007881d65e8,0x000000078a3f0000)
 PSPermGen       total 21248K, used 8855K [0x000000077ac00000, 0x000000077c0c0000, 0x0000000785200000)
  object space 21248K, 41% used [0x000000077ac00000,0x000000077b4a5fa0,0x000000077c0c0000)
Event: 155.904 GC heap after
Heap after GC invocations=30 (full 0):
 PSYoungGen      total 33280K, used 9350K [0x00000007d70b0000, 0x00000007da090000, 0x0000000800000000)
  eden space 18560K, 0% used [0x00000007d70b0000,0x00000007d70b0000,0x00000007d82d0000)
  from space 14720K, 63% used [0x00000007d9230000,0x00000007d9b51a68,0x00000007da090000)
  to   space 15232K, 0% used [0x00000007d82d0000,0x00000007d82d0000,0x00000007d91b0000)
 ParOldGen       total 83904K, used 49089K [0x0000000785200000, 0x000000078a3f0000, 0x00000007d70b0000)
  object space 83904K, 58% used [0x0000000785200000,0x00000007881f05e8,0x000000078a3f0000)
 PSPermGen       total 21248K, used 8855K [0x000000077ac00000, 0x000000077c0c0000, 0x0000000785200000)
  object space 21248K, 41% used [0x000000077ac00000,0x000000077b4a5fa0,0x000000077c0c0000)
}
Event: 160.544 GC heap before
{Heap before GC invocations=31 (full 0):
 PSYoungGen      total 33280K, used 27910K [0x00000007d70b0000, 0x00000007da090000, 0x0000000800000000)
  eden space 18560K, 100% used [0x00000007d70b0000,0x00000007d82d0000,0x00000007d82d0000)
  from space 14720K, 63% used [0x00000007d9230000,0x00000007d9b51a68,0x00000007da090000)
  to   space 15232K, 0% used [0x00000007d82d0000,0x00000007d82d0000,0x00000007d91b0000)
 ParOldGen       total 83904K, used 49089K [0x0000000785200000, 0x000000078a3f0000, 0x00000007d70b0000)
  object space 83904K, 58% used [0x0000000785200000,0x00000007881f05e8,0x000000078a3f0000)
 PSPermGen       total 21248K, used 8885K [0x000000077ac00000, 0x000000077c0c0000, 0x0000000785200000)
  object space 21248K, 41% used [0x000000077ac00000,0x000000077b4ad650,0x000000077c0c0000)
Event: 160.562 GC heap after
Heap after GC invocations=31 (full 0):
 PSYoungGen      total 27456K, used 9192K [0x00000007d70b0000, 0x00000007da000000, 0x0000000800000000)
  eden space 18240K, 0% used [0x00000007d70b0000,0x00000007d70b0000,0x00000007d8280000)
  from space 9216K, 99% used [0x00000007d82d0000,0x00000007d8bca0c8,0x00000007d8bd0000)
  to   space 15104K, 0% used [0x00000007d9140000,0x00000007d9140000,0x00000007da000000)
 ParOldGen       total 83904K, used 49209K [0x0000000785200000, 0x000000078a3f0000, 0x00000007d70b0000)
  object space 83904K, 58% used [0x0000000785200000,0x000000078820e5f8,0x000000078a3f0000)
 PSPermGen       total 21248K, used 8885K [0x000000077ac00000, 0x000000077c0c0000, 0x0000000785200000)
  object space 21248K, 41% used [0x000000077ac00000,0x000000077b4ad650,0x000000077c0c0000)
}

Deoptimization events (10 events):
Event: 72.441 Thread 0x00007f6aa0009000 Uncommon trap -83 fr.pc 0x00007f6a9d0e26e8
Event: 104.451 Thread 0x00007f6aa0009000 Uncommon trap -34 fr.pc 0x00007f6a9d068d08
Event: 106.478 Thread 0x00007f6aa0009000 Uncommon trap -83 fr.pc 0x00007f6a9d0a892c
Event: 140.020 Thread 0x00007f6aa0009000 Uncommon trap -34 fr.pc 0x00007f6a9d0d0368
Event: 140.025 Thread 0x00007f6aa0009000 Uncommon trap -34 fr.pc 0x00007f6a9d0d0368
Event: 141.230 Thread 0x00007f6aa0009000 Uncommon trap -34 fr.pc 0x00007f6a9d0d0368
Event: 141.231 Thread 0x00007f6aa0009000 Uncommon trap -34 fr.pc 0x00007f6a9d0d0368
Event: 150.864 Thread 0x00007f6aa0201800 Uncommon trap -83 fr.pc 0x00007f6a9d0c3558
Event: 160.563 Thread 0x00007f6aa0201800 Uncommon trap -83 fr.pc 0x00007f6a9d0bfec4
Event: 165.029 Thread 0x00007f6aa0009000 Uncommon trap -58 fr.pc 0x00007f6a9d11229c

Internal exceptions (10 events):
Event: 106.478 Thread 0x00007f6aa0009000 Implicit null exception at 0x00007f6a9d0a7e8f to 0x00007f6a9d0a8908
Event: 107.623 Thread 0x00007f6aa0009000 Threw 0x00000007d77ac1d0 at /build/buildd/openjdk-7-7u21-2.3.9/build/openjdk/hotspot/src/share/vm/prims/jvm.cpp:1166
Event: 108.449 Thread 0x00007f6aa0009000 Threw 0x00000007d7ba1070 at /build/buildd/openjdk-7-7u21-2.3.9/build/openjdk/hotspot/src/share/vm/prims/jvm.cpp:1166
Event: 109.684 Thread 0x00007f6aa0009000 Threw 0x00000007d80ee5e8 at /build/buildd/openjdk-7-7u21-2.3.9/build/openjdk/hotspot/src/share/vm/prims/jvm.cpp:1166
Event: 111.475 Thread 0x00007f6aa0009000 Threw 0x00000007d70f0b70 at /build/buildd/openjdk-7-7u21-2.3.9/build/openjdk/hotspot/src/share/vm/prims/jvm.cpp:1166
Event: 112.403 Thread 0x00007f6aa0009000 Threw 0x00000007d74e1d50 at /build/buildd/openjdk-7-7u21-2.3.9/build/openjdk/hotspot/src/share/vm/prims/jvm.cpp:1166
Event: 113.819 Thread 0x00007f6aa0009000 Threw 0x00000007d7a28178 at /build/buildd/openjdk-7-7u21-2.3.9/build/openjdk/hotspot/src/share/vm/prims/jvm.cpp:1166
Event: 118.256 Thread 0x00007f6aa0009000 Threw 0x00000007d746d0e8 at /build/buildd/openjdk-7-7u21-2.3.9/build/openjdk/hotspot/src/share/vm/prims/jni.cpp:716
Event: 165.030 Thread 0x00007f6aa0009000 Threw 0x00000007d81a9850 at /build/buildd/openjdk-7-7u21-2.3.9/build/openjdk/hotspot/src/share/vm/prims/jni.cpp:716
Event: 165.030 Thread 0x00007f6aa0009000 Threw 0x00000007d81a9b48 at /build/buildd/openjdk-7-7u21-2.3.9/build/openjdk/hotspot/src/share/vm/prims/jvm.cpp:1166

Events (10 events):
Event: 163.381 loading class 0x00007f6aa03f40e0
Event: 163.381 loading class 0x00007f6aa03f40e0 done
Event: 164.171 loading class 0x00007f6aa0366670
Event: 164.171 loading class 0x00007f6aa0366670 done
Event: 164.735 loading class 0x00007f6aa03666c0
Event: 164.735 loading class 0x00007f6aa03666c0 done
Event: 165.029 Thread 0x00007f6aa0009000 DEOPT PACKING pc=0x00007f6a9d11229c sp=0x00007f6aa7dca140
Event: 165.029 Thread 0x00007f6aa0009000 DEOPT UNPACKING pc=0x00007f6a9d039145 sp=0x00007f6aa7dca058 mode 2
Event: 165.030 loading class 0x00007f6aa0276540
Event: 165.030 loading class 0x00007f6aa0276540 done


Dynamic libraries:
00400000-00401000 r-xp 00000000 08:07 393949                             /usr/lib/jvm/java-7-openjdk-amd64/jre/bin/java
00600000-00601000 r--p 00000000 08:07 393949                             /usr/lib/jvm/java-7-openjdk-amd64/jre/bin/java
00601000-00602000 rw-p 00001000 08:07 393949                             /usr/lib/jvm/java-7-openjdk-amd64/jre/bin/java
00fec000-0100d000 rw-p 00000000 00:00 0                                  [heap]
77ac00000-77c0c0000 rw-p 00000000 00:00 0 
77c0c0000-785200000 rw-p 00000000 00:00 0 
785200000-78a3f0000 rw-p 00000000 00:00 0 
78a3f0000-7d70b0000 rw-p 00000000 00:00 0 
7d70b0000-7da000000 rw-p 00000000 00:00 0 
7da000000-7db1d0000 ---p 00000000 00:00 0 
7db1d0000-800000000 rw-p 00000000 00:00 0 
7f6a40000000-7f6a40021000 rw-p 00000000 00:00 0 
7f6a40021000-7f6a44000000 ---p 00000000 00:00 0 
7f6a44000000-7f6a44021000 rw-p 00000000 00:00 0 
7f6a44021000-7f6a48000000 ---p 00000000 00:00 0 
7f6a48000000-7f6a487bf000 rw-p 00000000 00:00 0 
7f6a487bf000-7f6a4c000000 ---p 00000000 00:00 0 
7f6a4c000000-7f6a4c021000 rw-p 00000000 00:00 0 
7f6a4c021000-7f6a50000000 ---p 00000000 00:00 0 
7f6a50000000-7f6a50021000 rw-p 00000000 00:00 0 
7f6a50021000-7f6a54000000 ---p 00000000 00:00 0 
7f6a54000000-7f6a549aa000 rw-p 00000000 00:00 0 
7f6a549aa000-7f6a58000000 ---p 00000000 00:00 0 
7f6a58000000-7f6a58021000 rw-p 00000000 00:00 0 
7f6a58021000-7f6a5c000000 ---p 00000000 00:00 0 
7f6a5c000000-7f6a5c021000 rw-p 00000000 00:00 0 
7f6a5c021000-7f6a60000000 ---p 00000000 00:00 0 
7f6a60000000-7f6a60021000 rw-p 00000000 00:00 0 
7f6a60021000-7f6a64000000 ---p 00000000 00:00 0 
7f6a67d60000-7f6a6c000000 rw-p 00000000 00:00 0 
7f6a6c000000-7f6a6c021000 rw-p 00000000 00:00 0 
7f6a6c021000-7f6a70000000 ---p 00000000 00:00 0 
7f6a70000000-7f6a70021000 rw-p 00000000 00:00 0 
7f6a70021000-7f6a74000000 ---p 00000000 00:00 0 
7f6a78000000-7f6a78021000 rw-p 00000000 00:00 0 
7f6a78021000-7f6a7c000000 ---p 00000000 00:00 0 
7f6a80000000-7f6a80021000 rw-p 00000000 00:00 0 
7f6a80021000-7f6a84000000 ---p 00000000 00:00 0 
7f6a86235000-7f6a862a5000 r-xp 00000000 08:07 796208                     /usr/lib/x86_64-linux-gnu/nss/libfreebl3.so
7f6a862a5000-7f6a864a4000 ---p 00070000 08:07 796208                     /usr/lib/x86_64-linux-gnu/nss/libfreebl3.so
7f6a864a4000-7f6a864a6000 r--p 0006f000 08:07 796208                     /usr/lib/x86_64-linux-gnu/nss/libfreebl3.so
7f6a864a6000-7f6a864a7000 rw-p 00071000 08:07 796208                     /usr/lib/x86_64-linux-gnu/nss/libfreebl3.so
7f6a864a7000-7f6a864ab000 rw-p 00000000 00:00 0 
7f6a864ab000-7f6a86552000 r-xp 00000000 08:07 394596                     /usr/lib/x86_64-linux-gnu/libsqlite3.so.0.8.6
7f6a86552000-7f6a86752000 ---p 000a7000 08:07 394596                     /usr/lib/x86_64-linux-gnu/libsqlite3.so.0.8.6
7f6a86752000-7f6a86754000 r--p 000a7000 08:07 394596                     /usr/lib/x86_64-linux-gnu/libsqlite3.so.0.8.6
7f6a86754000-7f6a86756000 rw-p 000a9000 08:07 394596                     /usr/lib/x86_64-linux-gnu/libsqlite3.so.0.8.6
7f6a86756000-7f6a86757000 rw-p 00000000 00:00 0 
7f6a86757000-7f6a86798000 r-xp 00000000 08:07 800801                     /usr/lib/x86_64-linux-gnu/nss/libsoftokn3.so
7f6a86798000-7f6a86997000 ---p 00041000 08:07 800801                     /usr/lib/x86_64-linux-gnu/nss/libsoftokn3.so
7f6a86997000-7f6a86999000 r--p 00040000 08:07 800801                     /usr/lib/x86_64-linux-gnu/nss/libsoftokn3.so
7f6a86999000-7f6a8699a000 rw-p 00042000 08:07 800801                     /usr/lib/x86_64-linux-gnu/nss/libsoftokn3.so
7f6a8699a000-7f6a869d3000 r-xp 00000000 08:07 392620                     /usr/lib/x86_64-linux-gnu/libnspr4.so
7f6a869d3000-7f6a86bd2000 ---p 00039000 08:07 392620                     /usr/lib/x86_64-linux-gnu/libnspr4.so
7f6a86bd2000-7f6a86bd3000 r--p 00038000 08:07 392620                     /usr/lib/x86_64-linux-gnu/libnspr4.so
7f6a86bd3000-7f6a86bd4000 rw-p 00039000 08:07 392620                     /usr/lib/x86_64-linux-gnu/libnspr4.so
7f6a86bd4000-7f6a86bd7000 rw-p 00000000 00:00 0 
7f6a86bd7000-7f6a86bda000 r-xp 00000000 08:07 392662                     /usr/lib/x86_64-linux-gnu/libplds4.so
7f6a86bda000-7f6a86dd9000 ---p 00003000 08:07 392662                     /usr/lib/x86_64-linux-gnu/libplds4.so
7f6a86dd9000-7f6a86dda000 r--p 00002000 08:07 392662                     /usr/lib/x86_64-linux-gnu/libplds4.so
7f6a86dda000-7f6a86ddb000 rw-p 00003000 08:07 392662                     /usr/lib/x86_64-linux-gnu/libplds4.so
7f6a86ddb000-7f6a86ddf000 r-xp 00000000 08:07 392597                     /usr/lib/x86_64-linux-gnu/libplc4.so
7f6a86ddf000-7f6a86fde000 ---p 00004000 08:07 392597                     /usr/lib/x86_64-linux-gnu/libplc4.so
7f6a86fde000-7f6a86fdf000 r--p 00003000 08:07 392597                     /usr/lib/x86_64-linux-gnu/libplc4.so
7f6a86fdf000-7f6a86fe0000 rw-p 00004000 08:07 392597                     /usr/lib/x86_64-linux-gnu/libplc4.so
7f6a86fe0000-7f6a87004000 r-xp 00000000 08:07 398567                     /usr/lib/x86_64-linux-gnu/libnssutil3.so
7f6a87004000-7f6a87203000 ---p 00024000 08:07 398567                     /usr/lib/x86_64-linux-gnu/libnssutil3.so
7f6a87203000-7f6a87209000 r--p 00023000 08:07 398567                     /usr/lib/x86_64-linux-gnu/libnssutil3.so
7f6a87209000-7f6a8720a000 rw-p 00029000 08:07 398567                     /usr/lib/x86_64-linux-gnu/libnssutil3.so
7f6a8720a000-7f6a8733a000 r-xp 00000000 08:07 393671                     /usr/lib/x86_64-linux-gnu/libnss3.so
7f6a8733a000-7f6a87539000 ---p 00130000 08:07 393671                     /usr/lib/x86_64-linux-gnu/libnss3.so
7f6a87539000-7f6a8753e000 r--p 0012f000 08:07 393671                     /usr/lib/x86_64-linux-gnu/libnss3.so
7f6a8753e000-7f6a87540000 rw-p 00134000 08:07 393671                     /usr/lib/x86_64-linux-gnu/libnss3.so
7f6a87540000-7f6a87541000 rw-p 00000000 00:00 0 
7f6a8755d000-7f6a8755e000 rw-p 00000000 00:00 0 
7f6a8755e000-7f6a8756e000 r-xp 00000000 08:07 393940                     /usr/lib/jvm/java-7-openjdk-amd64/jre/lib/amd64/libj2pkcs11.so
7f6a8756e000-7f6a8776d000 ---p 00010000 08:07 393940                     /usr/lib/jvm/java-7-openjdk-amd64/jre/lib/amd64/libj2pkcs11.so
7f6a8776d000-7f6a8776e000 r--p 0000f000 08:07 393940                     /usr/lib/jvm/java-7-openjdk-amd64/jre/lib/amd64/libj2pkcs11.so
7f6a8776e000-7f6a8776f000 rw-p 00010000 08:07 393940                     /usr/lib/jvm/java-7-openjdk-amd64/jre/lib/amd64/libj2pkcs11.so
7f6a8776f000-7f6a87771000 r--s 00015000 08:07 393779                     /usr/lib/jvm/java-7-openjdk-common/jre/lib/jce.jar
7f6a87771000-7f6a87774000 ---p 00000000 00:00 0 
7f6a87774000-7f6a87872000 rw-p 00000000 00:00 0                          [stack:5821]
7f6a87872000-7f6a87878000 r--s 00036000 08:07 131675                     /tmp/jar_cache5195964996266298970.tmp (deleted)
7f6a87878000-7f6a8787a000 r--s 00005000 08:07 131661                     /tmp/jar_cache1587438291663695256.tmp (deleted)
7f6a8787a000-7f6a8787e000 r--s 00015000 08:07 131613                     /tmp/jar_cache6964208181723845428.tmp (deleted)
7f6a8787e000-7f6a87880000 r--s 00008000 08:07 131606                     /tmp/jar_cache1093920315775153272.tmp (deleted)
7f6a87880000-7f6a87884000 r--s 0002a000 08:07 131704                     /tmp/jar_cache1429477695486558650.tmp (deleted)
7f6a87884000-7f6a87888000 r--s 00029000 08:07 131690                     /tmp/jar_cache5022179911239245751.tmp (deleted)
7f6a87888000-7f6a8788c000 r--s 00031000 08:07 131651                     /tmp/jar_cache7627874907508926734.tmp (deleted)
7f6a8788c000-7f6a8789b000 r--s 00076000 08:07 131698                     /tmp/jar_cache2226371551629115327.tmp (deleted)
7f6a8789b000-7f6a878a2000 r--s 00032000 08:07 131679                     /tmp/jar_cache8426029224391053318.tmp (deleted)
7f6a878a2000-7f6a878a3000 r--s 0000c000 08:07 131668                     /tmp/jar_cache2566675429119835635.tmp (deleted)
7f6a878a3000-7f6a878a9000 r--s 00065000 08:07 131621                     /tmp/jar_cache7933655141786805856.tmp (deleted)
7f6a878a9000-7f6a878ab000 r--s 00010000 08:07 131695                     /tmp/jar_cache7777083680254338130.tmp (deleted)
7f6a878ab000-7f6a878ac000 r--s 00004000 08:07 131691                     /tmp/jar_cache3161113565824163557.tmp (deleted)
7f6a878ac000-7f6a878af000 r--s 0001a000 08:07 131686                     /tmp/jar_cache8454060334204430670.tmp (deleted)
7f6a878af000-7f6a878b0000 r--s 0000a000 08:07 131676                     /tmp/jar_cache7095154307352041487.tmp (deleted)
7f6a878b0000-7f6a878b3000 r--s 0001a000 08:07 131632                     /tmp/jar_cache3298465733213040814.tmp (deleted)
7f6a878b3000-7f6a878b4000 r--s 00003000 08:07 131602                     /tmp/jar_cache4141232487582511681.tmp (deleted)
7f6a878b4000-7f6a878b6000 r--s 0000a000 08:07 131576                     /tmp/jar_cache1520826493167670928.tmp (deleted)
7f6a878b6000-7f6a878bc000 r--s 00054000 08:07 131681                     /tmp/jar_cache7517734117479070063.tmp (deleted)
7f6a878bc000-7f6a878c5000 r--s 000cc000 08:07 131664                     /tmp/jar_cache1061352233511576248.tmp (deleted)
7f6a878c5000-7f6a878c9000 r--s 00024000 08:07 131629                     /tmp/jar_cache6565790619733749547.tmp (deleted)
7f6a878c9000-7f6a878ce000 r--s 00029000 08:07 131680                     /tmp/jar_cache8031856965474097245.tmp (deleted)
7f6a878ce000-7f6a878d3000 r--s 00068000 08:07 131628                     /tmp/jar_cache859280316311885179.tmp (deleted)
7f6a878d3000-7f6a878d9000 r--s 00055000 08:07 131653                     /tmp/jar_cache7725686757817449961.tmp (deleted)
7f6a878d9000-7f6a878de000 r--s 0002c000 08:07 131620                     /tmp/jar_cache6692504675235181995.tmp (deleted)
7f6a878de000-7f6a878ec000 r--s 0007f000 08:07 131571                     /tmp/jar_cache1688001775880793524.tmp (deleted)
7f6a878ec000-7f6a8790d000 r--s 00162000 08:07 131694                     /tmp/jar_cache6809049575254708332.tmp (deleted)
7f6a8790d000-7f6a8790f000 r--s 00002000 08:07 131689                     /tmp/jar_cache7047020543768218057.tmp (deleted)
7f6a8790f000-7f6a87914000 r--s 00041000 08:07 131640                     /tmp/jar_cache5345154885331127787.tmp (deleted)
7f6a87914000-7f6a87917000 r--s 00012000 08:07 131692                     /tmp/jar_cache6546006072290949521.tmp (deleted)
7f6a87917000-7f6a8792a000 r--s 000e5000 08:07 131673                     /tmp/jar_cache7946934459277642606.tmp (deleted)
7f6a8792a000-7f6a8792c000 r--s 00009000 08:07 131665                     /tmp/jar_cache1780765821511831114.tmp (deleted)
7f6a8792c000-7f6a8796a000 r--s 0025b000 08:07 131648                     /tmp/jar_cache464427903062374402.tmp (deleted)
7f6a8796a000-7f6a8798f000 r--s 002e3000 08:07 131678                     /tmp/jar_cache7975031737283821452.tmp (deleted)
7f6a8798f000-7f6a8799f000 r--s 00086000 08:07 131564                     /tmp/jar_cache465019591983583853.tmp (deleted)
7f6a8799f000-7f6a879dc000 r-xp 00000000 08:07 1573645                    /lib/x86_64-linux-gnu/libpcre.so.3.13.1
7f6a879dc000-7f6a87bdc000 ---p 0003d000 08:07 1573645                    /lib/x86_64-linux-gnu/libpcre.so.3.13.1
7f6a87bdc000-7f6a87bdd000 r--p 0003d000 08:07 1573645                    /lib/x86_64-linux-gnu/libpcre.so.3.13.1
7f6a87bdd000-7f6a87bde000 rw-p 0003e000 08:07 1573645                    /lib/x86_64-linux-gnu/libpcre.so.3.13.1
7f6a87bde000-7f6a87be5000 r-xp 00000000 08:07 393359                     /usr/lib/x86_64-linux-gnu/libffi.so.6.0.1
7f6a87be5000-7f6a87de4000 ---p 00007000 08:07 393359                     /usr/lib/x86_64-linux-gnu/libffi.so.6.0.1
7f6a87de4000-7f6a87de5000 r--p 00006000 08:07 393359                     /usr/lib/x86_64-linux-gnu/libffi.so.6.0.1
7f6a87de5000-7f6a87de6000 rw-p 00007000 08:07 393359                     /usr/lib/x86_64-linux-gnu/libffi.so.6.0.1
7f6a87de6000-7f6a87dfc000 r-xp 00000000 08:07 1570027                    /lib/x86_64-linux-gnu/libresolv-2.17.so
7f6a87dfc000-7f6a87ffc000 ---p 00016000 08:07 1570027                    /lib/x86_64-linux-gnu/libresolv-2.17.so
7f6a87ffc000-7f6a87ffd000 r--p 00016000 08:07 1570027                    /lib/x86_64-linux-gnu/libresolv-2.17.so
7f6a87ffd000-7f6a87ffe000 rw-p 00017000 08:07 1570027                    /lib/x86_64-linux-gnu/libresolv-2.17.so
7f6a87ffe000-7f6a88000000 rw-p 00000000 00:00 0 
7f6a88000000-7f6a88021000 rw-p 00000000 00:00 0 
7f6a88021000-7f6a8c000000 ---p 00000000 00:00 0 
7f6a8c000000-7f6a8c009000 r--s 0006f000 08:07 131650                     /tmp/jar_cache4094191401099875158.tmp (deleted)
7f6a8c009000-7f6a8c048000 r--s 00312000 08:07 131647                     /tmp/jar_cache6517987016266706542.tmp (deleted)
7f6a8c048000-7f6a8c059000 r--s 00093000 08:07 131654                     /tmp/jar_cache3355793385081726540.tmp (deleted)
7f6a8c059000-7f6a8c081000 r--s 00123000 08:07 131630                     /tmp/jar_cache5416131412631587789.tmp (deleted)
7f6a8c081000-7f6a8c09e000 r-xp 00000000 08:07 1573711                    /lib/x86_64-linux-gnu/libselinux.so.1
7f6a8c09e000-7f6a8c29d000 ---p 0001d000 08:07 1573711                    /lib/x86_64-linux-gnu/libselinux.so.1
7f6a8c29d000-7f6a8c29e000 r--p 0001c000 08:07 1573711                    /lib/x86_64-linux-gnu/libselinux.so.1
7f6a8c29e000-7f6a8c29f000 rw-p 0001d000 08:07 1573711                    /lib/x86_64-linux-gnu/libselinux.so.1
7f6a8c29f000-7f6a8c2a0000 rw-p 00000000 00:00 0 
7f6a8c2a0000-7f6a8c2a3000 r-xp 00000000 08:07 392500                     /usr/lib/x86_64-linux-gnu/libgmodule-2.0.so.0.3600.0
7f6a8c2a3000-7f6a8c4a2000 ---p 00003000 08:07 392500                     /usr/lib/x86_64-linux-gnu/libgmodule-2.0.so.0.3600.0
7f6a8c4a2000-7f6a8c4a3000 r--p 00002000 08:07 392500                     /usr/lib/x86_64-linux-gnu/libgmodule-2.0.so.0.3600.0
7f6a8c4a3000-7f6a8c4a4000 rw-p 00003000 08:07 392500                     /usr/lib/x86_64-linux-gnu/libgmodule-2.0.so.0.3600.0
7f6a8c4a4000-7f6a8c59d000 r-xp 00000000 08:07 1577027                    /lib/x86_64-linux-gnu/libglib-2.0.so.0.3600.0
7f6a8c59d000-7f6a8c79d000 ---p 000f9000 08:07 1577027                    /lib/x86_64-linux-gnu/libglib-2.0.so.0.3600.0
7f6a8c79d000-7f6a8c79e000 r--p 000f9000 08:07 1577027                    /lib/x86_64-linux-gnu/libglib-2.0.so.0.3600.0
7f6a8c79e000-7f6a8c79f000 rw-p 000fa000 08:07 1577027                    /lib/x86_64-linux-gnu/libglib-2.0.so.0.3600.0
7f6a8c79f000-7f6a8c7a0000 rw-p 00000000 00:00 0 
7f6a8c7a0000-7f6a8c7ed000 r-xp 00000000 08:07 392503                     /usr/lib/x86_64-linux-gnu/libgobject-2.0.so.0.3600.0
7f6a8c7ed000-7f6a8c9ed000 ---p 0004d000 08:07 392503                     /usr/lib/x86_64-linux-gnu/libgobject-2.0.so.0.3600.0
7f6a8c9ed000-7f6a8c9ee000 r--p 0004d000 08:07 392503                     /usr/lib/x86_64-linux-gnu/libgobject-2.0.so.0.3600.0
7f6a8c9ee000-7f6a8c9ef000 rw-p 0004e000 08:07 392503                     /usr/lib/x86_64-linux-gnu/libgobject-2.0.so.0.3600.0
7f6a8c9ef000-7f6a8cb42000 r-xp 00000000 08:07 392511                     /usr/lib/x86_64-linux-gnu/libgio-2.0.so.0.3600.0
7f6a8cb42000-7f6a8cd41000 ---p 00153000 08:07 392511                     /usr/lib/x86_64-linux-gnu/libgio-2.0.so.0.3600.0
7f6a8cd41000-7f6a8cd45000 r--p 00152000 08:07 392511                     /usr/lib/x86_64-linux-gnu/libgio-2.0.so.0.3600.0
7f6a8cd45000-7f6a8cd47000 rw-p 00156000 08:07 392511                     /usr/lib/x86_64-linux-gnu/libgio-2.0.so.0.3600.0
7f6a8cd47000-7f6a8cd49000 rw-p 00000000 00:00 0 
7f6a8cd49000-7f6a8cd5f000 r-xp 00000000 08:07 393923                     /usr/lib/jvm/java-7-openjdk-amd64/jre/lib/amd64/libnet.so
7f6a8cd5f000-7f6a8cf5e000 ---p 00016000 08:07 393923                     /usr/lib/jvm/java-7-openjdk-amd64/jre/lib/amd64/libnet.so
7f6a8cf5e000-7f6a8cf5f000 r--p 00015000 08:07 393923                     /usr/lib/jvm/java-7-openjdk-amd64/jre/lib/amd64/libnet.so
7f6a8cf5f000-7f6a8cf60000 rw-p 00016000 08:07 393923                     /usr/lib/jvm/java-7-openjdk-amd64/jre/lib/amd64/libnet.so
7f6a8cf60000-7f6a8cf70000 r-xp 00000000 08:07 393919                     /usr/lib/jvm/java-7-openjdk-amd64/jre/lib/amd64/libnio.so
7f6a8cf70000-7f6a8d170000 ---p 00010000 08:07 393919                     /usr/lib/jvm/java-7-openjdk-amd64/jre/lib/amd64/libnio.so
7f6a8d170000-7f6a8d171000 r--p 00010000 08:07 393919                     /usr/lib/jvm/java-7-openjdk-amd64/jre/lib/amd64/libnio.so
7f6a8d171000-7f6a8d172000 rw-p 00011000 08:07 393919                     /usr/lib/jvm/java-7-openjdk-amd64/jre/lib/amd64/libnio.so
7f6a8d172000-7f6a8d173000 ---p 00000000 00:00 0 
7f6a8d173000-7f6a8d273000 rw-p 00000000 00:00 0                          [stack:5820]
7f6a8d273000-7f6a8d276000 ---p 00000000 00:00 0 
7f6a8d276000-7f6a8d374000 rw-p 00000000 00:00 0                          [stack:5819]
7f6a8d374000-7f6a8d377000 ---p 00000000 00:00 0 
7f6a8d377000-7f6a8d475000 rw-p 00000000 00:00 0                          [stack:5818]
7f6a8d475000-7f6a8d478000 ---p 00000000 00:00 0 
7f6a8d478000-7f6a8d576000 rw-p 00000000 00:00 0                          [stack:5817]
7f6a8d576000-7f6a8d579000 ---p 00000000 00:00 0 
7f6a8d579000-7f6a8d677000 rw-p 00000000 00:00 0                          [stack:5816]
7f6a8d677000-7f6a8d942000 r--p 00000000 08:07 395044                     /usr/lib/locale/locale-archive
7f6a8d942000-7f6a8d945000 ---p 00000000 00:00 0 
7f6a8d945000-7f6a8da43000 rw-p 00000000 00:00 0                          [stack:5815]
7f6a8da43000-7f6a8da46000 ---p 00000000 00:00 0 
7f6a8da46000-7f6a8db44000 rw-p 00000000 00:00 0                          [stack:5814]
7f6a8db44000-7f6a8db45000 ---p 00000000 00:00 0 
7f6a8db45000-7f6a90000000 rw-p 00000000 00:00 0                          [stack:5813]
7f6a90000000-7f6a90021000 rw-p 00000000 00:00 0 
7f6a90021000-7f6a94000000 ---p 00000000 00:00 0 
7f6a94000000-7f6a94021000 rw-p 00000000 00:00 0 
7f6a94021000-7f6a98000000 ---p 00000000 00:00 0 
7f6a98000000-7f6a98021000 rw-p 00000000 00:00 0 
7f6a98021000-7f6a9c000000 ---p 00000000 00:00 0 
7f6a9c000000-7f6a9c002000 r--s 0000a000 08:07 131636                     /tmp/jar_cache184659440824659106.tmp (deleted)
7f6a9c002000-7f6a9c00d000 r--s 0007d000 08:07 131669                     /tmp/jar_cache7163255400458880713.tmp (deleted)
7f6a9c00d000-7f6a9c010000 r--s 00014000 08:07 131658                     /tmp/jar_cache5609586484879421799.tmp (deleted)
7f6a9c010000-7f6a9c077000 r--s 005d0000 08:07 131641                     /tmp/jar_cache6122098404106462247.tmp (deleted)
7f6a9c077000-7f6a9c079000 r--s 00005000 08:07 131639                     /tmp/jar_cache2378220581018137802.tmp (deleted)
7f6a9c079000-7f6a9c07e000 r--s 0002b000 08:07 131589                     /tmp/jar_cache6275664840813520048.tmp (deleted)
7f6a9c07e000-7f6a9c086000 r--s 00061000 08:07 131599                     /tmp/jar_cache8257633406356617949.tmp (deleted)
7f6a9c086000-7f6a9c093000 r--s 0008f000 08:07 131642                     /tmp/jar_cache6126549691933789539.tmp (deleted)
7f6a9c093000-7f6a9c099000 r--s 00046000 08:07 131667                     /tmp/jar_cache632959612773878196.tmp (deleted)
7f6a9c099000-7f6a9c09e000 r--s 00032000 08:07 131645                     /tmp/jar_cache4921617942472360881.tmp (deleted)
7f6a9c09e000-7f6a9c0a3000 r--s 00032000 08:07 131656                     /tmp/jar_cache8313367676333813677.tmp (deleted)
7f6a9c0a3000-7f6a9c0a7000 r--s 00026000 08:07 131609                     /tmp/jar_cache7097667876150360341.tmp (deleted)
7f6a9c0a7000-7f6a9c0a9000 r--s 0000e000 08:07 131663                     /tmp/jar_cache1649465495793428117.tmp (deleted)
7f6a9c0a9000-7f6a9c0bf000 r--s 000f9000 08:07 131625                     /tmp/jar_cache8718004717810898160.tmp (deleted)
7f6a9c0bf000-7f6a9c0c1000 r--s 00006000 08:07 131605                     /tmp/jar_cache962731729376878928.tmp (deleted)
7f6a9c0c1000-7f6a9c0c3000 r--s 00008000 08:07 131592                     /tmp/jar_cache6669831345708598855.tmp (deleted)
7f6a9c0c3000-7f6a9c0c6000 r--s 0000c000 08:07 131542                     /tmp/jar_cache4998748615506474945.tmp (deleted)
7f6a9c0c6000-7f6a9c0da000 r--s 00077000 08:07 131631                     /tmp/jar_cache3674138190538390295.tmp (deleted)
7f6a9c0da000-7f6a9c94e000 rw-p 00000000 00:00 0 
7f6a9c94e000-7f6a9cafb000 r--s 01cde000 08:07 393911                     /usr/lib/jvm/java-7-openjdk-amd64/jre/lib/rt.jar
7f6a9cafb000-7f6a9cafc000 ---p 00000000 00:00 0 
7f6a9cafc000-7f6a9cbfc000 rw-p 00000000 00:00 0                          [stack:5812]
7f6a9cbfc000-7f6a9cbfd000 ---p 00000000 00:00 0 
7f6a9cbfd000-7f6a9ccfd000 rw-p 00000000 00:00 0                          [stack:5811]
7f6a9ccfd000-7f6a9ccfe000 ---p 00000000 00:00 0 
7f6a9ccfe000-7f6a9cdfe000 rw-p 00000000 00:00 0                          [stack:5810]
7f6a9cdfe000-7f6a9cdff000 ---p 00000000 00:00 0 
7f6a9cdff000-7f6a9ceff000 rw-p 00000000 00:00 0                          [stack:5809]
7f6a9ceff000-7f6a9cf00000 ---p 00000000 00:00 0 
7f6a9cf00000-7f6a9d000000 rw-p 00000000 00:00 0                          [stack:5808]
7f6a9d000000-7f6a9d270000 rwxp 00000000 00:00 0 
7f6a9d270000-7f6aa07e9000 rw-p 00000000 00:00 0 
7f6aa07e9000-7f6aa4000000 ---p 00000000 00:00 0 
7f6aa4000000-7f6aa4001000 r--s 0000a000 08:07 131638                     /tmp/jar_cache2895275823565467650.tmp (deleted)
7f6aa4001000-7f6aa4003000 r--s 00013000 08:07 131674                     /tmp/jar_cache8956772120176369702.tmp (deleted)
7f6aa4003000-7f6aa400c000 r--s 00046000 08:07 131660                     /tmp/jar_cache4194252603432967016.tmp (deleted)
7f6aa400c000-7f6aa400e000 r--s 00011000 08:07 131657                     /tmp/jar_cache1665098849670183614.tmp (deleted)
7f6aa400e000-7f6aa4011000 r--s 00041000 08:07 131615                     /tmp/jar_cache4007011956894605222.tmp (deleted)
7f6aa4011000-7f6aa4017000 r--s 00070000 08:07 131586                     /tmp/jar_cache1132524682261662028.tmp (deleted)
7f6aa4017000-7f6aa4030000 r--s 00112000 08:07 131659                     /tmp/jar_cache2520965060358312262.tmp (deleted)
7f6aa4030000-7f6aa4033000 r--s 00014000 08:07 131633                     /tmp/jar_cache8393214975196359256.tmp (deleted)
7f6aa4033000-7f6aa403c000 r--s 00055000 08:07 131581                     /tmp/jar_cache4129056079202518049.tmp (deleted)
7f6aa403c000-7f6aa4044000 r--s 00066000 08:07 131597                     /tmp/jar_cache3704606073492468248.tmp (deleted)
7f6aa4044000-7f6aa4045000 ---p 00000000 00:00 0 
7f6aa4045000-7f6aa4145000 rw-p 00000000 00:00 0                          [stack:5807]
7f6aa4145000-7f6aa4146000 ---p 00000000 00:00 0 
7f6aa4146000-7f6aa4246000 rw-p 00000000 00:00 0                          [stack:5806]
7f6aa4246000-7f6aa4247000 ---p 00000000 00:00 0 
7f6aa4247000-7f6aa4352000 rw-p 00000000 00:00 0                          [stack:5805]
7f6aa4352000-7f6aa439a000 rw-p 00000000 00:00 0 
7f6aa439a000-7f6aa43c3000 rw-p 00000000 00:00 0 
7f6aa43c3000-7f6aa462a000 rw-p 00000000 00:00 0 
7f6aa462a000-7f6aa4635000 rw-p 00000000 00:00 0 
7f6aa4635000-7f6aa467d000 rw-p 00000000 00:00 0 
7f6aa467d000-7f6aa46a6000 rw-p 00000000 00:00 0 
7f6aa46a6000-7f6aa490c000 rw-p 00000000 00:00 0 
7f6aa490c000-7f6aa4924000 rw-p 00000000 00:00 0 
7f6aa4924000-7f6aa492d000 ---p 00000000 00:00 0 
7f6aa492d000-7f6aa4a54000 rw-p 00000000 00:00 0 
7f6aa4a54000-7f6aa4a55000 rw-p 00000000 00:00 0 
7f6aa4a55000-7f6aa4a5d000 r-xp 00000000 08:07 393948                     /usr/lib/jvm/java-7-openjdk-amd64/jre/lib/amd64/libzip.so
7f6aa4a5d000-7f6aa4c5c000 ---p 00008000 08:07 393948                     /usr/lib/jvm/java-7-openjdk-amd64/jre/lib/amd64/libzip.so
7f6aa4c5c000-7f6aa4c5d000 r--p 00007000 08:07 393948                     /usr/lib/jvm/java-7-openjdk-amd64/jre/lib/amd64/libzip.so
7f6aa4c5d000-7f6aa4c5e000 rw-p 00008000 08:07 393948                     /usr/lib/jvm/java-7-openjdk-amd64/jre/lib/amd64/libzip.so
7f6aa4c5e000-7f6aa4c6a000 r-xp 00000000 08:07 1570053                    /lib/x86_64-linux-gnu/libnss_files-2.17.so
7f6aa4c6a000-7f6aa4e69000 ---p 0000c000 08:07 1570053                    /lib/x86_64-linux-gnu/libnss_files-2.17.so
7f6aa4e69000-7f6aa4e6a000 r--p 0000b000 08:07 1570053                    /lib/x86_64-linux-gnu/libnss_files-2.17.so
7f6aa4e6a000-7f6aa4e6b000 rw-p 0000c000 08:07 1570053                    /lib/x86_64-linux-gnu/libnss_files-2.17.so
7f6aa4e6b000-7f6aa4e76000 r-xp 00000000 08:07 1570047                    /lib/x86_64-linux-gnu/libnss_nis-2.17.so
7f6aa4e76000-7f6aa5075000 ---p 0000b000 08:07 1570047                    /lib/x86_64-linux-gnu/libnss_nis-2.17.so
7f6aa5075000-7f6aa5076000 r--p 0000a000 08:07 1570047                    /lib/x86_64-linux-gnu/libnss_nis-2.17.so
7f6aa5076000-7f6aa5077000 rw-p 0000b000 08:07 1570047                    /lib/x86_64-linux-gnu/libnss_nis-2.17.so
7f6aa5077000-7f6aa508e000 r-xp 00000000 08:07 1570017                    /lib/x86_64-linux-gnu/libnsl-2.17.so
7f6aa508e000-7f6aa528d000 ---p 00017000 08:07 1570017                    /lib/x86_64-linux-gnu/libnsl-2.17.so
7f6aa528d000-7f6aa528e000 r--p 00016000 08:07 1570017                    /lib/x86_64-linux-gnu/libnsl-2.17.so
7f6aa528e000-7f6aa528f000 rw-p 00017000 08:07 1570017                    /lib/x86_64-linux-gnu/libnsl-2.17.so
7f6aa528f000-7f6aa5291000 rw-p 00000000 00:00 0 
7f6aa5291000-7f6aa5299000 r-xp 00000000 08:07 1570037                    /lib/x86_64-linux-gnu/libnss_compat-2.17.so
7f6aa5299000-7f6aa5498000 ---p 00008000 08:07 1570037                    /lib/x86_64-linux-gnu/libnss_compat-2.17.so
7f6aa5498000-7f6aa5499000 r--p 00007000 08:07 1570037                    /lib/x86_64-linux-gnu/libnss_compat-2.17.so
7f6aa5499000-7f6aa549a000 rw-p 00008000 08:07 1570037                    /lib/x86_64-linux-gnu/libnss_compat-2.17.so
7f6aa549a000-7f6aa54c5000 r-xp 00000000 08:07 393933                     /usr/lib/jvm/java-7-openjdk-amd64/jre/lib/amd64/libjava.so
7f6aa54c5000-7f6aa56c4000 ---p 0002b000 08:07 393933                     /usr/lib/jvm/java-7-openjdk-amd64/jre/lib/amd64/libjava.so
7f6aa56c4000-7f6aa56c5000 r--p 0002a000 08:07 393933                     /usr/lib/jvm/java-7-openjdk-amd64/jre/lib/amd64/libjava.so
7f6aa56c5000-7f6aa56c7000 rw-p 0002b000 08:07 393933                     /usr/lib/jvm/java-7-openjdk-amd64/jre/lib/amd64/libjava.so
7f6aa56c7000-7f6aa56d6000 r-xp 00000000 08:07 393932                     /usr/lib/jvm/java-7-openjdk-amd64/jre/lib/amd64/libverify.so
7f6aa56d6000-7f6aa58d5000 ---p 0000f000 08:07 393932                     /usr/lib/jvm/java-7-openjdk-amd64/jre/lib/amd64/libverify.so
7f6aa58d5000-7f6aa58d7000 r--p 0000e000 08:07 393932                     /usr/lib/jvm/java-7-openjdk-amd64/jre/lib/amd64/libverify.so
7f6aa58d7000-7f6aa58d8000 rw-p 00010000 08:07 393932                     /usr/lib/jvm/java-7-openjdk-amd64/jre/lib/amd64/libverify.so
7f6aa58d8000-7f6aa58df000 r-xp 00000000 08:07 1570011                    /lib/x86_64-linux-gnu/librt-2.17.so
7f6aa58df000-7f6aa5ade000 ---p 00007000 08:07 1570011                    /lib/x86_64-linux-gnu/librt-2.17.so
7f6aa5ade000-7f6aa5adf000 r--p 00006000 08:07 1570011                    /lib/x86_64-linux-gnu/librt-2.17.so
7f6aa5adf000-7f6aa5ae0000 rw-p 00007000 08:07 1570011                    /lib/x86_64-linux-gnu/librt-2.17.so
7f6aa5ae0000-7f6aa5af4000 r-xp 00000000 08:07 1575403                    /lib/x86_64-linux-gnu/libgcc_s.so.1
7f6aa5af4000-7f6aa5cf4000 ---p 00014000 08:07 1575403                    /lib/x86_64-linux-gnu/libgcc_s.so.1
7f6aa5cf4000-7f6aa5cf5000 r--p 00014000 08:07 1575403                    /lib/x86_64-linux-gnu/libgcc_s.so.1
7f6aa5cf5000-7f6aa5cf6000 rw-p 00015000 08:07 1575403                    /lib/x86_64-linux-gnu/libgcc_s.so.1
7f6aa5cf6000-7f6aa5df9000 r-xp 00000000 08:07 1570043                    /lib/x86_64-linux-gnu/libm-2.17.so
7f6aa5df9000-7f6aa5ff9000 ---p 00103000 08:07 1570043                    /lib/x86_64-linux-gnu/libm-2.17.so
7f6aa5ff9000-7f6aa5ffa000 r--p 00103000 08:07 1570043                    /lib/x86_64-linux-gnu/libm-2.17.so
7f6aa5ffa000-7f6aa5ffb000 rw-p 00104000 08:07 1570043                    /lib/x86_64-linux-gnu/libm-2.17.so
7f6aa5ffb000-7f6aa60e0000 r-xp 00000000 08:07 396463                     /usr/lib/x86_64-linux-gnu/libstdc++.so.6.0.17
7f6aa60e0000-7f6aa62df000 ---p 000e5000 08:07 396463                     /usr/lib/x86_64-linux-gnu/libstdc++.so.6.0.17
7f6aa62df000-7f6aa62e7000 r--p 000e4000 08:07 396463                     /usr/lib/x86_64-linux-gnu/libstdc++.so.6.0.17
7f6aa62e7000-7f6aa62e9000 rw-p 000ec000 08:07 396463                     /usr/lib/x86_64-linux-gnu/libstdc++.so.6.0.17
7f6aa62e9000-7f6aa62fe000 rw-p 00000000 00:00 0 
7f6aa62fe000-7f6aa6cf9000 r-xp 00000000 08:07 393937                     /usr/lib/jvm/java-7-openjdk-amd64/jre/lib/amd64/server/libjvm.so
7f6aa6cf9000-7f6aa6ef8000 ---p 009fb000 08:07 393937                     /usr/lib/jvm/java-7-openjdk-amd64/jre/lib/amd64/server/libjvm.so
7f6aa6ef8000-7f6aa6f77000 r--p 009fa000 08:07 393937                     /usr/lib/jvm/java-7-openjdk-amd64/jre/lib/amd64/server/libjvm.so
7f6aa6f77000-7f6aa6f9a000 rw-p 00a79000 08:07 393937                     /usr/lib/jvm/java-7-openjdk-amd64/jre/lib/amd64/server/libjvm.so
7f6aa6f9a000-7f6aa6fc5000 rw-p 00000000 00:00 0 
7f6aa6fc5000-7f6aa6fdb000 r-xp 00000000 08:07 1570102                    /lib/x86_64-linux-gnu/libz.so.1.2.7
7f6aa6fdb000-7f6aa71da000 ---p 00016000 08:07 1570102                    /lib/x86_64-linux-gnu/libz.so.1.2.7
7f6aa71da000-7f6aa71db000 r--p 00015000 08:07 1570102                    /lib/x86_64-linux-gnu/libz.so.1.2.7
7f6aa71db000-7f6aa71dc000 rw-p 00016000 08:07 1570102                    /lib/x86_64-linux-gnu/libz.so.1.2.7
7f6aa71dc000-7f6aa71f4000 r-xp 00000000 08:07 1570041                    /lib/x86_64-linux-gnu/libpthread-2.17.so
7f6aa71f4000-7f6aa73f3000 ---p 00018000 08:07 1570041                    /lib/x86_64-linux-gnu/libpthread-2.17.so
7f6aa73f3000-7f6aa73f4000 r--p 00017000 08:07 1570041                    /lib/x86_64-linux-gnu/libpthread-2.17.so
7f6aa73f4000-7f6aa73f5000 rw-p 00018000 08:07 1570041                    /lib/x86_64-linux-gnu/libpthread-2.17.so
7f6aa73f5000-7f6aa73f9000 rw-p 00000000 00:00 0 
7f6aa73f9000-7f6aa73fc000 r-xp 00000000 08:07 1570033                    /lib/x86_64-linux-gnu/libdl-2.17.so
7f6aa73fc000-7f6aa75fb000 ---p 00003000 08:07 1570033                    /lib/x86_64-linux-gnu/libdl-2.17.so
7f6aa75fb000-7f6aa75fc000 r--p 00002000 08:07 1570033                    /lib/x86_64-linux-gnu/libdl-2.17.so
7f6aa75fc000-7f6aa75fd000 rw-p 00003000 08:07 1570033                    /lib/x86_64-linux-gnu/libdl-2.17.so
7f6aa75fd000-7f6aa77bb000 r-xp 00000000 08:07 1570031                    /lib/x86_64-linux-gnu/libc-2.17.so
7f6aa77bb000-7f6aa79ba000 ---p 001be000 08:07 1570031                    /lib/x86_64-linux-gnu/libc-2.17.so
7f6aa79ba000-7f6aa79be000 r--p 001bd000 08:07 1570031                    /lib/x86_64-linux-gnu/libc-2.17.so
7f6aa79be000-7f6aa79c0000 rw-p 001c1000 08:07 1570031                    /lib/x86_64-linux-gnu/libc-2.17.so
7f6aa79c0000-7f6aa79c5000 rw-p 00000000 00:00 0 
7f6aa79c5000-7f6aa79d2000 r-xp 00000000 08:07 393916                     /usr/lib/jvm/java-7-openjdk-amd64/jre/lib/amd64/jli/libjli.so
7f6aa79d2000-7f6aa7bd1000 ---p 0000d000 08:07 393916                     /usr/lib/jvm/java-7-openjdk-amd64/jre/lib/amd64/jli/libjli.so
7f6aa7bd1000-7f6aa7bd2000 r--p 0000c000 08:07 393916                     /usr/lib/jvm/java-7-openjdk-amd64/jre/lib/amd64/jli/libjli.so
7f6aa7bd2000-7f6aa7bd3000 rw-p 0000d000 08:07 393916                     /usr/lib/jvm/java-7-openjdk-amd64/jre/lib/amd64/jli/libjli.so
7f6aa7bd3000-7f6aa7bf6000 r-xp 00000000 08:07 1570023                    /lib/x86_64-linux-gnu/ld-2.17.so
7f6aa7bf6000-7f6aa7bf8000 r--s 0000d000 08:07 131617                     /tmp/jar_cache4172192680913801566.tmp (deleted)
7f6aa7bf8000-7f6aa7bfa000 r--s 00000000 08:07 131627                     /tmp/jar_cache4350057219191152376.tmp (deleted)
7f6aa7bfa000-7f6aa7bfc000 r--s 00006000 08:07 131612                     /tmp/jar_cache8764758025097619667.tmp (deleted)
7f6aa7bfc000-7f6aa7bff000 r--s 0000f000 08:07 131646                     /tmp/jar_cache6874383040277764503.tmp (deleted)
7f6aa7bff000-7f6aa7c04000 r--s 0004c000 08:07 393778                     /usr/lib/jvm/java-7-openjdk-common/jre/lib/jsse.jar
7f6aa7c04000-7f6aa7c0d000 r--s 000bc000 08:07 394721                     /usr/lib/jvm/java-7-openjdk-common/jre/lib/resources.jar
7f6aa7c0d000-7f6aa7c10000 r--s 01ef6000 08:05 13501129                   /home/felps/workspace/CloudTolerance/CloudToleranceEvaluation/jars/ChoreographyEndpointServiceRetryAlternate.jar
7f6aa7c10000-7f6aa7c1a000 rw-p 00000000 00:00 0 
7f6aa7c1a000-7f6aa7cd0000 rw-p 00000000 00:00 0 
7f6aa7cd0000-7f6aa7cd3000 ---p 00000000 00:00 0 
7f6aa7cd3000-7f6aa7dd6000 rw-p 00000000 00:00 0                          [stack:5804]
7f6aa7dd6000-7f6aa7dd7000 r--s 00002000 08:07 131655                     /tmp/jar_cache1906369185663429924.tmp (deleted)
7f6aa7dd7000-7f6aa7dda000 r--s 0003c000 08:07 394075                     /usr/lib/jvm/java-7-openjdk-common/jre/lib/ext/sunpkcs11.jar
7f6aa7dda000-7f6aa7ddc000 r--s 00012000 08:07 394716                     /usr/lib/jvm/java-7-openjdk-common/jre/lib/ext/zipfs.jar
7f6aa7ddc000-7f6aa7ddf000 r--s 00032000 08:07 394712                     /usr/lib/jvm/java-7-openjdk-common/jre/lib/ext/sunjce_provider.jar
7f6aa7ddf000-7f6aa7de3000 r--s 00085000 08:07 394077                     /usr/lib/jvm/java-7-openjdk-common/jre/lib/ext/localedata.jar
7f6aa7de3000-7f6aa7de6000 r--s 0000f000 08:07 394717                     /usr/lib/jvm/java-7-openjdk-common/jre/lib/ext/pulse-java.jar
7f6aa7de6000-7f6aa7de7000 r--s 00002000 08:07 394714                     /usr/lib/jvm/java-7-openjdk-common/jre/lib/ext/dnsns.jar
7f6aa7de7000-7f6aa7de9000 r--s 00006000 08:07 802087                     /usr/share/java/java-atk-wrapper.jar
7f6aa7de9000-7f6aa7df1000 rw-s 00000000 08:07 131626                     /tmp/hsperfdata_felps/5802
7f6aa7df1000-7f6aa7df2000 rw-p 00000000 00:00 0 
7f6aa7df2000-7f6aa7df3000 r--p 00000000 00:00 0 
7f6aa7df3000-7f6aa7df5000 rw-p 00000000 00:00 0 
7f6aa7df5000-7f6aa7df6000 r--p 00022000 08:07 1570023                    /lib/x86_64-linux-gnu/ld-2.17.so
7f6aa7df6000-7f6aa7df8000 rw-p 00023000 08:07 1570023                    /lib/x86_64-linux-gnu/ld-2.17.so
7fff5367c000-7fff5369d000 rw-p 00000000 00:00 0                          [stack]
7fff537fe000-7fff53800000 r-xp 00000000 00:00 0                          [vdso]
ffffffffff600000-ffffffffff601000 r-xp 00000000 00:00 0                  [vsyscall]

VM Arguments:
java_command: ChoreographyEndpointServiceRetryAlternate.jar http://0.0.0.0:22091/choreography http://127.0.0.1:22091/choreography?wsdl addOne http://godzilla.ime.usp.br:22091/Linear?wsdl http://godzilla.ime.usp.br:23091/Linear?wsdl http://godzilla.ime.usp.br:24091/Linear?wsdl
Launcher Type: SUN_STANDARD

Environment Variables:
PATH=/usr/local/sbin:/usr/local/bin:/usr/sbin:/usr/bin:/sbin:/bin:/usr/games:/usr/local/games
USERNAME=felps
SHELL=/bin/bash
DISPLAY=:0

Signal Handlers:
SIGSEGV: [libjvm.so+0x857ed0], sa_mask[0]=0x7ffbfeff, sa_flags=0x10000004
SIGBUS: [libjvm.so+0x857ed0], sa_mask[0]=0x7ffbfeff, sa_flags=0x10000004
SIGFPE: [libjvm.so+0x6f8ab0], sa_mask[0]=0x7ffbfeff, sa_flags=0x10000004
SIGPIPE: SIG_IGN, sa_mask[0]=0x00000000, sa_flags=0x00000000
SIGXFSZ: [libjvm.so+0x6f8ab0], sa_mask[0]=0x7ffbfeff, sa_flags=0x10000004
SIGILL: [libjvm.so+0x6f8ab0], sa_mask[0]=0x7ffbfeff, sa_flags=0x10000004
SIGUSR1: SIG_DFL, sa_mask[0]=0x00000000, sa_flags=0x00000000
SIGUSR2: [libjvm.so+0x6f8e80], sa_mask[0]=0x00000000, sa_flags=0x10000004
SIGHUP: [libjvm.so+0x6f8fc0], sa_mask[0]=0x7ffbfeff, sa_flags=0x10000004
SIGINT: SIG_IGN, sa_mask[0]=0x00000000, sa_flags=0x00000000
SIGTERM: [libjvm.so+0x6f8fc0], sa_mask[0]=0x7ffbfeff, sa_flags=0x10000004
SIGQUIT: [libjvm.so+0x6f8fc0], sa_mask[0]=0x7ffbfeff, sa_flags=0x10000004


---------------  S Y S T E M  ---------------

OS:Ubuntu 13.04 (raring)
uname:Linux 3.8.2-030802-generic #201303031906 SMP Mon Mar 4 00:07:09 UTC 2013 x86_64
libc:glibc 2.17 NPTL 2.17 
rlimit: STACK 8192k, CORE 0k, NPROC 62749, NOFILE 4096, AS infinity
load average:11.78 7.08 4.38

/proc/meminfo:
MemTotal:        8050052 kB
MemFree:          409556 kB
Buffers:          108588 kB
Cached:          2796740 kB
SwapCached:            0 kB
Active:          4138856 kB
Inactive:        2206764 kB
Active(anon):    3069912 kB
Inactive(anon):   953816 kB
Active(file):    1068944 kB
Inactive(file):  1252948 kB
Unevictable:         112 kB
Mlocked:             112 kB
SwapTotal:       4885500 kB
SwapFree:        4885476 kB
Dirty:              1560 kB
Writeback:             0 kB
AnonPages:       3423024 kB
Mapped:           336876 kB
Shmem:            583964 kB
Slab:            1143496 kB
SReclaimable:     888800 kB
SUnreclaim:       254696 kB
KernelStack:        7224 kB
PageTables:        45952 kB
NFS_Unstable:          0 kB
Bounce:                0 kB
WritebackTmp:          0 kB
CommitLimit:     8910524 kB
Committed_AS:    9677748 kB
VmallocTotal:   34359738367 kB
VmallocUsed:      583788 kB
VmallocChunk:   34359148540 kB
HardwareCorrupted:     0 kB
AnonHugePages:         0 kB
HugePages_Total:       0
HugePages_Free:        0
HugePages_Rsvd:        0
HugePages_Surp:        0
Hugepagesize:       2048 kB
DirectMap4k:       67584 kB
DirectMap2M:     8228864 kB


CPU:total 8 (4 cores per cpu, 2 threads per core) family 6 model 58 stepping 9, cmov, cx8, fxsr, mmx, sse, sse2, sse3, ssse3, sse4.1, sse4.2, popcnt, avx, ht, tsc, tscinvbit, tscinv

/proc/cpuinfo:
processor	: 0
vendor_id	: GenuineIntel
cpu family	: 6
model		: 58
model name	: Intel(R) Core(TM) i7-3612QM CPU @ 2.10GHz
stepping	: 9
microcode	: 0x15
cpu MHz		: 2100.000
cache size	: 6144 KB
physical id	: 0
siblings	: 8
core id		: 0
cpu cores	: 4
apicid		: 0
initial apicid	: 0
fpu		: yes
fpu_exception	: yes
cpuid level	: 13
wp		: yes
flags		: fpu vme de pse tsc msr pae mce cx8 apic sep mtrr pge mca cmov pat pse36 clflush dts acpi mmx fxsr sse sse2 ss ht tm pbe syscall nx rdtscp lm constant_tsc arch_perfmon pebs bts rep_good nopl xtopology nonstop_tsc aperfmperf eagerfpu pni pclmulqdq dtes64 monitor ds_cpl vmx est tm2 ssse3 cx16 xtpr pdcm pcid sse4_1 sse4_2 x2apic popcnt tsc_deadline_timer aes xsave avx f16c rdrand lahf_lm ida arat epb xsaveopt pln pts dtherm tpr_shadow vnmi flexpriority ept vpid fsgsbase smep erms
bogomips	: 4190.47
clflush size	: 64
cache_alignment	: 64
address sizes	: 36 bits physical, 48 bits virtual
power management:

processor	: 1
vendor_id	: GenuineIntel
cpu family	: 6
model		: 58
model name	: Intel(R) Core(TM) i7-3612QM CPU @ 2.10GHz
stepping	: 9
microcode	: 0x15
cpu MHz		: 2100.000
cache size	: 6144 KB
physical id	: 0
siblings	: 8
core id		: 0
cpu cores	: 4
apicid		: 1
initial apicid	: 1
fpu		: yes
fpu_exception	: yes
cpuid level	: 13
wp		: yes
flags		: fpu vme de pse tsc msr pae mce cx8 apic sep mtrr pge mca cmov pat pse36 clflush dts acpi mmx fxsr sse sse2 ss ht tm pbe syscall nx rdtscp lm constant_tsc arch_perfmon pebs bts rep_good nopl xtopology nonstop_tsc aperfmperf eagerfpu pni pclmulqdq dtes64 monitor ds_cpl vmx est tm2 ssse3 cx16 xtpr pdcm pcid sse4_1 sse4_2 x2apic popcnt tsc_deadline_timer aes xsave avx f16c rdrand lahf_lm ida arat epb xsaveopt pln pts dtherm tpr_shadow vnmi flexpriority ept vpid fsgsbase smep erms
bogomips	: 4190.47
clflush size	: 64
cache_alignment	: 64
address sizes	: 36 bits physical, 48 bits virtual
power management:

processor	: 2
vendor_id	: GenuineIntel
cpu family	: 6
model		: 58
model name	: Intel(R) Core(TM) i7-3612QM CPU @ 2.10GHz
stepping	: 9
microcode	: 0x15
cpu MHz		: 2100.000
cache size	: 6144 KB
physical id	: 0
siblings	: 8
core id		: 1
cpu cores	: 4
apicid		: 2
initial apicid	: 2
fpu		: yes
fpu_exception	: yes
cpuid level	: 13
wp		: yes
flags		: fpu vme de pse tsc msr pae mce cx8 apic sep mtrr pge mca cmov pat pse36 clflush dts acpi mmx fxsr sse sse2 ss ht tm pbe syscall nx rdtscp lm constant_tsc arch_perfmon pebs bts rep_good nopl xtopology nonstop_tsc aperfmperf eagerfpu pni pclmulqdq dtes64 monitor ds_cpl vmx est tm2 ssse3 cx16 xtpr pdcm pcid sse4_1 sse4_2 x2apic popcnt tsc_deadline_timer aes xsave avx f16c rdrand lahf_lm ida arat epb xsaveopt pln pts dtherm tpr_shadow vnmi flexpriority ept vpid fsgsbase smep erms
bogomips	: 4190.47
clflush size	: 64
cache_alignment	: 64
address sizes	: 36 bits physical, 48 bits virtual
power management:

processor	: 3
vendor_id	: GenuineIntel
cpu family	: 6
model		: 58
model name	: Intel(R) Core(TM) i7-3612QM CPU @ 2.10GHz
stepping	: 9
microcode	: 0x15
cpu MHz		: 2100.000
cache size	: 6144 KB
physical id	: 0
siblings	: 8
core id		: 1
cpu cores	: 4
apicid		: 3
initial apicid	: 3
fpu		: yes
fpu_exception	: yes
cpuid level	: 13
wp		: yes
flags		: fpu vme de pse tsc msr pae mce cx8 apic sep mtrr pge mca cmov pat pse36 clflush dts acpi mmx fxsr sse sse2 ss ht tm pbe syscall nx rdtscp lm constant_tsc arch_perfmon pebs bts rep_good nopl xtopology nonstop_tsc aperfmperf eagerfpu pni pclmulqdq dtes64 monitor ds_cpl vmx est tm2 ssse3 cx16 xtpr pdcm pcid sse4_1 sse4_2 x2apic popcnt tsc_deadline_timer aes xsave avx f16c rdrand lahf_lm ida arat epb xsaveopt pln pts dtherm tpr_shadow vnmi flexpriority ept vpid fsgsbase smep erms
bogomips	: 4190.47
clflush size	: 64
cache_alignment	: 64
address sizes	: 36 bits physical, 48 bits virtual
power management:

processor	: 4
vendor_id	: GenuineIntel
cpu family	: 6
model		: 58
model name	: Intel(R) Core(TM) i7-3612QM CPU @ 2.10GHz
stepping	: 9
microcode	: 0x15
cpu MHz		: 2100.000
cache size	: 6144 KB
physical id	: 0
siblings	: 8
core id		: 2
cpu cores	: 4
apicid		: 4
initial apicid	: 4
fpu		: yes
fpu_exception	: yes
cpuid level	: 13
wp		: yes
flags		: fpu vme de pse tsc msr pae mce cx8 apic sep mtrr pge mca cmov pat pse36 clflush dts acpi mmx fxsr sse sse2 ss ht tm pbe syscall nx rdtscp lm constant_tsc arch_perfmon pebs bts rep_good nopl xtopology nonstop_tsc aperfmperf eagerfpu pni pclmulqdq dtes64 monitor ds_cpl vmx est tm2 ssse3 cx16 xtpr pdcm pcid sse4_1 sse4_2 x2apic popcnt tsc_deadline_timer aes xsave avx f16c rdrand lahf_lm ida arat epb xsaveopt pln pts dtherm tpr_shadow vnmi flexpriority ept vpid fsgsbase smep erms
bogomips	: 4190.47
clflush size	: 64
cache_alignment	: 64
address sizes	: 36 bits physical, 48 bits virtual
power management:

processor	: 5
vendor_id	: GenuineIntel
cpu family	: 6
model		: 58
model name	: Intel(R) Core(TM) i7-3612QM CPU @ 2.10GHz
stepping	: 9
microcode	: 0x15
cpu MHz		: 2100.000
cache size	: 6144 KB
physical id	: 0
siblings	: 8
core id		: 2
cpu cores	: 4
apicid		: 5
initial apicid	: 5
fpu		: yes
fpu_exception	: yes
cpuid level	: 13
wp		: yes
flags		: fpu vme de pse tsc msr pae mce cx8 apic sep mtrr pge mca cmov pat pse36 clflush dts acpi mmx fxsr sse sse2 ss ht tm pbe syscall nx rdtscp lm constant_tsc arch_perfmon pebs bts rep_good nopl xtopology nonstop_tsc aperfmperf eagerfpu pni pclmulqdq dtes64 monitor ds_cpl vmx est tm2 ssse3 cx16 xtpr pdcm pcid sse4_1 sse4_2 x2apic popcnt tsc_deadline_timer aes xsave avx f16c rdrand lahf_lm ida arat epb xsaveopt pln pts dtherm tpr_shadow vnmi flexpriority ept vpid fsgsbase smep erms
bogomips	: 4190.47
clflush size	: 64
cache_alignment	: 64
address sizes	: 36 bits physical, 48 bits virtual
power management:

processor	: 6
vendor_id	: GenuineIntel
cpu family	: 6
model		: 58
model name	: Intel(R) Core(TM) i7-3612QM CPU @ 2.10GHz
stepping	: 9
microcode	: 0x15
cpu MHz		: 2100.000
cache size	: 6144 KB
physical id	: 0
siblings	: 8
core id		: 3
cpu cores	: 4
apicid		: 6
initial apicid	: 6
fpu		: yes
fpu_exception	: yes
cpuid level	: 13
wp		: yes
flags		: fpu vme de pse tsc msr pae mce cx8 apic sep mtrr pge mca cmov pat pse36 clflush dts acpi mmx fxsr sse sse2 ss ht tm pbe syscall nx rdtscp lm constant_tsc arch_perfmon pebs bts rep_good nopl xtopology nonstop_tsc aperfmperf eagerfpu pni pclmulqdq dtes64 monitor ds_cpl vmx est tm2 ssse3 cx16 xtpr pdcm pcid sse4_1 sse4_2 x2apic popcnt tsc_deadline_timer aes xsave avx f16c rdrand lahf_lm ida arat epb xsaveopt pln pts dtherm tpr_shadow vnmi flexpriority ept vpid fsgsbase smep erms
bogomips	: 4190.47
clflush size	: 64
cache_alignment	: 64
address sizes	: 36 bits physical, 48 bits virtual
power management:

processor	: 7
vendor_id	: GenuineIntel
cpu family	: 6
model		: 58
model name	: Intel(R) Core(TM) i7-3612QM CPU @ 2.10GHz
stepping	: 9
microcode	: 0x15
cpu MHz		: 2100.000
cache size	: 6144 KB
physical id	: 0
siblings	: 8
core id		: 3
cpu cores	: 4
apicid		: 7
initial apicid	: 7
fpu		: yes
fpu_exception	: yes
cpuid level	: 13
wp		: yes
flags		: fpu vme de pse tsc msr pae mce cx8 apic sep mtrr pge mca cmov pat pse36 clflush dts acpi mmx fxsr sse sse2 ss ht tm pbe syscall nx rdtscp lm constant_tsc arch_perfmon pebs bts rep_good nopl xtopology nonstop_tsc aperfmperf eagerfpu pni pclmulqdq dtes64 monitor ds_cpl vmx est tm2 ssse3 cx16 xtpr pdcm pcid sse4_1 sse4_2 x2apic popcnt tsc_deadline_timer aes xsave avx f16c rdrand lahf_lm ida arat epb xsaveopt pln pts dtherm tpr_shadow vnmi flexpriority ept vpid fsgsbase smep erms
bogomips	: 4190.47
clflush size	: 64
cache_alignment	: 64
address sizes	: 36 bits physical, 48 bits virtual
power management:



Memory: 4k page, physical 8050052k(436632k free), swap 4885500k(4885476k free)

vm_info: OpenJDK 64-Bit Server VM (23.7-b01) for linux-amd64 JRE (1.7.0_21-b02), built on Apr 22 2013 07:43:15 by "buildd" with gcc 4.7.3

time: Fri Jun  7 17:43:25 2013
elapsed time: 165 seconds

