#
# A fatal error has been detected by the Java Runtime Environment:
#
#  SIGBUS (0x7) at pc=0x00007fd81b9e313d, pid=5766, tid=140566275770112
#
# JRE version: 7.0_21-b02
# Java VM: OpenJDK 64-Bit Server VM (23.7-b01 mixed mode linux-amd64 compressed oops)
# Problematic frame:
# C  [libzip.so+0x513d]  Java_java_util_zip_ZipFile_getZipMessage+0x114d
#
# Failed to write core dump. Core dumps have been disabled. To enable core dumping, try "ulimit -c unlimited" before starting Java again
#
# If you would like to submit a bug report, please include
# instructions on how to reproduce the bug and visit:
#   https://bugs.launchpad.net/ubuntu/+source/openjdk-7/
# The crash happened outside the Java Virtual Machine in native code.
# See problematic frame for where to report the bug.
#

---------------  T H R E A D  ---------------

Current thread (0x00007fd81c009000):  JavaThread "main" [_thread_in_native, id=5768, stack(0x00007fd822df4000,0x00007fd822ef5000)]

siginfo:si_signo=SIGBUS: si_errno=0, si_code=2 (BUS_ADRERR), si_addr=0x00007fd822d32fa4

Registers:
RAX=0x00007fd81c69ae90, RBX=0x00007fd81c2c5dc0, RCX=0x00007fd822d32f87, RDX=0x00007fd81c69ae90
RSP=0x00007fd822eefb00, RBP=0x00007fd822eefb60, RSI=0x00007fd81c69ae80, RDI=0x0000000000000003
R8 =0x0000000000000000, R9 =0x0000000000000078, R10=0x00007fd818a63878, R11=0x00007fd8228add40
R12=0x00007fd81c2c68f8, R13=0x00007fd81c69e080, R14=0x00007fd81c69ae90, R15=0x000000001f089208
RIP=0x00007fd81b9e313d, EFLAGS=0x0000000000010206, CSGSFS=0x45a8000000000033, ERR=0x0000000000000004
  TRAPNO=0x000000000000000e

Top of Stack: (sp=0x00007fd822eefb00)
0x00007fd822eefb00:   00007fd822eefb90 00007fd822eefd98
0x00007fd822eefb10:   0000000022eefd90 00007fd821aea79c
0x00007fd822eefb20:   00007fd822eefcc0 00007fd822eefbd0
0x00007fd822eefb30:   00007fd822eefbd0 00007fd81c2c68f0
0x00007fd822eefb40:   00007fd822eefbd0 00007fd81c69e080
0x00007fd822eefb50:   00007fd81c2c5dc0 000000001f089208
0x00007fd822eefb60:   00007fd822eefbb0 00007fd81b9e3e30
0x00007fd822eefb70:   00007fd822eefb90 000000232198f038
0x00007fd822eefb80:   00007fd81c009000 00007fd822eefbd0
0x00007fd822eefb90:   00007fd822ef0028 00007fd822eefbd0
0x00007fd822eefba0:   0000000000000023 00007fd81c0091d8
0x00007fd822eefbb0:   00007fd822ef0010 00007fd81b9e1ac3
0x00007fd822eefbc0:   0000000122ef0058 00007fd81c2c5dc0
0x00007fd822eefbd0:   6f6d696e6f726567 74656c767265732d
0x00007fd822eefbe0:   6570735f352e325f 2e322e312e312d63
0x00007fd822eefbf0:   000000010072616a 00007fd81c2bb290
0x00007fd822eefc00:   6f6d696e6f726567 74656c767265732d
0x00007fd822eefc10:   6570735f352e325f 2e322e312e312d63
0x00007fd822eefc20:   00007f002f72616a 00007fd8219612ff
0x00007fd822eefc30:   00007fd822eefdc0 00007fd800000001
0x00007fd822eefc40:   000000077ac07b70 00007fd81c0091d8
0x00007fd822eefc50:   0000000222eefce0 00007fd81c009db8
0x00007fd822eefc60:   00007fd81c006650 00007fd81c009860
0x00007fd822eefc70:   00007fd81c009870 00007fd81c009c48
0x00007fd822eefc80:   00007fd8220821b0 00007fd81c087af0
0x00007fd822eefc90:   000000001c009000 00007fd822eefd40
0x00007fd822eefca0:   0000000000000000 00007fd81b9e3ec5
0x00007fd822eefcb0:   00007fd81c009db8 000000002198f038
0x00007fd822eefcc0:   00007fd81c009000 00000007d7ff1f28
0x00007fd822eefcd0:   0000000787d56ed8 00007fd822eefd10
0x00007fd822eefce0:   000000000000002e 00007fd81c0091d8
0x00007fd822eefcf0:   00007fd822ef0150 00007fd81b9e1ac3 

Instructions: (pc=0x00007fd81b9e313d)
0x00007fd81b9e311d:   73 48 48 8b 7b 10 b9 a0 00 00 00 49 8b 14 24 e8
0x00007fd81b9e312d:   7f fe ff ff 48 89 c1 48 85 c9 0f 84 7b 02 00 00
0x00007fd81b9e313d:   0f b6 51 1d 0f b6 41 1c 45 31 e4 0f b6 71 0c 0f
0x00007fd81b9e314d:   b6 79 0e 44 0f b6 79 1f c1 e2 08 09 c2 0f b6 41 

Register to memory mapping:

RAX=0x00007fd81c69ae90 is an unknown value
RBX=0x00007fd81c2c5dc0 is an unknown value
RCX=0x00007fd822d32f87 is an unknown value
RDX=0x00007fd81c69ae90 is an unknown value
RSP=0x00007fd822eefb00 is pointing into the stack for thread: 0x00007fd81c009000
RBP=0x00007fd822eefb60 is pointing into the stack for thread: 0x00007fd81c009000
RSI=0x00007fd81c69ae80 is an unknown value
RDI=0x0000000000000003 is an unknown value
R8 =0x0000000000000000 is an unknown value
R9 =0x0000000000000078 is an unknown value
R10=0x00007fd818a63690 [CodeBlob (0x00007fd818a63690)]
Framesize: 10
R11=0x00007fd8228add40: <offset 0x18cd40> in /lib/x86_64-linux-gnu/libc.so.6 at 0x00007fd822721000
R12=0x00007fd81c2c68f8 is an unknown value
R13=0x00007fd81c69e080 is an unknown value
R14=0x00007fd81c69ae90 is an unknown value
R15=0x000000001f089208 is an unknown value


Stack: [0x00007fd822df4000,0x00007fd822ef5000],  sp=0x00007fd822eefb00,  free space=1006k
Native frames: (J=compiled Java code, j=interpreted, Vv=VM code, C=native code)
C  [libzip.so+0x513d]  Java_java_util_zip_ZipFile_getZipMessage+0x114d
C  [libzip.so+0x5e30]  ZIP_GetEntry+0xd0
C  [libzip.so+0x3ac3]  Java_java_util_zip_ZipFile_getEntry+0xb3
J  java.util.zip.ZipFile.getEntry(J[BZ)J

Java frames: (J=compiled Java code, j=interpreted, Vv=VM code)
J  java.util.zip.ZipFile.getEntry(J[BZ)J
J  java.util.jar.JarFile.getEntry(Ljava/lang/String;)Ljava/util/zip/ZipEntry;
J  sun.misc.URLClassPath$JarLoader.getResource(Ljava/lang/String;Z)Lsun/misc/Resource;
J  java.net.URLClassLoader$2.run()Ljava/lang/Object;
v  ~StubRoutines::call_stub
J  java.security.AccessController.doPrivileged(Ljava/security/PrivilegedAction;Ljava/security/AccessControlContext;)Ljava/lang/Object;
J  java.net.URLClassLoader.findResource(Ljava/lang/String;)Ljava/net/URL;
J  java.lang.ClassLoader.getResource(Ljava/lang/String;)Ljava/net/URL;
J  java.net.URLClassLoader.getResourceAsStream(Ljava/lang/String;)Ljava/io/InputStream;
J  org.eclipse.jdt.internal.jarinjarloader.RsrcURLConnection.getInputStream()Ljava/io/InputStream;
J  sun.net.www.protocol.jar.URLJarFile.retrieve(Ljava/net/URL;Lsun/net/www/protocol/jar/URLJarFile$URLJarFileCloseController;)Ljava/util/jar/JarFile;
J  sun.net.www.protocol.jar.JarURLConnection.connect()V
J  sun.net.www.protocol.jar.JarURLConnection.getInputStream()Ljava/io/InputStream;
J  sun.misc.URLClassPath$Loader.getResource(Ljava/lang/String;Z)Lsun/misc/Resource;
J  sun.misc.URLClassPath.getResource(Ljava/lang/String;Z)Lsun/misc/Resource;
j  java.net.URLClassLoader$1.run()Ljava/lang/Class;+26
j  java.net.URLClassLoader$1.run()Ljava/lang/Object;+1
v  ~StubRoutines::call_stub
j  java.security.AccessController.doPrivileged(Ljava/security/PrivilegedExceptionAction;Ljava/security/AccessControlContext;)Ljava/lang/Object;+0
j  java.net.URLClassLoader.findClass(Ljava/lang/String;)Ljava/lang/Class;+13
j  java.lang.ClassLoader.loadClass(Ljava/lang/String;Z)Ljava/lang/Class;+70
j  java.lang.ClassLoader.loadClass(Ljava/lang/String;)Ljava/lang/Class;+3
v  ~StubRoutines::call_stub
j  org.apache.cxf.transport.jms.wsdl11.JMSWSDLExtensionLoader.<init>(Lorg/apache/cxf/Bus;)V+22
v  ~StubRoutines::call_stub
j  sun.reflect.NativeConstructorAccessorImpl.newInstance0(Ljava/lang/reflect/Constructor;[Ljava/lang/Object;)Ljava/lang/Object;+0
j  sun.reflect.NativeConstructorAccessorImpl.newInstance([Ljava/lang/Object;)Ljava/lang/Object;+72
j  sun.reflect.DelegatingConstructorAccessorImpl.newInstance([Ljava/lang/Object;)Ljava/lang/Object;+5
j  java.lang.reflect.Constructor.newInstance([Ljava/lang/Object;)Ljava/lang/Object;+80
j  org.apache.cxf.bus.extension.Extension.load(Ljava/lang/ClassLoader;Lorg/apache/cxf/Bus;)Ljava/lang/Object;+53
j  org.apache.cxf.bus.extension.ExtensionManagerImpl.loadAndRegister(Lorg/apache/cxf/bus/extension/Extension;)V+68
j  org.apache.cxf.bus.extension.ExtensionManagerImpl.getBeansOfType(Ljava/lang/Class;)Ljava/util/Collection;+79
j  org.apache.cxf.wsdl11.WSDLManagerImpl.setBus(Lorg/apache/cxf/Bus;)V+50
j  org.apache.cxf.wsdl11.WSDLManagerImpl.<init>(Lorg/apache/cxf/Bus;)V+6
v  ~StubRoutines::call_stub
j  sun.reflect.NativeConstructorAccessorImpl.newInstance0(Ljava/lang/reflect/Constructor;[Ljava/lang/Object;)Ljava/lang/Object;+0
j  sun.reflect.NativeConstructorAccessorImpl.newInstance([Ljava/lang/Object;)Ljava/lang/Object;+72
j  sun.reflect.DelegatingConstructorAccessorImpl.newInstance([Ljava/lang/Object;)Ljava/lang/Object;+5
j  java.lang.reflect.Constructor.newInstance([Ljava/lang/Object;)Ljava/lang/Object;+80
j  org.apache.cxf.bus.extension.Extension.load(Ljava/lang/ClassLoader;Lorg/apache/cxf/Bus;)Ljava/lang/Object;+53
j  org.apache.cxf.bus.extension.ExtensionManagerImpl.loadAndRegister(Lorg/apache/cxf/bus/extension/Extension;)V+68
j  org.apache.cxf.bus.extension.ExtensionManagerImpl.getBeansOfType(Ljava/lang/Class;)Ljava/util/Collection;+79
j  org.apache.cxf.bus.CXFBusImpl.getExtension(Ljava/lang/Class;)Ljava/lang/Object;+61
j  org.apache.cxf.wsdl11.WSDLServiceFactory.<init>(Lorg/apache/cxf/Bus;Ljava/lang/String;)V+17
j  org.apache.cxf.endpoint.dynamic.DynamicClientFactory.createClient(Ljava/lang/String;Ljavax/xml/namespace/QName;Ljava/lang/ClassLoader;Ljavax/xml/namespace/QName;Ljava/util/List;)Lorg/apache/cxf/endpoint/Client;+52
j  org.apache.cxf.endpoint.dynamic.DynamicClientFactory.createClient(Ljava/lang/String;Ljavax/xml/namespace/QName;Ljava/lang/ClassLoader;Ljavax/xml/namespace/QName;)Lorg/apache/cxf/endpoint/Client;+7
j  org.apache.cxf.endpoint.dynamic.DynamicClientFactory.createClient(Ljava/lang/String;Ljavax/xml/namespace/QName;Ljavax/xml/namespace/QName;)Lorg/apache/cxf/endpoint/Client;+5
j  org.apache.cxf.endpoint.dynamic.DynamicClientFactory.createClient(Ljava/lang/String;)Lorg/apache/cxf/endpoint/Client;+10
j  proxy.webservice.handlers.WsInvoker.<init>(Ljava/lang/String;)V+11
j  proxy.Proxy.addWebService(Ljava/lang/String;)V+5
j  proxy.ChoreographyEndpointRealWorld.setUpWebService(Ljava/lang/String;Ljava/lang/String;[Ljava/lang/String;)V+78
j  proxy.ChoreographyEndpointRealWorld.main([Ljava/lang/String;)V+187
v  ~StubRoutines::call_stub
j  sun.reflect.NativeMethodAccessorImpl.invoke0(Ljava/lang/reflect/Method;Ljava/lang/Object;[Ljava/lang/Object;)Ljava/lang/Object;+0
j  sun.reflect.NativeMethodAccessorImpl.invoke(Ljava/lang/Object;[Ljava/lang/Object;)Ljava/lang/Object;+87
j  sun.reflect.DelegatingMethodAccessorImpl.invoke(Ljava/lang/Object;[Ljava/lang/Object;)Ljava/lang/Object;+6
j  java.lang.reflect.Method.invoke(Ljava/lang/Object;[Ljava/lang/Object;)Ljava/lang/Object;+57
j  org.eclipse.jdt.internal.jarinjarloader.JarRsrcLoader.main([Ljava/lang/String;)V+195
v  ~StubRoutines::call_stub

---------------  P R O C E S S  ---------------

Java Threads: ( => current thread )
  0x00007fd81c74c800 JavaThread "GC Daemon" daemon [_thread_blocked, id=5786, stack(0x00007fd80e895000,0x00007fd80e996000)]
  0x00007fd81c25f000 JavaThread "Service Thread" daemon [_thread_blocked, id=5783, stack(0x00007fd81446e000,0x00007fd81456f000)]
  0x00007fd81c25c800 JavaThread "C2 CompilerThread1" daemon [_thread_blocked, id=5782, stack(0x00007fd81456f000,0x00007fd814670000)]
  0x00007fd81c259800 JavaThread "C2 CompilerThread0" daemon [_thread_blocked, id=5781, stack(0x00007fd814670000,0x00007fd814771000)]
  0x00007fd81c257800 JavaThread "Signal Dispatcher" daemon [_thread_blocked, id=5780, stack(0x00007fd814771000,0x00007fd814872000)]
  0x00007fd81c201800 JavaThread "Finalizer" daemon [_thread_blocked, id=5779, stack(0x00007fd814b3d000,0x00007fd814c3e000)]
  0x00007fd81c1ff000 JavaThread "Reference Handler" daemon [_thread_blocked, id=5778, stack(0x00007fd814c3e000,0x00007fd814d3f000)]
=>0x00007fd81c009000 JavaThread "main" [_thread_in_native, id=5768, stack(0x00007fd822df4000,0x00007fd822ef5000)]

Other Threads:
  0x00007fd81c1f7000 VMThread [stack: 0x00007fd814d3f000,0x00007fd814e40000] [id=5777]
  0x00007fd81c269800 WatcherThread [stack: 0x00007fd81436d000,0x00007fd81446e000] [id=5784]

VM state:not at safepoint (normal execution)

VM Mutex/Monitor currently owned by a thread: None

Heap
 PSYoungGen      total 29824K, used 24034K [0x00000007d70b0000, 0x00000007d9be0000, 0x0000000800000000)
  eden space 16320K, 96% used [0x00000007d70b0000,0x00000007d801ff18,0x00000007d80a0000)
  from space 13504K, 60% used [0x00000007d8eb0000,0x00000007d96b8b30,0x00000007d9be0000)
  to   space 13952K, 0% used [0x00000007d80a0000,0x00000007d80a0000,0x00000007d8e40000)
 ParOldGen       total 83904K, used 50162K [0x0000000785200000, 0x000000078a3f0000, 0x00000007d70b0000)
  object space 83904K, 59% used [0x0000000785200000,0x00000007882fca28,0x000000078a3f0000)
 PSPermGen       total 21248K, used 9199K [0x000000077ac00000, 0x000000077c0c0000, 0x0000000785200000)
  object space 21248K, 43% used [0x000000077ac00000,0x000000077b4fbce0,0x000000077c0c0000)

Card table byte_map: [0x00007fd8185b3000,0x00007fd8189de000] byte_map_base: 0x00007fd8149dd000

Polling page: 0x00007fd822f16000

Code Cache  [0x00007fd8189de000, 0x00007fd818c4e000, 0x00007fd81b9de000)
 total_blobs=699 nmethods=447 adapters=204 free_code_cache=47732Kb largest_free_block=48839360

Compilation events (10 events):
Event: 157.928 Thread 0x00007fd81c259800 nmethod 448 0x00007fd818b2c510 code [0x00007fd818b2c680, 0x00007fd818b2cc28]
Event: 157.928 Thread 0x00007fd81c259800  449   !         java.lang.ref.Finalizer::remove (94 bytes)
Event: 157.928 Thread 0x00007fd81c25c800 nmethod 447 0x00007fd818b3c550 code [0x00007fd818b3c6c0, 0x00007fd818b3cc48]
Event: 157.931 Thread 0x00007fd81c259800 nmethod 449 0x00007fd818b3c010 code [0x00007fd818b3c160, 0x00007fd818b3c478]
Event: 172.823 Thread 0x00007fd81c25c800  450  s          java.util.Hashtable::get (70 bytes)
Event: 172.842 Thread 0x00007fd81c25c800 nmethod 450 0x00007fd818b3b2d0 code [0x00007fd818b3b460, 0x00007fd818b3bc68]
Event: 183.731 Thread 0x00007fd81c259800  451             java.io.DataOutputStream::incCount (20 bytes)
Event: 183.731 Thread 0x00007fd81c259800 nmethod 451 0x00007fd818a7c110 code [0x00007fd818a7c240, 0x00007fd818a7c2b8]
Event: 184.189 Thread 0x00007fd81c25c800  452  s          java.io.ByteArrayOutputStream::write (32 bytes)
Event: 184.193 Thread 0x00007fd81c25c800 nmethod 452 0x00007fd818b49e90 code [0x00007fd818b49fe0, 0x00007fd818b4a3c8]

GC Heap History (10 events):
Event: 163.223 GC heap before
{Heap before GC invocations=34 (full 0):
 PSYoungGen      total 26432K, used 26415K [0x00000007d70b0000, 0x00000007d9ec0000, 0x0000000800000000)
  eden space 17600K, 100% used [0x00000007d70b0000,0x00000007d81e0000,0x00000007d81e0000)
  from space 8832K, 99% used [0x00000007d8230000,0x00000007d8acbe40,0x00000007d8ad0000)
  to   space 14784K, 0% used [0x00000007d9050000,0x00000007d9050000,0x00000007d9ec0000)
 ParOldGen       total 83904K, used 49638K [0x0000000785200000, 0x000000078a3f0000, 0x00000007d70b0000)
  object space 83904K, 59% used [0x0000000785200000,0x0000000788279a10,0x000000078a3f0000)
 PSPermGen       total 21248K, used 8943K [0x000000077ac00000, 0x000000077c0c0000, 0x0000000785200000)
  object space 21248K, 42% used [0x000000077ac00000,0x000000077b4bbdd0,0x000000077c0c0000)
Event: 163.232 GC heap after
Heap after GC invocations=34 (full 0):
 PSYoungGen      total 31488K, used 8660K [0x00000007d70b0000, 0x00000007d9e20000, 0x0000000800000000)
  eden space 17344K, 0% used [0x00000007d70b0000,0x00000007d70b0000,0x00000007d81a0000)
  from space 14144K, 61% used [0x00000007d9050000,0x00000007d98c53b8,0x00000007d9e20000)
  to   space 14592K, 0% used [0x00000007d81a0000,0x00000007d81a0000,0x00000007d8fe0000)
 ParOldGen       total 83904K, used 49726K [0x0000000785200000, 0x000000078a3f0000, 0x00000007d70b0000)
  object space 83904K, 59% used [0x0000000785200000,0x000000078828fa10,0x000000078a3f0000)
 PSPermGen       total 21248K, used 8943K [0x000000077ac00000, 0x000000077c0c0000, 0x0000000785200000)
  object space 21248K, 42% used [0x000000077ac00000,0x000000077b4bbdd0,0x000000077c0c0000)
}
Event: 168.355 GC heap before
{Heap before GC invocations=35 (full 0):
 PSYoungGen      total 31488K, used 26004K [0x00000007d70b0000, 0x00000007d9e20000, 0x0000000800000000)
  eden space 17344K, 100% used [0x00000007d70b0000,0x00000007d81a0000,0x00000007d81a0000)
  from space 14144K, 61% used [0x00000007d9050000,0x00000007d98c53b8,0x00000007d9e20000)
  to   space 14592K, 0% used [0x00000007d81a0000,0x00000007d81a0000,0x00000007d8fe0000)
 ParOldGen       total 83904K, used 49726K [0x0000000785200000, 0x000000078a3f0000, 0x00000007d70b0000)
  object space 83904K, 59% used [0x0000000785200000,0x000000078828fa10,0x000000078a3f0000)
 PSPermGen       total 21248K, used 8970K [0x000000077ac00000, 0x000000077c0c0000, 0x0000000785200000)
  object space 21248K, 42% used [0x000000077ac00000,0x000000077b4c2950,0x000000077c0c0000)
Event: 168.362 GC heap after
Heap after GC invocations=35 (full 0):
 PSYoungGen      total 25664K, used 8526K [0x00000007d70b0000, 0x00000007d9da0000, 0x0000000800000000)
  eden space 17088K, 0% used [0x00000007d70b0000,0x00000007d70b0000,0x00000007d8160000)
  from space 8576K, 99% used [0x00000007d81a0000,0x00000007d89f3ac8,0x00000007d8a00000)
  to   space 14464K, 0% used [0x00000007d8f80000,0x00000007d8f80000,0x00000007d9da0000)
 ParOldGen       total 83904K, used 49874K [0x0000000785200000, 0x000000078a3f0000, 0x00000007d70b0000)
  object space 83904K, 59% used [0x0000000785200000,0x00000007882b4a18,0x000000078a3f0000)
 PSPermGen       total 21248K, used 8970K [0x000000077ac00000, 0x000000077c0c0000, 0x0000000785200000)
  object space 21248K, 42% used [0x000000077ac00000,0x000000077b4c2950,0x000000077c0c0000)
}
Event: 173.100 GC heap before
{Heap before GC invocations=36 (full 0):
 PSYoungGen      total 25664K, used 25614K [0x00000007d70b0000, 0x00000007d9da0000, 0x0000000800000000)
  eden space 17088K, 100% used [0x00000007d70b0000,0x00000007d8160000,0x00000007d8160000)
  from space 8576K, 99% used [0x00000007d81a0000,0x00000007d89f3ac8,0x00000007d8a00000)
  to   space 14464K, 0% used [0x00000007d8f80000,0x00000007d8f80000,0x00000007d9da0000)
 ParOldGen       total 83904K, used 49874K [0x0000000785200000, 0x000000078a3f0000, 0x00000007d70b0000)
  object space 83904K, 59% used [0x0000000785200000,0x00000007882b4a18,0x000000078a3f0000)
 PSPermGen       total 21248K, used 8995K [0x000000077ac00000, 0x000000077c0c0000, 0x0000000785200000)
  object space 21248K, 42% used [0x000000077ac00000,0x000000077b4c8c10,0x000000077c0c0000)
Event: 173.109 GC heap after
Heap after GC invocations=36 (full 0):
 PSYoungGen      total 30656K, used 8472K [0x00000007d70b0000, 0x00000007d9d00000, 0x0000000800000000)
  eden space 16832K, 0% used [0x00000007d70b0000,0x00000007d70b0000,0x00000007d8120000)
  from space 13824K, 61% used [0x00000007d8f80000,0x00000007d97c61a8,0x00000007d9d00000)
  to   space 14272K, 0% used [0x00000007d8120000,0x00000007d8120000,0x00000007d8f10000)
 ParOldGen       total 83904K, used 49962K [0x0000000785200000, 0x000000078a3f0000, 0x00000007d70b0000)
  object space 83904K, 59% used [0x0000000785200000,0x00000007882caa18,0x000000078a3f0000)
 PSPermGen       total 21248K, used 8995K [0x000000077ac00000, 0x000000077c0c0000, 0x0000000785200000)
  object space 21248K, 42% used [0x000000077ac00000,0x000000077b4c8c10,0x000000077c0c0000)
}
Event: 176.349 GC heap before
{Heap before GC invocations=37 (full 0):
 PSYoungGen      total 30656K, used 25304K [0x00000007d70b0000, 0x00000007d9d00000, 0x0000000800000000)
  eden space 16832K, 100% used [0x00000007d70b0000,0x00000007d8120000,0x00000007d8120000)
  from space 13824K, 61% used [0x00000007d8f80000,0x00000007d97c61a8,0x00000007d9d00000)
  to   space 14272K, 0% used [0x00000007d8120000,0x00000007d8120000,0x00000007d8f10000)
 ParOldGen       total 83904K, used 49962K [0x0000000785200000, 0x000000078a3f0000, 0x00000007d70b0000)
  object space 83904K, 59% used [0x0000000785200000,0x00000007882caa18,0x000000078a3f0000)
 PSPermGen       total 21248K, used 9055K [0x000000077ac00000, 0x000000077c0c0000, 0x0000000785200000)
  object space 21248K, 42% used [0x000000077ac00000,0x000000077b4d7d70,0x000000077c0c0000)
Event: 176.356 GC heap after
Heap after GC invocations=37 (full 0):
 PSYoungGen      total 24704K, used 8064K [0x00000007d70b0000, 0x00000007d9c80000, 0x0000000800000000)
  eden space 16576K, 0% used [0x00000007d70b0000,0x00000007d70b0000,0x00000007d80e0000)
  from space 8128K, 99% used [0x00000007d8120000,0x00000007d89003b8,0x00000007d8910000)
  to   space 14144K, 0% used [0x00000007d8eb0000,0x00000007d8eb0000,0x00000007d9c80000)
 ParOldGen       total 83904K, used 50058K [0x0000000785200000, 0x000000078a3f0000, 0x00000007d70b0000)
  object space 83904K, 59% used [0x0000000785200000,0x00000007882e2a28,0x000000078a3f0000)
 PSPermGen       total 21248K, used 9055K [0x000000077ac00000, 0x000000077c0c0000, 0x0000000785200000)
  object space 21248K, 42% used [0x000000077ac00000,0x000000077b4d7d70,0x000000077c0c0000)
}
Event: 180.960 GC heap before
{Heap before GC invocations=38 (full 0):
 PSYoungGen      total 24704K, used 24640K [0x00000007d70b0000, 0x00000007d9c80000, 0x0000000800000000)
  eden space 16576K, 100% used [0x00000007d70b0000,0x00000007d80e0000,0x00000007d80e0000)
  from space 8128K, 99% used [0x00000007d8120000,0x00000007d89003b8,0x00000007d8910000)
  to   space 14144K, 0% used [0x00000007d8eb0000,0x00000007d8eb0000,0x00000007d9c80000)
 ParOldGen       total 83904K, used 50058K [0x0000000785200000, 0x000000078a3f0000, 0x00000007d70b0000)
  object space 83904K, 59% used [0x0000000785200000,0x00000007882e2a28,0x000000078a3f0000)
 PSPermGen       total 21248K, used 9087K [0x000000077ac00000, 0x000000077c0c0000, 0x0000000785200000)
  object space 21248K, 42% used [0x000000077ac00000,0x000000077b4dfc80,0x000000077c0c0000)
Event: 180.970 GC heap after
Heap after GC invocations=38 (full 0):
 PSYoungGen      total 29824K, used 8226K [0x00000007d70b0000, 0x00000007d9be0000, 0x0000000800000000)
  eden space 16320K, 0% used [0x00000007d70b0000,0x00000007d70b0000,0x00000007d80a0000)
  from space 13504K, 60% used [0x00000007d8eb0000,0x00000007d96b8b30,0x00000007d9be0000)
  to   space 13952K, 0% used [0x00000007d80a0000,0x00000007d80a0000,0x00000007d8e40000)
 ParOldGen       total 83904K, used 50162K [0x0000000785200000, 0x000000078a3f0000, 0x00000007d70b0000)
  object space 83904K, 59% used [0x0000000785200000,0x00000007882fca28,0x000000078a3f0000)
 PSPermGen       total 21248K, used 9087K [0x000000077ac00000, 0x000000077c0c0000, 0x0000000785200000)
  object space 21248K, 42% used [0x000000077ac00000,0x000000077b4dfc80,0x000000077c0c0000)
}

Deoptimization events (10 events):
Event: 67.590 Thread 0x00007fd81c009000 Uncommon trap -83 fr.pc 0x00007fd818a955f0
Event: 67.590 Thread 0x00007fd81c009000 Uncommon trap -83 fr.pc 0x00007fd818ac1c68
Event: 101.094 Thread 0x00007fd81c009000 Uncommon trap -83 fr.pc 0x00007fd818a8786c
Event: 128.633 Thread 0x00007fd81c009000 Uncommon trap -34 fr.pc 0x00007fd818aaece8
Event: 128.643 Thread 0x00007fd81c009000 Uncommon trap -34 fr.pc 0x00007fd818aaece8
Event: 129.963 Thread 0x00007fd81c009000 Uncommon trap -34 fr.pc 0x00007fd818aaece8
Event: 129.963 Thread 0x00007fd81c009000 Uncommon trap -34 fr.pc 0x00007fd818aaece8
Event: 138.051 Thread 0x00007fd81c201800 Uncommon trap -83 fr.pc 0x00007fd818a9f998
Event: 138.051 Thread 0x00007fd81c201800 Uncommon trap -83 fr.pc 0x00007fd818aa03c4
Event: 138.051 Thread 0x00007fd81c201800 Uncommon trap -83 fr.pc 0x00007fd818a9dbdc

Internal exceptions (10 events):
Event: 102.172 Thread 0x00007fd81c009000 Threw 0x00000007d784bcf0 at /build/buildd/openjdk-7-7u21-2.3.9/build/openjdk/hotspot/src/share/vm/prims/jvm.cpp:1166
Event: 102.959 Thread 0x00007fd81c009000 Threw 0x00000007d7c446d0 at /build/buildd/openjdk-7-7u21-2.3.9/build/openjdk/hotspot/src/share/vm/prims/jvm.cpp:1166
Event: 103.874 Thread 0x00007fd81c009000 Threw 0x00000007d8194dd0 at /build/buildd/openjdk-7-7u21-2.3.9/build/openjdk/hotspot/src/share/vm/prims/jvm.cpp:1166
Event: 104.645 Thread 0x00007fd81c009000 Threw 0x00000007d719a820 at /build/buildd/openjdk-7-7u21-2.3.9/build/openjdk/hotspot/src/share/vm/prims/jvm.cpp:1166
Event: 105.208 Thread 0x00007fd81c009000 Threw 0x00000007d758aba8 at /build/buildd/openjdk-7-7u21-2.3.9/build/openjdk/hotspot/src/share/vm/prims/jvm.cpp:1166
Event: 106.122 Thread 0x00007fd81c009000 Threw 0x00000007d7acf500 at /build/buildd/openjdk-7-7u21-2.3.9/build/openjdk/hotspot/src/share/vm/prims/jvm.cpp:1166
Event: 109.237 Thread 0x00007fd81c009000 Threw 0x00000007d7516940 at /build/buildd/openjdk-7-7u21-2.3.9/build/openjdk/hotspot/src/share/vm/prims/jni.cpp:716
Event: 177.690 Thread 0x00007fd81c009000 Threw 0x00000007d7423b00 at /build/buildd/openjdk-7-7u21-2.3.9/build/openjdk/hotspot/src/share/vm/prims/jvm.cpp:1166
Event: 178.703 Thread 0x00007fd81c009000 Threw 0x00000007d780e068 at /build/buildd/openjdk-7-7u21-2.3.9/build/openjdk/hotspot/src/share/vm/prims/jvm.cpp:1166
Event: 180.185 Thread 0x00007fd81c009000 Threw 0x00000007d7d55a00 at /build/buildd/openjdk-7-7u21-2.3.9/build/openjdk/hotspot/src/share/vm/prims/jvm.cpp:1166

Events (10 events):
Event: 184.165 loading class 0x00007fd81c69a770 done
Event: 184.193 Thread 0x00007fd81c25c800 flushing nmethod 0x00007fd818a8d950
Event: 184.194 loading class 0x00007fd81c69a870
Event: 184.194 loading class 0x00007fd81c69a870 done
Event: 184.375 loading class 0x00007fd81c69ade0
Event: 184.375 loading class 0x00007fd81c69ade0 done
Event: 184.701 loading class 0x00007fd81c69ada0
Event: 184.701 loading class 0x00007fd81c69ada0 done
Event: 185.043 loading class 0x00007fd81c2ffc20
Event: 185.043 loading class 0x00007fd81c2ffc20 done


Dynamic libraries:
00400000-00401000 r-xp 00000000 08:07 393949                             /usr/lib/jvm/java-7-openjdk-amd64/jre/bin/java
00600000-00601000 r--p 00000000 08:07 393949                             /usr/lib/jvm/java-7-openjdk-amd64/jre/bin/java
00601000-00602000 rw-p 00001000 08:07 393949                             /usr/lib/jvm/java-7-openjdk-amd64/jre/bin/java
013ca000-013eb000 rw-p 00000000 00:00 0                                  [heap]
77ac00000-77c0c0000 rw-p 00000000 00:00 0 
77c0c0000-785200000 rw-p 00000000 00:00 0 
785200000-78a3f0000 rw-p 00000000 00:00 0 
78a3f0000-7d70b0000 rw-p 00000000 00:00 0 
7d70b0000-7d9be0000 rw-p 00000000 00:00 0 
7d9be0000-7db1d0000 ---p 00000000 00:00 0 
7db1d0000-800000000 rw-p 00000000 00:00 0 
7fd7b4000000-7fd7b4021000 rw-p 00000000 00:00 0 
7fd7b4021000-7fd7b8000000 ---p 00000000 00:00 0 
7fd7b8000000-7fd7b8021000 rw-p 00000000 00:00 0 
7fd7b8021000-7fd7bc000000 ---p 00000000 00:00 0 
7fd7bc000000-7fd7bc9ae000 rw-p 00000000 00:00 0 
7fd7bc9ae000-7fd7c0000000 ---p 00000000 00:00 0 
7fd7c0000000-7fd7c0021000 rw-p 00000000 00:00 0 
7fd7c0021000-7fd7c4000000 ---p 00000000 00:00 0 
7fd7c4000000-7fd7c4021000 rw-p 00000000 00:00 0 
7fd7c4021000-7fd7c8000000 ---p 00000000 00:00 0 
7fd7c8000000-7fd7c86de000 rw-p 00000000 00:00 0 
7fd7c86de000-7fd7cc000000 ---p 00000000 00:00 0 
7fd7cc000000-7fd7cc021000 rw-p 00000000 00:00 0 
7fd7cc021000-7fd7d0000000 ---p 00000000 00:00 0 
7fd7d0000000-7fd7d0021000 rw-p 00000000 00:00 0 
7fd7d0021000-7fd7d4000000 ---p 00000000 00:00 0 
7fd7d4000000-7fd7d4021000 rw-p 00000000 00:00 0 
7fd7d4021000-7fd7d8000000 ---p 00000000 00:00 0 
7fd7dbd60000-7fd7e0000000 rw-p 00000000 00:00 0 
7fd7e0000000-7fd7e0021000 rw-p 00000000 00:00 0 
7fd7e0021000-7fd7e4000000 ---p 00000000 00:00 0 
7fd7e8000000-7fd7e8021000 rw-p 00000000 00:00 0 
7fd7e8021000-7fd7ec000000 ---p 00000000 00:00 0 
7fd7f0000000-7fd7f0021000 rw-p 00000000 00:00 0 
7fd7f0021000-7fd7f4000000 ---p 00000000 00:00 0 
7fd7f8000000-7fd7f8021000 rw-p 00000000 00:00 0 
7fd7f8021000-7fd7fc000000 ---p 00000000 00:00 0 
7fd800000000-7fd800021000 rw-p 00000000 00:00 0 
7fd800021000-7fd804000000 ---p 00000000 00:00 0 
7fd804000000-7fd804021000 rw-p 00000000 00:00 0 
7fd804021000-7fd808000000 ---p 00000000 00:00 0 
7fd808000000-7fd808021000 rw-p 00000000 00:00 0 
7fd808021000-7fd80c000000 ---p 00000000 00:00 0 
7fd80d359000-7fd80d3c9000 r-xp 00000000 08:07 796208                     /usr/lib/x86_64-linux-gnu/nss/libfreebl3.so
7fd80d3c9000-7fd80d5c8000 ---p 00070000 08:07 796208                     /usr/lib/x86_64-linux-gnu/nss/libfreebl3.so
7fd80d5c8000-7fd80d5ca000 r--p 0006f000 08:07 796208                     /usr/lib/x86_64-linux-gnu/nss/libfreebl3.so
7fd80d5ca000-7fd80d5cb000 rw-p 00071000 08:07 796208                     /usr/lib/x86_64-linux-gnu/nss/libfreebl3.so
7fd80d5cb000-7fd80d5cf000 rw-p 00000000 00:00 0 
7fd80d5cf000-7fd80d676000 r-xp 00000000 08:07 394596                     /usr/lib/x86_64-linux-gnu/libsqlite3.so.0.8.6
7fd80d676000-7fd80d876000 ---p 000a7000 08:07 394596                     /usr/lib/x86_64-linux-gnu/libsqlite3.so.0.8.6
7fd80d876000-7fd80d878000 r--p 000a7000 08:07 394596                     /usr/lib/x86_64-linux-gnu/libsqlite3.so.0.8.6
7fd80d878000-7fd80d87a000 rw-p 000a9000 08:07 394596                     /usr/lib/x86_64-linux-gnu/libsqlite3.so.0.8.6
7fd80d87a000-7fd80d87b000 rw-p 00000000 00:00 0 
7fd80d87b000-7fd80d8bc000 r-xp 00000000 08:07 800801                     /usr/lib/x86_64-linux-gnu/nss/libsoftokn3.so
7fd80d8bc000-7fd80dabb000 ---p 00041000 08:07 800801                     /usr/lib/x86_64-linux-gnu/nss/libsoftokn3.so
7fd80dabb000-7fd80dabd000 r--p 00040000 08:07 800801                     /usr/lib/x86_64-linux-gnu/nss/libsoftokn3.so
7fd80dabd000-7fd80dabe000 rw-p 00042000 08:07 800801                     /usr/lib/x86_64-linux-gnu/nss/libsoftokn3.so
7fd80dabe000-7fd80daf7000 r-xp 00000000 08:07 392620                     /usr/lib/x86_64-linux-gnu/libnspr4.so
7fd80daf7000-7fd80dcf6000 ---p 00039000 08:07 392620                     /usr/lib/x86_64-linux-gnu/libnspr4.so
7fd80dcf6000-7fd80dcf7000 r--p 00038000 08:07 392620                     /usr/lib/x86_64-linux-gnu/libnspr4.so
7fd80dcf7000-7fd80dcf8000 rw-p 00039000 08:07 392620                     /usr/lib/x86_64-linux-gnu/libnspr4.so
7fd80dcf8000-7fd80dcfb000 rw-p 00000000 00:00 0 
7fd80dcfb000-7fd80dcfe000 r-xp 00000000 08:07 392662                     /usr/lib/x86_64-linux-gnu/libplds4.so
7fd80dcfe000-7fd80defd000 ---p 00003000 08:07 392662                     /usr/lib/x86_64-linux-gnu/libplds4.so
7fd80defd000-7fd80defe000 r--p 00002000 08:07 392662                     /usr/lib/x86_64-linux-gnu/libplds4.so
7fd80defe000-7fd80deff000 rw-p 00003000 08:07 392662                     /usr/lib/x86_64-linux-gnu/libplds4.so
7fd80deff000-7fd80df03000 r-xp 00000000 08:07 392597                     /usr/lib/x86_64-linux-gnu/libplc4.so
7fd80df03000-7fd80e102000 ---p 00004000 08:07 392597                     /usr/lib/x86_64-linux-gnu/libplc4.so
7fd80e102000-7fd80e103000 r--p 00003000 08:07 392597                     /usr/lib/x86_64-linux-gnu/libplc4.so
7fd80e103000-7fd80e104000 rw-p 00004000 08:07 392597                     /usr/lib/x86_64-linux-gnu/libplc4.so
7fd80e104000-7fd80e128000 r-xp 00000000 08:07 398567                     /usr/lib/x86_64-linux-gnu/libnssutil3.so
7fd80e128000-7fd80e327000 ---p 00024000 08:07 398567                     /usr/lib/x86_64-linux-gnu/libnssutil3.so
7fd80e327000-7fd80e32d000 r--p 00023000 08:07 398567                     /usr/lib/x86_64-linux-gnu/libnssutil3.so
7fd80e32d000-7fd80e32e000 rw-p 00029000 08:07 398567                     /usr/lib/x86_64-linux-gnu/libnssutil3.so
7fd80e32e000-7fd80e45e000 r-xp 00000000 08:07 393671                     /usr/lib/x86_64-linux-gnu/libnss3.so
7fd80e45e000-7fd80e65d000 ---p 00130000 08:07 393671                     /usr/lib/x86_64-linux-gnu/libnss3.so
7fd80e65d000-7fd80e662000 r--p 0012f000 08:07 393671                     /usr/lib/x86_64-linux-gnu/libnss3.so
7fd80e662000-7fd80e664000 rw-p 00134000 08:07 393671                     /usr/lib/x86_64-linux-gnu/libnss3.so
7fd80e664000-7fd80e665000 rw-p 00000000 00:00 0 
7fd80e681000-7fd80e682000 rw-p 00000000 00:00 0 
7fd80e682000-7fd80e692000 r-xp 00000000 08:07 393940                     /usr/lib/jvm/java-7-openjdk-amd64/jre/lib/amd64/libj2pkcs11.so
7fd80e692000-7fd80e891000 ---p 00010000 08:07 393940                     /usr/lib/jvm/java-7-openjdk-amd64/jre/lib/amd64/libj2pkcs11.so
7fd80e891000-7fd80e892000 r--p 0000f000 08:07 393940                     /usr/lib/jvm/java-7-openjdk-amd64/jre/lib/amd64/libj2pkcs11.so
7fd80e892000-7fd80e893000 rw-p 00010000 08:07 393940                     /usr/lib/jvm/java-7-openjdk-amd64/jre/lib/amd64/libj2pkcs11.so
7fd80e893000-7fd80e895000 r--s 00015000 08:07 393779                     /usr/lib/jvm/java-7-openjdk-common/jre/lib/jce.jar
7fd80e895000-7fd80e898000 ---p 00000000 00:00 0 
7fd80e898000-7fd80e996000 rw-p 00000000 00:00 0                          [stack:5786]
7fd80e996000-7fd80e99c000 r--s 00036000 08:07 131804                     /tmp/jar_cache3993117596502789444.tmp (deleted)
7fd80e99c000-7fd80e99e000 r--s 00005000 08:07 131791                     /tmp/jar_cache5286414737636358804.tmp (deleted)
7fd80e99e000-7fd80e9a2000 r--s 00015000 08:07 131773                     /tmp/jar_cache876282991174351210.tmp (deleted)
7fd80e9a2000-7fd80e9a4000 r--s 00008000 08:07 131763                     /tmp/jar_cache6866863481710760334.tmp (deleted)
7fd80e9a4000-7fd80e9a8000 r--s 0002a000 08:07 131751                     /tmp/jar_cache2202343470074700969.tmp (deleted)
7fd80e9a8000-7fd80e9ac000 r--s 00029000 08:07 131747                     /tmp/jar_cache3408079857752952750.tmp (deleted)
7fd80e9ac000-7fd80e9b0000 r--s 00031000 08:07 131736                     /tmp/jar_cache327543171484017621.tmp (deleted)
7fd80e9b0000-7fd80e9bf000 r--s 00076000 08:07 131696                     /tmp/jar_cache9144474599698367616.tmp (deleted)
7fd80e9bf000-7fd80e9c6000 r--s 00032000 08:07 131684                     /tmp/jar_cache4260903662956541952.tmp (deleted)
7fd80e9c6000-7fd80e9c7000 r--s 0000c000 08:07 131682                     /tmp/jar_cache8813561359033331522.tmp (deleted)
7fd80e9c7000-7fd80e9cd000 r--s 00065000 08:07 131662                     /tmp/jar_cache725467146246442533.tmp (deleted)
7fd80e9cd000-7fd80e9cf000 r--s 00010000 08:07 131428                     /tmp/jar_cache1627561158115204185.tmp (deleted)
7fd80e9cf000-7fd80e9d0000 r--s 00004000 08:07 131622                     /tmp/jar_cache223045643382098288.tmp (deleted)
7fd80e9d0000-7fd80e9d3000 r--s 0001a000 08:07 131614                     /tmp/jar_cache6554691996477381941.tmp (deleted)
7fd80e9d3000-7fd80e9d4000 r--s 0000a000 08:07 131608                     /tmp/jar_cache2597540764497065482.tmp (deleted)
7fd80e9d4000-7fd80e9d7000 r--s 0001a000 08:07 131594                     /tmp/jar_cache7898703924869921501.tmp (deleted)
7fd80e9d7000-7fd80e9d9000 r--s 0000a000 08:07 131580                     /tmp/jar_cache986826827602981494.tmp (deleted)
7fd80e9d9000-7fd80e9df000 r--s 00054000 08:07 131553                     /tmp/jar_cache494850602604639935.tmp (deleted)
7fd80e9df000-7fd80e9e8000 r--s 000cc000 08:07 131570                     /tmp/jar_cache7136710515187696341.tmp (deleted)
7fd80e9e8000-7fd80e9ec000 r--s 00024000 08:07 131652                     /tmp/jar_cache8728583460101609504.tmp (deleted)
7fd80e9ec000-7fd80e9f1000 r--s 00029000 08:07 131634                     /tmp/jar_cache7187449966204695992.tmp (deleted)
7fd80e9f1000-7fd80e9f6000 r--s 00068000 08:07 131603                     /tmp/jar_cache1531102504719224778.tmp (deleted)
7fd80e9f6000-7fd80e9fc000 r--s 00055000 08:07 131582                     /tmp/jar_cache7423536516218193953.tmp (deleted)
7fd80e9fc000-7fd80ea01000 r--s 0002c000 08:07 131610                     /tmp/jar_cache3745427585921723533.tmp (deleted)
7fd80ea01000-7fd80ea0f000 r--s 0007f000 08:07 131575                     /tmp/jar_cache1363781761542515537.tmp (deleted)
7fd80ea0f000-7fd80ea30000 r--s 00162000 08:07 131590                     /tmp/jar_cache7752678431340933263.tmp (deleted)
7fd80ea30000-7fd80ea32000 r--s 00002000 08:07 131577                     /tmp/jar_cache8161810454726444287.tmp (deleted)
7fd80ea32000-7fd80ea37000 r--s 00041000 08:07 131598                     /tmp/jar_cache7197942208255270680.tmp (deleted)
7fd80ea37000-7fd80ea3a000 r--s 00012000 08:07 131587                     /tmp/jar_cache7275505970473733057.tmp (deleted)
7fd80ea3a000-7fd80ea4d000 r--s 000e5000 08:07 131619                     /tmp/jar_cache5234648062930907221.tmp (deleted)
7fd80ea4d000-7fd80ea8b000 r--s 0025b000 08:07 131549                     /tmp/jar_cache4803866029432815199.tmp (deleted)
7fd80ea8b000-7fd80eab0000 r--s 002e3000 08:07 131596                     /tmp/jar_cache6799218824678761941.tmp (deleted)
7fd80eab0000-7fd80eac0000 r--s 00086000 08:07 131559                     /tmp/jar_cache7537138111739216749.tmp (deleted)
7fd80eac0000-7fd80eafd000 r-xp 00000000 08:07 1573645                    /lib/x86_64-linux-gnu/libpcre.so.3.13.1
7fd80eafd000-7fd80ecfd000 ---p 0003d000 08:07 1573645                    /lib/x86_64-linux-gnu/libpcre.so.3.13.1
7fd80ecfd000-7fd80ecfe000 r--p 0003d000 08:07 1573645                    /lib/x86_64-linux-gnu/libpcre.so.3.13.1
7fd80ecfe000-7fd80ecff000 rw-p 0003e000 08:07 1573645                    /lib/x86_64-linux-gnu/libpcre.so.3.13.1
7fd80ecff000-7fd80ed06000 r-xp 00000000 08:07 393359                     /usr/lib/x86_64-linux-gnu/libffi.so.6.0.1
7fd80ed06000-7fd80ef05000 ---p 00007000 08:07 393359                     /usr/lib/x86_64-linux-gnu/libffi.so.6.0.1
7fd80ef05000-7fd80ef06000 r--p 00006000 08:07 393359                     /usr/lib/x86_64-linux-gnu/libffi.so.6.0.1
7fd80ef06000-7fd80ef07000 rw-p 00007000 08:07 393359                     /usr/lib/x86_64-linux-gnu/libffi.so.6.0.1
7fd80ef07000-7fd80ef1d000 r-xp 00000000 08:07 1570027                    /lib/x86_64-linux-gnu/libresolv-2.17.so
7fd80ef1d000-7fd80f11d000 ---p 00016000 08:07 1570027                    /lib/x86_64-linux-gnu/libresolv-2.17.so
7fd80f11d000-7fd80f11e000 r--p 00016000 08:07 1570027                    /lib/x86_64-linux-gnu/libresolv-2.17.so
7fd80f11e000-7fd80f11f000 rw-p 00017000 08:07 1570027                    /lib/x86_64-linux-gnu/libresolv-2.17.so
7fd80f11f000-7fd80f121000 rw-p 00000000 00:00 0 
7fd80f121000-7fd80f13e000 r-xp 00000000 08:07 1573711                    /lib/x86_64-linux-gnu/libselinux.so.1
7fd80f13e000-7fd80f33d000 ---p 0001d000 08:07 1573711                    /lib/x86_64-linux-gnu/libselinux.so.1
7fd80f33d000-7fd80f33e000 r--p 0001c000 08:07 1573711                    /lib/x86_64-linux-gnu/libselinux.so.1
7fd80f33e000-7fd80f33f000 rw-p 0001d000 08:07 1573711                    /lib/x86_64-linux-gnu/libselinux.so.1
7fd80f33f000-7fd80f340000 rw-p 00000000 00:00 0 
7fd80f340000-7fd80f343000 r-xp 00000000 08:07 392500                     /usr/lib/x86_64-linux-gnu/libgmodule-2.0.so.0.3600.0
7fd80f343000-7fd80f542000 ---p 00003000 08:07 392500                     /usr/lib/x86_64-linux-gnu/libgmodule-2.0.so.0.3600.0
7fd80f542000-7fd80f543000 r--p 00002000 08:07 392500                     /usr/lib/x86_64-linux-gnu/libgmodule-2.0.so.0.3600.0
7fd80f543000-7fd80f544000 rw-p 00003000 08:07 392500                     /usr/lib/x86_64-linux-gnu/libgmodule-2.0.so.0.3600.0
7fd80f544000-7fd80f63d000 r-xp 00000000 08:07 1577027                    /lib/x86_64-linux-gnu/libglib-2.0.so.0.3600.0
7fd80f63d000-7fd80f83d000 ---p 000f9000 08:07 1577027                    /lib/x86_64-linux-gnu/libglib-2.0.so.0.3600.0
7fd80f83d000-7fd80f83e000 r--p 000f9000 08:07 1577027                    /lib/x86_64-linux-gnu/libglib-2.0.so.0.3600.0
7fd80f83e000-7fd80f83f000 rw-p 000fa000 08:07 1577027                    /lib/x86_64-linux-gnu/libglib-2.0.so.0.3600.0
7fd80f83f000-7fd80f840000 rw-p 00000000 00:00 0 
7fd80f840000-7fd80f88d000 r-xp 00000000 08:07 392503                     /usr/lib/x86_64-linux-gnu/libgobject-2.0.so.0.3600.0
7fd80f88d000-7fd80fa8d000 ---p 0004d000 08:07 392503                     /usr/lib/x86_64-linux-gnu/libgobject-2.0.so.0.3600.0
7fd80fa8d000-7fd80fa8e000 r--p 0004d000 08:07 392503                     /usr/lib/x86_64-linux-gnu/libgobject-2.0.so.0.3600.0
7fd80fa8e000-7fd80fa8f000 rw-p 0004e000 08:07 392503                     /usr/lib/x86_64-linux-gnu/libgobject-2.0.so.0.3600.0
7fd80fa8f000-7fd80fbe2000 r-xp 00000000 08:07 392511                     /usr/lib/x86_64-linux-gnu/libgio-2.0.so.0.3600.0
7fd80fbe2000-7fd80fde1000 ---p 00153000 08:07 392511                     /usr/lib/x86_64-linux-gnu/libgio-2.0.so.0.3600.0
7fd80fde1000-7fd80fde5000 r--p 00152000 08:07 392511                     /usr/lib/x86_64-linux-gnu/libgio-2.0.so.0.3600.0
7fd80fde5000-7fd80fde7000 rw-p 00156000 08:07 392511                     /usr/lib/x86_64-linux-gnu/libgio-2.0.so.0.3600.0
7fd80fde7000-7fd80fde9000 rw-p 00000000 00:00 0 
7fd80fde9000-7fd80fdff000 r-xp 00000000 08:07 393923                     /usr/lib/jvm/java-7-openjdk-amd64/jre/lib/amd64/libnet.so
7fd80fdff000-7fd80fffe000 ---p 00016000 08:07 393923                     /usr/lib/jvm/java-7-openjdk-amd64/jre/lib/amd64/libnet.so
7fd80fffe000-7fd80ffff000 r--p 00015000 08:07 393923                     /usr/lib/jvm/java-7-openjdk-amd64/jre/lib/amd64/libnet.so
7fd80ffff000-7fd810000000 rw-p 00016000 08:07 393923                     /usr/lib/jvm/java-7-openjdk-amd64/jre/lib/amd64/libnet.so
7fd810000000-7fd810021000 rw-p 00000000 00:00 0 
7fd810021000-7fd814000000 ---p 00000000 00:00 0 
7fd814000000-7fd814001000 r--s 00003000 08:07 131588                     /tmp/jar_cache4303404807665003087.tmp (deleted)
7fd814001000-7fd814003000 r--s 00009000 08:07 131616                     /tmp/jar_cache2545402974888954593.tmp (deleted)
7fd814003000-7fd81400c000 r--s 0006f000 08:07 131566                     /tmp/jar_cache5107720672977208797.tmp (deleted)
7fd81400c000-7fd81404b000 r--s 00312000 08:07 131572                     /tmp/jar_cache6457646319920030095.tmp (deleted)
7fd81404b000-7fd81404d000 r--s 0000a000 08:07 131618                     /tmp/jar_cache7358230820090310240.tmp (deleted)
7fd81404d000-7fd81405e000 r--s 00093000 08:07 131591                     /tmp/jar_cache7476229071337660458.tmp (deleted)
7fd81405e000-7fd814086000 r--s 00123000 08:07 131611                     /tmp/jar_cache3890067474562465420.tmp (deleted)
7fd814086000-7fd814091000 r--s 0007d000 08:07 131554                     /tmp/jar_cache7928869240245153909.tmp (deleted)
7fd814091000-7fd814094000 r--s 00014000 08:07 131579                     /tmp/jar_cache7206795299526409958.tmp (deleted)
7fd814094000-7fd8140fb000 r--s 005d0000 08:07 131544                     /tmp/jar_cache2078880008206225652.tmp (deleted)
7fd8140fb000-7fd8140fd000 r--s 00005000 08:07 131539                     /tmp/jar_cache5284224156775051019.tmp (deleted)
7fd8140fd000-7fd814102000 r--s 0002b000 08:07 131595                     /tmp/jar_cache689286895929464824.tmp (deleted)
7fd814102000-7fd81410a000 r--s 00061000 08:07 131555                     /tmp/jar_cache1957263837513121477.tmp (deleted)
7fd81410a000-7fd814117000 r--s 0008f000 08:07 131529                     /tmp/jar_cache4315624883979886474.tmp (deleted)
7fd814117000-7fd81411d000 r--s 00046000 08:07 131569                     /tmp/jar_cache7681967445910207668.tmp (deleted)
7fd81411d000-7fd814122000 r--s 00032000 08:07 131533                     /tmp/jar_cache5546861748862906337.tmp (deleted)
7fd814122000-7fd814127000 r--s 00032000 08:07 131583                     /tmp/jar_cache5746902087049076796.tmp (deleted)
7fd814127000-7fd81412b000 r--s 00026000 08:07 131560                     /tmp/jar_cache701731078355502557.tmp (deleted)
7fd81412b000-7fd81412d000 r--s 0000e000 08:07 131545                     /tmp/jar_cache8427462948294914991.tmp (deleted)
7fd81412d000-7fd814143000 r--s 000f9000 08:07 131541                     /tmp/jar_cache3851313483848413029.tmp (deleted)
7fd814143000-7fd814145000 r--s 00006000 08:07 131593                     /tmp/jar_cache6056618977016134779.tmp (deleted)
7fd814145000-7fd814147000 r--s 00008000 08:07 131584                     /tmp/jar_cache90894362273723598.tmp (deleted)
7fd814147000-7fd81415b000 r--s 00077000 08:07 131516                     /tmp/jar_cache62573019982712276.tmp (deleted)
7fd81415b000-7fd81416b000 r-xp 00000000 08:07 393919                     /usr/lib/jvm/java-7-openjdk-amd64/jre/lib/amd64/libnio.so
7fd81416b000-7fd81436b000 ---p 00010000 08:07 393919                     /usr/lib/jvm/java-7-openjdk-amd64/jre/lib/amd64/libnio.so
7fd81436b000-7fd81436c000 r--p 00010000 08:07 393919                     /usr/lib/jvm/java-7-openjdk-amd64/jre/lib/amd64/libnio.so
7fd81436c000-7fd81436d000 rw-p 00011000 08:07 393919                     /usr/lib/jvm/java-7-openjdk-amd64/jre/lib/amd64/libnio.so
7fd81436d000-7fd81436e000 ---p 00000000 00:00 0 
7fd81436e000-7fd81446e000 rw-p 00000000 00:00 0                          [stack:5784]
7fd81446e000-7fd814471000 ---p 00000000 00:00 0 
7fd814471000-7fd81456f000 rw-p 00000000 00:00 0                          [stack:5783]
7fd81456f000-7fd814572000 ---p 00000000 00:00 0 
7fd814572000-7fd814670000 rw-p 00000000 00:00 0                          [stack:5782]
7fd814670000-7fd814673000 ---p 00000000 00:00 0 
7fd814673000-7fd814771000 rw-p 00000000 00:00 0                          [stack:5781]
7fd814771000-7fd814774000 ---p 00000000 00:00 0 
7fd814774000-7fd814872000 rw-p 00000000 00:00 0                          [stack:5780]
7fd814872000-7fd814b3d000 r--p 00000000 08:07 395044                     /usr/lib/locale/locale-archive
7fd814b3d000-7fd814b40000 ---p 00000000 00:00 0 
7fd814b40000-7fd814c3e000 rw-p 00000000 00:00 0                          [stack:5779]
7fd814c3e000-7fd814c41000 ---p 00000000 00:00 0 
7fd814c41000-7fd814d3f000 rw-p 00000000 00:00 0                          [stack:5778]
7fd814d3f000-7fd814d40000 ---p 00000000 00:00 0 
7fd814d40000-7fd8169c7000 rw-p 00000000 00:00 0                          [stack:5777]
7fd8169c7000-7fd816b74000 r--s 01cde000 08:07 393911                     /usr/lib/jvm/java-7-openjdk-amd64/jre/lib/rt.jar
7fd816b74000-7fd817c1c000 rw-p 00000000 00:00 0 
7fd817c1c000-7fd817c1d000 ---p 00000000 00:00 0 
7fd817c1d000-7fd817d1d000 rw-p 00000000 00:00 0                          [stack:5776]
7fd817d1d000-7fd817d1e000 ---p 00000000 00:00 0 
7fd817d1e000-7fd817e1e000 rw-p 00000000 00:00 0                          [stack:5775]
7fd817e1e000-7fd817e1f000 ---p 00000000 00:00 0 
7fd817e1f000-7fd817f1f000 rw-p 00000000 00:00 0                          [stack:5774]
7fd817f1f000-7fd817f20000 ---p 00000000 00:00 0 
7fd817f20000-7fd818020000 rw-p 00000000 00:00 0                          [stack:5773]
7fd818020000-7fd818021000 ---p 00000000 00:00 0 
7fd818021000-7fd818121000 rw-p 00000000 00:00 0                          [stack:5772]
7fd818121000-7fd818122000 ---p 00000000 00:00 0 
7fd818122000-7fd818222000 rw-p 00000000 00:00 0                          [stack:5771]
7fd818222000-7fd818223000 ---p 00000000 00:00 0 
7fd818223000-7fd81834c000 rw-p 00000000 00:00 0                          [stack:5770]
7fd81834c000-7fd8185b3000 rw-p 00000000 00:00 0 
7fd8185b3000-7fd8185be000 rw-p 00000000 00:00 0 
7fd8185be000-7fd818606000 rw-p 00000000 00:00 0 
7fd818606000-7fd81862f000 rw-p 00000000 00:00 0 
7fd81862f000-7fd818895000 rw-p 00000000 00:00 0 
7fd818895000-7fd8188ab000 rw-p 00000000 00:00 0 
7fd8188ab000-7fd8188b6000 ---p 00000000 00:00 0 
7fd8188b6000-7fd8189dd000 rw-p 00000000 00:00 0 
7fd8189dd000-7fd8189de000 rw-p 00000000 00:00 0 
7fd8189de000-7fd818c4e000 rwxp 00000000 00:00 0 
7fd818c4e000-7fd81b9de000 rw-p 00000000 00:00 0 
7fd81b9de000-7fd81b9e6000 r-xp 00000000 08:07 393948                     /usr/lib/jvm/java-7-openjdk-amd64/jre/lib/amd64/libzip.so
7fd81b9e6000-7fd81bbe5000 ---p 00008000 08:07 393948                     /usr/lib/jvm/java-7-openjdk-amd64/jre/lib/amd64/libzip.so
7fd81bbe5000-7fd81bbe6000 r--p 00007000 08:07 393948                     /usr/lib/jvm/java-7-openjdk-amd64/jre/lib/amd64/libzip.so
7fd81bbe6000-7fd81bbe7000 rw-p 00008000 08:07 393948                     /usr/lib/jvm/java-7-openjdk-amd64/jre/lib/amd64/libzip.so
7fd81bbe7000-7fd81bbf3000 r-xp 00000000 08:07 1570053                    /lib/x86_64-linux-gnu/libnss_files-2.17.so
7fd81bbf3000-7fd81bdf2000 ---p 0000c000 08:07 1570053                    /lib/x86_64-linux-gnu/libnss_files-2.17.so
7fd81bdf2000-7fd81bdf3000 r--p 0000b000 08:07 1570053                    /lib/x86_64-linux-gnu/libnss_files-2.17.so
7fd81bdf3000-7fd81bdf4000 rw-p 0000c000 08:07 1570053                    /lib/x86_64-linux-gnu/libnss_files-2.17.so
7fd81bdf4000-7fd81bdff000 r-xp 00000000 08:07 1570047                    /lib/x86_64-linux-gnu/libnss_nis-2.17.so
7fd81bdff000-7fd81bffe000 ---p 0000b000 08:07 1570047                    /lib/x86_64-linux-gnu/libnss_nis-2.17.so
7fd81bffe000-7fd81bfff000 r--p 0000a000 08:07 1570047                    /lib/x86_64-linux-gnu/libnss_nis-2.17.so
7fd81bfff000-7fd81c000000 rw-p 0000b000 08:07 1570047                    /lib/x86_64-linux-gnu/libnss_nis-2.17.so
7fd81c000000-7fd81c8a0000 rw-p 00000000 00:00 0 
7fd81c8a0000-7fd820000000 ---p 00000000 00:00 0 
7fd820000000-7fd820001000 r--s 0000a000 08:07 131623                     /tmp/jar_cache555017228946747365.tmp (deleted)
7fd820001000-7fd820004000 r--s 0000c000 08:07 131578                     /tmp/jar_cache7269758707522392008.tmp (deleted)
7fd820004000-7fd820006000 r--s 00013000 08:07 131573                     /tmp/jar_cache7942014471377205377.tmp (deleted)
7fd820006000-7fd82000f000 r--s 00046000 08:07 131509                     /tmp/jar_cache4207664017522556024.tmp (deleted)
7fd82000f000-7fd820011000 r--s 00011000 08:07 131563                     /tmp/jar_cache7400367254070092464.tmp (deleted)
7fd820011000-7fd820014000 r--s 00041000 08:07 131558                     /tmp/jar_cache831645737015886884.tmp (deleted)
7fd820014000-7fd82001a000 r--s 00070000 08:07 131551                     /tmp/jar_cache8949802429805723765.tmp (deleted)
7fd82001a000-7fd820033000 r--s 00112000 08:07 131540                     /tmp/jar_cache3237448036647203567.tmp (deleted)
7fd820033000-7fd820036000 r--s 00014000 08:07 131490                     /tmp/jar_cache4475643460748984757.tmp (deleted)
7fd820036000-7fd82003f000 r--s 00055000 08:07 131536                     /tmp/jar_cache2036234891896821765.tmp (deleted)
7fd82003f000-7fd820047000 r--s 00066000 08:07 131556                     /tmp/jar_cache1991400797651497002.tmp (deleted)
7fd820047000-7fd820048000 ---p 00000000 00:00 0 
7fd820048000-7fd820153000 rw-p 00000000 00:00 0                          [stack:5769]
7fd820153000-7fd82019b000 rw-p 00000000 00:00 0 
7fd82019b000-7fd8201b2000 r-xp 00000000 08:07 1570017                    /lib/x86_64-linux-gnu/libnsl-2.17.so
7fd8201b2000-7fd8203b1000 ---p 00017000 08:07 1570017                    /lib/x86_64-linux-gnu/libnsl-2.17.so
7fd8203b1000-7fd8203b2000 r--p 00016000 08:07 1570017                    /lib/x86_64-linux-gnu/libnsl-2.17.so
7fd8203b2000-7fd8203b3000 rw-p 00017000 08:07 1570017                    /lib/x86_64-linux-gnu/libnsl-2.17.so
7fd8203b3000-7fd8203b5000 rw-p 00000000 00:00 0 
7fd8203b5000-7fd8203bd000 r-xp 00000000 08:07 1570037                    /lib/x86_64-linux-gnu/libnss_compat-2.17.so
7fd8203bd000-7fd8205bc000 ---p 00008000 08:07 1570037                    /lib/x86_64-linux-gnu/libnss_compat-2.17.so
7fd8205bc000-7fd8205bd000 r--p 00007000 08:07 1570037                    /lib/x86_64-linux-gnu/libnss_compat-2.17.so
7fd8205bd000-7fd8205be000 rw-p 00008000 08:07 1570037                    /lib/x86_64-linux-gnu/libnss_compat-2.17.so
7fd8205be000-7fd8205e9000 r-xp 00000000 08:07 393933                     /usr/lib/jvm/java-7-openjdk-amd64/jre/lib/amd64/libjava.so
7fd8205e9000-7fd8207e8000 ---p 0002b000 08:07 393933                     /usr/lib/jvm/java-7-openjdk-amd64/jre/lib/amd64/libjava.so
7fd8207e8000-7fd8207e9000 r--p 0002a000 08:07 393933                     /usr/lib/jvm/java-7-openjdk-amd64/jre/lib/amd64/libjava.so
7fd8207e9000-7fd8207eb000 rw-p 0002b000 08:07 393933                     /usr/lib/jvm/java-7-openjdk-amd64/jre/lib/amd64/libjava.so
7fd8207eb000-7fd8207fa000 r-xp 00000000 08:07 393932                     /usr/lib/jvm/java-7-openjdk-amd64/jre/lib/amd64/libverify.so
7fd8207fa000-7fd8209f9000 ---p 0000f000 08:07 393932                     /usr/lib/jvm/java-7-openjdk-amd64/jre/lib/amd64/libverify.so
7fd8209f9000-7fd8209fb000 r--p 0000e000 08:07 393932                     /usr/lib/jvm/java-7-openjdk-amd64/jre/lib/amd64/libverify.so
7fd8209fb000-7fd8209fc000 rw-p 00010000 08:07 393932                     /usr/lib/jvm/java-7-openjdk-amd64/jre/lib/amd64/libverify.so
7fd8209fc000-7fd820a03000 r-xp 00000000 08:07 1570011                    /lib/x86_64-linux-gnu/librt-2.17.so
7fd820a03000-7fd820c02000 ---p 00007000 08:07 1570011                    /lib/x86_64-linux-gnu/librt-2.17.so
7fd820c02000-7fd820c03000 r--p 00006000 08:07 1570011                    /lib/x86_64-linux-gnu/librt-2.17.so
7fd820c03000-7fd820c04000 rw-p 00007000 08:07 1570011                    /lib/x86_64-linux-gnu/librt-2.17.so
7fd820c04000-7fd820c18000 r-xp 00000000 08:07 1575403                    /lib/x86_64-linux-gnu/libgcc_s.so.1
7fd820c18000-7fd820e18000 ---p 00014000 08:07 1575403                    /lib/x86_64-linux-gnu/libgcc_s.so.1
7fd820e18000-7fd820e19000 r--p 00014000 08:07 1575403                    /lib/x86_64-linux-gnu/libgcc_s.so.1
7fd820e19000-7fd820e1a000 rw-p 00015000 08:07 1575403                    /lib/x86_64-linux-gnu/libgcc_s.so.1
7fd820e1a000-7fd820f1d000 r-xp 00000000 08:07 1570043                    /lib/x86_64-linux-gnu/libm-2.17.so
7fd820f1d000-7fd82111d000 ---p 00103000 08:07 1570043                    /lib/x86_64-linux-gnu/libm-2.17.so
7fd82111d000-7fd82111e000 r--p 00103000 08:07 1570043                    /lib/x86_64-linux-gnu/libm-2.17.so
7fd82111e000-7fd82111f000 rw-p 00104000 08:07 1570043                    /lib/x86_64-linux-gnu/libm-2.17.so
7fd82111f000-7fd821204000 r-xp 00000000 08:07 396463                     /usr/lib/x86_64-linux-gnu/libstdc++.so.6.0.17
7fd821204000-7fd821403000 ---p 000e5000 08:07 396463                     /usr/lib/x86_64-linux-gnu/libstdc++.so.6.0.17
7fd821403000-7fd82140b000 r--p 000e4000 08:07 396463                     /usr/lib/x86_64-linux-gnu/libstdc++.so.6.0.17
7fd82140b000-7fd82140d000 rw-p 000ec000 08:07 396463                     /usr/lib/x86_64-linux-gnu/libstdc++.so.6.0.17
7fd82140d000-7fd821422000 rw-p 00000000 00:00 0 
7fd821422000-7fd821e1d000 r-xp 00000000 08:07 393937                     /usr/lib/jvm/java-7-openjdk-amd64/jre/lib/amd64/server/libjvm.so
7fd821e1d000-7fd82201c000 ---p 009fb000 08:07 393937                     /usr/lib/jvm/java-7-openjdk-amd64/jre/lib/amd64/server/libjvm.so
7fd82201c000-7fd82209b000 r--p 009fa000 08:07 393937                     /usr/lib/jvm/java-7-openjdk-amd64/jre/lib/amd64/server/libjvm.so
7fd82209b000-7fd8220be000 rw-p 00a79000 08:07 393937                     /usr/lib/jvm/java-7-openjdk-amd64/jre/lib/amd64/server/libjvm.so
7fd8220be000-7fd8220e9000 rw-p 00000000 00:00 0 
7fd8220e9000-7fd8220ff000 r-xp 00000000 08:07 1570102                    /lib/x86_64-linux-gnu/libz.so.1.2.7
7fd8220ff000-7fd8222fe000 ---p 00016000 08:07 1570102                    /lib/x86_64-linux-gnu/libz.so.1.2.7
7fd8222fe000-7fd8222ff000 r--p 00015000 08:07 1570102                    /lib/x86_64-linux-gnu/libz.so.1.2.7
7fd8222ff000-7fd822300000 rw-p 00016000 08:07 1570102                    /lib/x86_64-linux-gnu/libz.so.1.2.7
7fd822300000-7fd822318000 r-xp 00000000 08:07 1570041                    /lib/x86_64-linux-gnu/libpthread-2.17.so
7fd822318000-7fd822517000 ---p 00018000 08:07 1570041                    /lib/x86_64-linux-gnu/libpthread-2.17.so
7fd822517000-7fd822518000 r--p 00017000 08:07 1570041                    /lib/x86_64-linux-gnu/libpthread-2.17.so
7fd822518000-7fd822519000 rw-p 00018000 08:07 1570041                    /lib/x86_64-linux-gnu/libpthread-2.17.so
7fd822519000-7fd82251d000 rw-p 00000000 00:00 0 
7fd82251d000-7fd822520000 r-xp 00000000 08:07 1570033                    /lib/x86_64-linux-gnu/libdl-2.17.so
7fd822520000-7fd82271f000 ---p 00003000 08:07 1570033                    /lib/x86_64-linux-gnu/libdl-2.17.so
7fd82271f000-7fd822720000 r--p 00002000 08:07 1570033                    /lib/x86_64-linux-gnu/libdl-2.17.so
7fd822720000-7fd822721000 rw-p 00003000 08:07 1570033                    /lib/x86_64-linux-gnu/libdl-2.17.so
7fd822721000-7fd8228df000 r-xp 00000000 08:07 1570031                    /lib/x86_64-linux-gnu/libc-2.17.so
7fd8228df000-7fd822ade000 ---p 001be000 08:07 1570031                    /lib/x86_64-linux-gnu/libc-2.17.so
7fd822ade000-7fd822ae2000 r--p 001bd000 08:07 1570031                    /lib/x86_64-linux-gnu/libc-2.17.so
7fd822ae2000-7fd822ae4000 rw-p 001c1000 08:07 1570031                    /lib/x86_64-linux-gnu/libc-2.17.so
7fd822ae4000-7fd822ae9000 rw-p 00000000 00:00 0 
7fd822ae9000-7fd822af6000 r-xp 00000000 08:07 393916                     /usr/lib/jvm/java-7-openjdk-amd64/jre/lib/amd64/jli/libjli.so
7fd822af6000-7fd822cf5000 ---p 0000d000 08:07 393916                     /usr/lib/jvm/java-7-openjdk-amd64/jre/lib/amd64/jli/libjli.so
7fd822cf5000-7fd822cf6000 r--p 0000c000 08:07 393916                     /usr/lib/jvm/java-7-openjdk-amd64/jre/lib/amd64/jli/libjli.so
7fd822cf6000-7fd822cf7000 rw-p 0000d000 08:07 393916                     /usr/lib/jvm/java-7-openjdk-amd64/jre/lib/amd64/jli/libjli.so
7fd822cf7000-7fd822d1a000 r-xp 00000000 08:07 1570023                    /lib/x86_64-linux-gnu/ld-2.17.so
7fd822d1a000-7fd822d1c000 r--s 0000d000 08:07 131548                     /tmp/jar_cache2061725691653008414.tmp (deleted)
7fd822d1c000-7fd822d1e000 r--s 00000000 08:07 131487                     /tmp/jar_cache1251105312399371278.tmp (deleted)
7fd822d1e000-7fd822d20000 r--s 00006000 08:07 131519                     /tmp/jar_cache6815660145958427139.tmp (deleted)
7fd822d20000-7fd822d23000 r--s 0000f000 08:07 131537                     /tmp/jar_cache6100833740278485335.tmp (deleted)
7fd822d23000-7fd822d28000 r--s 0004c000 08:07 393778                     /usr/lib/jvm/java-7-openjdk-common/jre/lib/jsse.jar
7fd822d28000-7fd822d31000 r--s 000bc000 08:07 394721                     /usr/lib/jvm/java-7-openjdk-common/jre/lib/resources.jar
7fd822d31000-7fd822d34000 r--s 01ef6000 08:05 13501129                   /home/felps/workspace/CloudTolerance/CloudToleranceEvaluation/jars/ChoreographyEndpointServiceRetryAlternate.jar
7fd822d34000-7fd822d3e000 rw-p 00000000 00:00 0 
7fd822d3e000-7fd822df4000 rw-p 00000000 00:00 0 
7fd822df4000-7fd822df7000 ---p 00000000 00:00 0 
7fd822df7000-7fd822efa000 rw-p 00000000 00:00 0                          [stack:5768]
7fd822efa000-7fd822efb000 r--s 00002000 08:07 131522                     /tmp/jar_cache2700674405146718937.tmp (deleted)
7fd822efb000-7fd822efe000 r--s 0003c000 08:07 394075                     /usr/lib/jvm/java-7-openjdk-common/jre/lib/ext/sunpkcs11.jar
7fd822efe000-7fd822f00000 r--s 00012000 08:07 394716                     /usr/lib/jvm/java-7-openjdk-common/jre/lib/ext/zipfs.jar
7fd822f00000-7fd822f03000 r--s 00032000 08:07 394712                     /usr/lib/jvm/java-7-openjdk-common/jre/lib/ext/sunjce_provider.jar
7fd822f03000-7fd822f07000 r--s 00085000 08:07 394077                     /usr/lib/jvm/java-7-openjdk-common/jre/lib/ext/localedata.jar
7fd822f07000-7fd822f0a000 r--s 0000f000 08:07 394717                     /usr/lib/jvm/java-7-openjdk-common/jre/lib/ext/pulse-java.jar
7fd822f0a000-7fd822f0b000 r--s 00002000 08:07 394714                     /usr/lib/jvm/java-7-openjdk-common/jre/lib/ext/dnsns.jar
7fd822f0b000-7fd822f0d000 r--s 00006000 08:07 802087                     /usr/share/java/java-atk-wrapper.jar
7fd822f0d000-7fd822f15000 rw-s 00000000 08:07 131521                     /tmp/hsperfdata_felps/5766
7fd822f15000-7fd822f16000 rw-p 00000000 00:00 0 
7fd822f16000-7fd822f17000 r--p 00000000 00:00 0 
7fd822f17000-7fd822f19000 rw-p 00000000 00:00 0 
7fd822f19000-7fd822f1a000 r--p 00022000 08:07 1570023                    /lib/x86_64-linux-gnu/ld-2.17.so
7fd822f1a000-7fd822f1c000 rw-p 00023000 08:07 1570023                    /lib/x86_64-linux-gnu/ld-2.17.so
7fffc4f7c000-7fffc4f9d000 rw-p 00000000 00:00 0                          [stack]
7fffc4fb8000-7fffc4fba000 r-xp 00000000 00:00 0                          [vdso]
ffffffffff600000-ffffffffff601000 r-xp 00000000 00:00 0                  [vsyscall]

VM Arguments:
java_command: ChoreographyEndpointServiceRetryAlternate.jar http://0.0.0.0:22092/choreography http://127.0.0.1:22092/choreography?wsdl addOne http://godzilla.ime.usp.br:22092/Linear?wsdl http://godzilla.ime.usp.br:23092/Linear?wsdl http://godzilla.ime.usp.br:24092/Linear?wsdl
Launcher Type: SUN_STANDARD

Environment Variables:
PATH=/usr/local/sbin:/usr/local/bin:/usr/sbin:/usr/bin:/sbin:/bin:/usr/games:/usr/local/games
USERNAME=felps
SHELL=/bin/bash
DISPLAY=:0

Signal Handlers:
SIGSEGV: [libjvm.so+0x857ed0], sa_mask[0]=0x7ffbfeff, sa_flags=0x10000004
SIGBUS: [libjvm.so+0x857ed0], sa_mask[0]=0x7ffbfeff, sa_flags=0x10000004
SIGFPE: [libjvm.so+0x6f8ab0], sa_mask[0]=0x7ffbfeff, sa_flags=0x10000004
SIGPIPE: SIG_IGN, sa_mask[0]=0x00000000, sa_flags=0x00000000
SIGXFSZ: [libjvm.so+0x6f8ab0], sa_mask[0]=0x7ffbfeff, sa_flags=0x10000004
SIGILL: [libjvm.so+0x6f8ab0], sa_mask[0]=0x7ffbfeff, sa_flags=0x10000004
SIGUSR1: SIG_DFL, sa_mask[0]=0x00000000, sa_flags=0x00000000
SIGUSR2: [libjvm.so+0x6f8e80], sa_mask[0]=0x00000000, sa_flags=0x10000004
SIGHUP: [libjvm.so+0x6f8fc0], sa_mask[0]=0x7ffbfeff, sa_flags=0x10000004
SIGINT: SIG_IGN, sa_mask[0]=0x00000000, sa_flags=0x00000000
SIGTERM: [libjvm.so+0x6f8fc0], sa_mask[0]=0x7ffbfeff, sa_flags=0x10000004
SIGQUIT: [libjvm.so+0x6f8fc0], sa_mask[0]=0x7ffbfeff, sa_flags=0x10000004


---------------  S Y S T E M  ---------------

OS:Ubuntu 13.04 (raring)
uname:Linux 3.8.2-030802-generic #201303031906 SMP Mon Mar 4 00:07:09 UTC 2013 x86_64
libc:glibc 2.17 NPTL 2.17 
rlimit: STACK 8192k, CORE 0k, NPROC 62749, NOFILE 4096, AS infinity
load average:11.78 7.08 4.38

/proc/meminfo:
MemTotal:        8050052 kB
MemFree:          371852 kB
Buffers:          108588 kB
Cached:          2796740 kB
SwapCached:            0 kB
Active:          4177428 kB
Inactive:        2206308 kB
Active(anon):    3108484 kB
Inactive(anon):   953588 kB
Active(file):    1068944 kB
Inactive(file):  1252720 kB
Unevictable:         112 kB
Mlocked:             112 kB
SwapTotal:       4885500 kB
SwapFree:        4885476 kB
Dirty:              1220 kB
Writeback:             0 kB
AnonPages:       3478448 kB
Mapped:           336876 kB
Shmem:            583964 kB
Slab:            1143496 kB
SReclaimable:     888800 kB
SUnreclaim:       254696 kB
KernelStack:        7224 kB
PageTables:        45952 kB
NFS_Unstable:          0 kB
Bounce:                0 kB
WritebackTmp:          0 kB
CommitLimit:     8910524 kB
Committed_AS:    9677748 kB
VmallocTotal:   34359738367 kB
VmallocUsed:      583788 kB
VmallocChunk:   34359148540 kB
HardwareCorrupted:     0 kB
AnonHugePages:         0 kB
HugePages_Total:       0
HugePages_Free:        0
HugePages_Rsvd:        0
HugePages_Surp:        0
Hugepagesize:       2048 kB
DirectMap4k:       67584 kB
DirectMap2M:     8228864 kB


CPU:total 8 (4 cores per cpu, 2 threads per core) family 6 model 58 stepping 9, cmov, cx8, fxsr, mmx, sse, sse2, sse3, ssse3, sse4.1, sse4.2, popcnt, avx, ht, tsc, tscinvbit, tscinv

/proc/cpuinfo:
processor	: 0
vendor_id	: GenuineIntel
cpu family	: 6
model		: 58
model name	: Intel(R) Core(TM) i7-3612QM CPU @ 2.10GHz
stepping	: 9
microcode	: 0x15
cpu MHz		: 2100.000
cache size	: 6144 KB
physical id	: 0
siblings	: 8
core id		: 0
cpu cores	: 4
apicid		: 0
initial apicid	: 0
fpu		: yes
fpu_exception	: yes
cpuid level	: 13
wp		: yes
flags		: fpu vme de pse tsc msr pae mce cx8 apic sep mtrr pge mca cmov pat pse36 clflush dts acpi mmx fxsr sse sse2 ss ht tm pbe syscall nx rdtscp lm constant_tsc arch_perfmon pebs bts rep_good nopl xtopology nonstop_tsc aperfmperf eagerfpu pni pclmulqdq dtes64 monitor ds_cpl vmx est tm2 ssse3 cx16 xtpr pdcm pcid sse4_1 sse4_2 x2apic popcnt tsc_deadline_timer aes xsave avx f16c rdrand lahf_lm ida arat epb xsaveopt pln pts dtherm tpr_shadow vnmi flexpriority ept vpid fsgsbase smep erms
bogomips	: 4190.47
clflush size	: 64
cache_alignment	: 64
address sizes	: 36 bits physical, 48 bits virtual
power management:

processor	: 1
vendor_id	: GenuineIntel
cpu family	: 6
model		: 58
model name	: Intel(R) Core(TM) i7-3612QM CPU @ 2.10GHz
stepping	: 9
microcode	: 0x15
cpu MHz		: 2100.000
cache size	: 6144 KB
physical id	: 0
siblings	: 8
core id		: 0
cpu cores	: 4
apicid		: 1
initial apicid	: 1
fpu		: yes
fpu_exception	: yes
cpuid level	: 13
wp		: yes
flags		: fpu vme de pse tsc msr pae mce cx8 apic sep mtrr pge mca cmov pat pse36 clflush dts acpi mmx fxsr sse sse2 ss ht tm pbe syscall nx rdtscp lm constant_tsc arch_perfmon pebs bts rep_good nopl xtopology nonstop_tsc aperfmperf eagerfpu pni pclmulqdq dtes64 monitor ds_cpl vmx est tm2 ssse3 cx16 xtpr pdcm pcid sse4_1 sse4_2 x2apic popcnt tsc_deadline_timer aes xsave avx f16c rdrand lahf_lm ida arat epb xsaveopt pln pts dtherm tpr_shadow vnmi flexpriority ept vpid fsgsbase smep erms
bogomips	: 4190.47
clflush size	: 64
cache_alignment	: 64
address sizes	: 36 bits physical, 48 bits virtual
power management:

processor	: 2
vendor_id	: GenuineIntel
cpu family	: 6
model		: 58
model name	: Intel(R) Core(TM) i7-3612QM CPU @ 2.10GHz
stepping	: 9
microcode	: 0x15
cpu MHz		: 2100.000
cache size	: 6144 KB
physical id	: 0
siblings	: 8
core id		: 1
cpu cores	: 4
apicid		: 2
initial apicid	: 2
fpu		: yes
fpu_exception	: yes
cpuid level	: 13
wp		: yes
flags		: fpu vme de pse tsc msr pae mce cx8 apic sep mtrr pge mca cmov pat pse36 clflush dts acpi mmx fxsr sse sse2 ss ht tm pbe syscall nx rdtscp lm constant_tsc arch_perfmon pebs bts rep_good nopl xtopology nonstop_tsc aperfmperf eagerfpu pni pclmulqdq dtes64 monitor ds_cpl vmx est tm2 ssse3 cx16 xtpr pdcm pcid sse4_1 sse4_2 x2apic popcnt tsc_deadline_timer aes xsave avx f16c rdrand lahf_lm ida arat epb xsaveopt pln pts dtherm tpr_shadow vnmi flexpriority ept vpid fsgsbase smep erms
bogomips	: 4190.47
clflush size	: 64
cache_alignment	: 64
address sizes	: 36 bits physical, 48 bits virtual
power management:

processor	: 3
vendor_id	: GenuineIntel
cpu family	: 6
model		: 58
model name	: Intel(R) Core(TM) i7-3612QM CPU @ 2.10GHz
stepping	: 9
microcode	: 0x15
cpu MHz		: 2100.000
cache size	: 6144 KB
physical id	: 0
siblings	: 8
core id		: 1
cpu cores	: 4
apicid		: 3
initial apicid	: 3
fpu		: yes
fpu_exception	: yes
cpuid level	: 13
wp		: yes
flags		: fpu vme de pse tsc msr pae mce cx8 apic sep mtrr pge mca cmov pat pse36 clflush dts acpi mmx fxsr sse sse2 ss ht tm pbe syscall nx rdtscp lm constant_tsc arch_perfmon pebs bts rep_good nopl xtopology nonstop_tsc aperfmperf eagerfpu pni pclmulqdq dtes64 monitor ds_cpl vmx est tm2 ssse3 cx16 xtpr pdcm pcid sse4_1 sse4_2 x2apic popcnt tsc_deadline_timer aes xsave avx f16c rdrand lahf_lm ida arat epb xsaveopt pln pts dtherm tpr_shadow vnmi flexpriority ept vpid fsgsbase smep erms
bogomips	: 4190.47
clflush size	: 64
cache_alignment	: 64
address sizes	: 36 bits physical, 48 bits virtual
power management:

processor	: 4
vendor_id	: GenuineIntel
cpu family	: 6
model		: 58
model name	: Intel(R) Core(TM) i7-3612QM CPU @ 2.10GHz
stepping	: 9
microcode	: 0x15
cpu MHz		: 2100.000
cache size	: 6144 KB
physical id	: 0
siblings	: 8
core id		: 2
cpu cores	: 4
apicid		: 4
initial apicid	: 4
fpu		: yes
fpu_exception	: yes
cpuid level	: 13
wp		: yes
flags		: fpu vme de pse tsc msr pae mce cx8 apic sep mtrr pge mca cmov pat pse36 clflush dts acpi mmx fxsr sse sse2 ss ht tm pbe syscall nx rdtscp lm constant_tsc arch_perfmon pebs bts rep_good nopl xtopology nonstop_tsc aperfmperf eagerfpu pni pclmulqdq dtes64 monitor ds_cpl vmx est tm2 ssse3 cx16 xtpr pdcm pcid sse4_1 sse4_2 x2apic popcnt tsc_deadline_timer aes xsave avx f16c rdrand lahf_lm ida arat epb xsaveopt pln pts dtherm tpr_shadow vnmi flexpriority ept vpid fsgsbase smep erms
bogomips	: 4190.47
clflush size	: 64
cache_alignment	: 64
address sizes	: 36 bits physical, 48 bits virtual
power management:

processor	: 5
vendor_id	: GenuineIntel
cpu family	: 6
model		: 58
model name	: Intel(R) Core(TM) i7-3612QM CPU @ 2.10GHz
stepping	: 9
microcode	: 0x15
cpu MHz		: 1200.000
cache size	: 6144 KB
physical id	: 0
siblings	: 8
core id		: 2
cpu cores	: 4
apicid		: 5
initial apicid	: 5
fpu		: yes
fpu_exception	: yes
cpuid level	: 13
wp		: yes
flags		: fpu vme de pse tsc msr pae mce cx8 apic sep mtrr pge mca cmov pat pse36 clflush dts acpi mmx fxsr sse sse2 ss ht tm pbe syscall nx rdtscp lm constant_tsc arch_perfmon pebs bts rep_good nopl xtopology nonstop_tsc aperfmperf eagerfpu pni pclmulqdq dtes64 monitor ds_cpl vmx est tm2 ssse3 cx16 xtpr pdcm pcid sse4_1 sse4_2 x2apic popcnt tsc_deadline_timer aes xsave avx f16c rdrand lahf_lm ida arat epb xsaveopt pln pts dtherm tpr_shadow vnmi flexpriority ept vpid fsgsbase smep erms
bogomips	: 4190.47
clflush size	: 64
cache_alignment	: 64
address sizes	: 36 bits physical, 48 bits virtual
power management:

processor	: 6
vendor_id	: GenuineIntel
cpu family	: 6
model		: 58
model name	: Intel(R) Core(TM) i7-3612QM CPU @ 2.10GHz
stepping	: 9
microcode	: 0x15
cpu MHz		: 2100.000
cache size	: 6144 KB
physical id	: 0
siblings	: 8
core id		: 3
cpu cores	: 4
apicid		: 6
initial apicid	: 6
fpu		: yes
fpu_exception	: yes
cpuid level	: 13
wp		: yes
flags		: fpu vme de pse tsc msr pae mce cx8 apic sep mtrr pge mca cmov pat pse36 clflush dts acpi mmx fxsr sse sse2 ss ht tm pbe syscall nx rdtscp lm constant_tsc arch_perfmon pebs bts rep_good nopl xtopology nonstop_tsc aperfmperf eagerfpu pni pclmulqdq dtes64 monitor ds_cpl vmx est tm2 ssse3 cx16 xtpr pdcm pcid sse4_1 sse4_2 x2apic popcnt tsc_deadline_timer aes xsave avx f16c rdrand lahf_lm ida arat epb xsaveopt pln pts dtherm tpr_shadow vnmi flexpriority ept vpid fsgsbase smep erms
bogomips	: 4190.47
clflush size	: 64
cache_alignment	: 64
address sizes	: 36 bits physical, 48 bits virtual
power management:

processor	: 7
vendor_id	: GenuineIntel
cpu family	: 6
model		: 58
model name	: Intel(R) Core(TM) i7-3612QM CPU @ 2.10GHz
stepping	: 9
microcode	: 0x15
cpu MHz		: 2100.000
cache size	: 6144 KB
physical id	: 0
siblings	: 8
core id		: 3
cpu cores	: 4
apicid		: 7
initial apicid	: 7
fpu		: yes
fpu_exception	: yes
cpuid level	: 13
wp		: yes
flags		: fpu vme de pse tsc msr pae mce cx8 apic sep mtrr pge mca cmov pat pse36 clflush dts acpi mmx fxsr sse sse2 ss ht tm pbe syscall nx rdtscp lm constant_tsc arch_perfmon pebs bts rep_good nopl xtopology nonstop_tsc aperfmperf eagerfpu pni pclmulqdq dtes64 monitor ds_cpl vmx est tm2 ssse3 cx16 xtpr pdcm pcid sse4_1 sse4_2 x2apic popcnt tsc_deadline_timer aes xsave avx f16c rdrand lahf_lm ida arat epb xsaveopt pln pts dtherm tpr_shadow vnmi flexpriority ept vpid fsgsbase smep erms
bogomips	: 4190.47
clflush size	: 64
cache_alignment	: 64
address sizes	: 36 bits physical, 48 bits virtual
power management:



Memory: 4k page, physical 8050052k(371852k free), swap 4885500k(4885476k free)

vm_info: OpenJDK 64-Bit Server VM (23.7-b01) for linux-amd64 JRE (1.7.0_21-b02), built on Apr 22 2013 07:43:15 by "buildd" with gcc 4.7.3

time: Fri Jun  7 17:43:25 2013
elapsed time: 185 seconds

