-- :--:12 09:16:24 INFO  ParallelRequestsEvaluation:88 - Starting evaluation with 1 parallel requests
value: 4
time: 148
-- :--:12 09:16:27 10 parallel requests
value: 4
time: 186
value: 4
time: 201
value: 4
time: 236
value: 4
time: 268
value: 4
time: 282
value: 4
time: 297
value: 4
time: 317
value: 4
time: 301
value: 4
time: 301
value: 4
time: 302
-- :--:12 09:16:30 INFO  ParallelRequestsEvaluation:94 - Starting evaluation with 20 parallel requests
value: 4
time: 148
value: 4
time: 164
value: 4
time: 174
value: 4
time: 188
value: 4
time: 189
value: 4
time: 229
value: 4
time: 233
value: 4
time: 234
value: 4
time: 231
value: 4
time: 237
value: 4
time: 264
value: 4
time: 270
value: 4
time: 288
value: 4
time: 290
value: 4
time: 288
value: 4
time: 288
value: 4
time: 303
value: 4
time: 301
value: 4
time: 298
value: 4
time: 301
-- :--:12 09:16:33 INFO  ParallelRequestsEvaluation:97 - Starting evaluation with 30 parallel requests
value: 4
time: 180
value: 4
time: 193
value: 4
time: 184
value: 4
time: 199
value: 4
time: 199
value: 4
time: 193
value: 4
time: 213
value: 4
time: 213
value: 4
time: 236
value: 4
time: 231
value: 4
time: 246
value: 4
time: 257
value: 4
time: 260
value: 4
time: 254
value: 4
time: 270
value: 4
time: 287
value: 4
time: 282
value: 4
time: 290
value: 4
time: 285
value: 4
time: 283
value: 4
time: 306
value: 4
time: 297
value: 4
time: 293
value: 4
time: 301
value: 4
time: 302
value: 4
time: 314
value: 4
time: 315
value: 4
time: 339
value: 4
time: 329
value: 4
time: 342
-- :--:12 09:16:36 INFO  ParallelRequestsEvaluation:100 - Starting evaluation with 40 parallel requests
value: 4
time: 179
value: 4
time: 183
value: 4
time: 184
value: 4
time: 241
value: 4
time: 243
value: 4
time: 243
value: 4
time: 250
value: 4
time: 273
value: 4
time: 285
value: 4
time: 282
value: 4
time: 297
value: 4
time: 292
value: 4
time: 313
value: 4
time: 317
value: 4
time: 327
value: 4
time: 332
value: 4
time: 338
value: 4
time: 333
value: 4
time: 345
value: 4
time: 348
value: 4
time: 360
value: 4
time: 357
value: 4
time: 389
value: 4
time: 382
value: 4
time: 390
value: 4
time: 384
value: 4
time: 392
value: 4
time: 405
value: 4
time: 404
value: 4
time: 405
value: 4
time: 399
value: 4
time: 397
value: 4
time: 404
value: 4
time: 398
value: 4
time: 406
value: 4
time: 429
value: 4
time: 434
value: 4
time: 426
value: 4
time: 440
value: 4
time: 422
-- :--:12 09:16:39 INFO  ParallelRequestsEvaluation:103 - Starting evaluation with 50 parallel requests
value: 4
time: 198
value: 4
time: 225
value: 4
time: 225
value: 4
time: 230
value: 4
time: 233
value: 4
time: 385
value: 4
time: 382
value: 4
time: 391
value: 4
time: 375
value: 4
time: 386
value: 4
time: 440
value: 4
time: 447
value: 4
time: 435
value: 4
time: 415
value: 4
time: 419
value: 4
time: 503
value: 4
time: 519
value: 4
time: 490
value: 4
time: 521
value: 4
time: 488
value: 4
time: 533
value: 4
time: 515
value: 4
time: 538
value: 4
time: 568
value: 4
time: 543
value: 4
time: 567
value: 4
time: 569
value: 4
time: 571
value: 4
time: 541
value: 4
time: 570
value: 4
time: 570
value: 4
time: 537
value: 4
time: 574
value: 4
time: 573
value: 4
time: 543
value: 4
time: 548
value: 4
time: 540
value: 4
time: 545
value: 4
time: 577
value: 4
time: 562
value: 4
time: 547
value: 4
time: 577
value: 4
time: 578
value: 4
time: 566
value: 4
time: 577
value: 4
time: 573
value: 4
time: 554
value: 4
time: 574
value: 4
time: 578
value: 4
time: 575
-- :--:12 09:16:43 INFO  ParallelRequestsEvaluation:106 - Starting evaluation with 60 parallel requests
value: 4
time: 213
value: 4
time: 223
value: 4
time: 227
value: 4
time: 258
value: 4
time: 259
value: 4
time: 254
value: 4
time: 348
value: 4
time: 365
value: 4
time: 362
value: 4
time: 362
value: 4
time: 358
value: 4
time: 403
value: 4
time: 425
value: 4
time: 429
value: 4
time: 435
value: 4
time: 435
value: 4
time: 438
value: 4
time: 481
value: 4
time: 482
value: 4
time: 477
value: 4
time: 461
value: 4
time: 468
value: 4
time: 469
value: 4
time: 484
value: 4
time: 470
value: 4
time: 471
value: 4
time: 493
value: 4
time: 469
value: 4
time: 469
value: 4
time: 480
value: 4
time: 474
value: 4
time: 494
value: 4
time: 491
value: 4
time: 488
value: 4
time: 518
value: 4
time: 507
value: 4
time: 507
value: 4
time: 519
value: 4
time: 514
value: 4
time: 531
value: 4
time: 535
value: 4
time: 512
value: 4
time: 532
value: 4
time: 532
value: 4
time: 513
value: 4
time: 513
value: 4
time: 523
value: 4
time: 538
value: 4
time: 518
value: 4
time: 538
value: 4
time: 515
value: 4
time: 540
value: 4
time: 541
value: 4
time: 517
value: 4
time: 519
value: 4
time: 537
value: 4
time: 545
value: 4
time: 528
value: 4
time: 547
value: 4
time: 554
-- :--:12 09:16:46 INFO  ParallelRequestsEvaluation:109 - Starting evaluation with 70 parallel requests
value: 4
time: 182
value: 4
time: 183
value: 4
time: 229
value: 4
time: 233
value: 4
time: 232
value: 4
time: 249
value: 4
time: 248
value: 4
time: 269
value: 4
time: 292
value: 4
time: 289
value: 4
time: 298
value: 4
time: 297
value: 4
time: 365
value: 4
time: 365
value: 4
time: 367
value: 4
time: 368
value: 4
time: 367
value: 4
time: 380
value: 4
time: 433
value: 4
time: 431
value: 4
time: 435
value: 4
time: 434
value: 4
time: 435
value: 4
time: 436
value: 4
time: 441
value: 4
time: 439
value: 4
time: 439
value: 4
time: 442
value: 4
time: 444
value: 4
time: 496
value: 4
time: 497
value: 4
time: 493
value: 4
time: 496
value: 4
time: 495
value: 4
time: 500
value: 4
time: 499
value: 4
time: 498
value: 4
time: 497
value: 4
time: 500
value: 4
time: 503
value: 4
time: 502
value: 4
time: 501
value: 4
time: 501
value: 4
time: 503
value: 4
time: 504
value: 4
time: 506
value: 4
time: 506
value: 4
time: 505
value: 4
time: 507
value: 4
time: 507
value: 4
time: 502
value: 4
time: 506
value: 4
time: 509
value: 4
time: 508
value: 4
time: 535
value: 4
time: 536
value: 4
time: 537
value: 4
time: 538
value: 4
time: 539
value: 4
time: 536
value: 4
time: 537
value: 4
time: 540
value: 4
time: 543
value: 4
time: 540
value: 4
time: 541
value: 4
time: 542
value: 4
time: 554
value: 4
time: 554
value: 4
time: 556
value: 4
time: 653
-- :--:12 09:16:49 INFO  ParallelRequestsEvaluation:112 - Starting evaluation with 80 parallel requests
value: 4
time: 210
value: 4
time: 211
value: 4
time: 212
value: 4
time: 217
value: 4
time: 282
value: 4
time: 298
value: 4
time: 299
value: 4
time: 381
value: 4
time: 381
value: 4
time: 439
value: 4
time: 442
value: 4
time: 482
value: 4
time: 484
value: 4
time: 485
value: 4
time: 487
value: 4
time: 487
value: 4
time: 488
value: 4
time: 512
value: 4
time: 502
value: 4
time: 527
value: 4
time: 534
value: 4
time: 539
value: 4
time: 540
value: 4
time: 543
value: 4
time: 543
value: 4
time: 544
value: 4
time: 545
value: 4
time: 543
value: 4
time: 545
value: 4
time: 546
value: 4
time: 536
value: 4
time: 546
value: 4
time: 546
value: 4
time: 547
value: 4
time: 549
value: 4
time: 549
value: 4
time: 560
value: 4
time: 560
value: 4
time: 564
value: 4
time: 562
value: 4
time: 572
value: 4
time: 573
value: 4
time: 573
value: 4
time: 575
value: 4
time: 578
value: 4
time: 580
value: 4
time: 589
value: 4
time: 591
value: 4
time: 590
value: 4
time: 591
value: 4
time: 591
value: 4
time: 591
value: 4
time: 664
value: 4
time: 662
value: 4
time: 667
value: 4
time: 681
value: 4
time: 682
value: 4
time: 682
value: 4
time: 683
value: 4
time: 684
value: 4
time: 766
value: 4
time: 767
value: 4
time: 769
value: 4
time: 769
value: 4
time: 772
value: 4
time: 772
value: 4
time: 772
value: 4
time: 772
value: 4
time: 772
value: 4
time: 803
value: 4
time: 792
value: 4
time: 803
value: 4
time: 793
value: 4
time: 804
value: 4
time: 3444
value: 4
time: 3447
value: 4
time: 3453
value: 4
time: 3454
value: 4
time: 3455
value: 4
time: 3485
-- :--:12 09:16:55 INFO  ParallelRequestsEvaluation:115 - Starting evaluation with 90 parallel requests
value: 4
time: 447
value: 4
time: 447
value: 4
time: 445
value: 4
time: 449
value: 4
time: 450
value: 4
time: 522
value: 4
time: 523
value: 4
time: 525
value: 4
time: 529
value: 4
time: 528
value: 4
time: 626
value: 4
time: 625
value: 4
time: 624
value: 4
time: 628
value: 4
time: 628
value: 4
time: 632
value: 4
time: 631
value: 4
time: 633
value: 4
time: 631
value: 4
time: 632
value: 4
time: 633
value: 4
time: 636
value: 4
time: 634
value: 4
time: 637
value: 4
time: 638
value: 4
time: 638
value: 4
time: 638
value: 4
time: 639
value: 4
time: 642
value: 4
time: 644
value: 4
time: 645
value: 4
time: 643
value: 4
time: 646
value: 4
time: 742
value: 4
time: 742
value: 4
time: 742
value: 4
time: 743
value: 4
time: 742
value: 4
time: 745
value: 4
time: 745
value: 4
time: 748
value: 4
time: 748
value: 4
time: 749
value: 4
time: 747
value: 4
time: 750
value: 4
time: 750
value: 4
time: 749
value: 4
time: 750
value: 4
time: 752
value: 4
time: 752
value: 4
time: 752
value: 4
time: 755
value: 4
time: 752
value: 4
time: 752
value: 4
time: 755
value: 4
time: 755
value: 4
time: 754
value: 4
time: 756
value: 4
time: 777
value: 4
time: 773
value: 4
time: 775
value: 4
time: 776
value: 4
time: 774
value: 4
time: 778
value: 4
time: 780
value: 4
time: 781
value: 4
time: 783
value: 4
time: 792
value: 4
time: 793
value: 4
time: 796
value: 4
time: 796
value: 4
time: 795
value: 4
time: 797
value: 4
time: 799
value: 4
time: 799
value: 4
time: 799
value: 4
time: 798
value: 4
time: 800
value: 4
time: 802
value: 4
time: 801
value: 4
time: 801
value: 4
time: 811
value: 4
time: 811
value: 4
time: 811
value: 4
time: 816
value: 4
time: 817
value: 4
time: 816
value: 4
time: 835
value: 4
time: 836
value: 4
time: 836
-- :--:12 09:16:58 INFO  ParallelRequestsEvaluation:118 - Starting evaluation with 100 parallel requests
value: 4
time: 178
value: 4
time: 231
value: 4
time: 232
value: 4
time: 233
value: 4
time: 235
value: 4
time: 323
value: 4
time: 332
value: 4
time: 336
value: 4
time: 337
value: 4
time: 339
value: 4
time: 433
value: 4
time: 435
value: 4
time: 439
value: 4
time: 445
value: 4
time: 444
value: 4
time: 491
value: 4
time: 496
value: 4
time: 503
value: 4
time: 501
value: 4
time: 514
value: 4
time: 510
value: 4
time: 523
value: 4
time: 596
value: 4
time: 590
value: 4
time: 587
value: 4
time: 586
value: 4
time: 587
value: 4
time: 600
value: 4
time: 601
value: 4
time: 596
value: 4
time: 600
value: 4
time: 596
value: 4
time: 600
value: 4
time: 601
value: 4
time: 602
value: 4
time: 610
value: 4
time: 598
value: 4
time: 599
value: 4
time: 605
value: 4
time: 613
value: 4
time: 601
value: 4
time: 602
value: 4
time: 603
value: 4
time: 607
value: 4
time: 663
value: 4
time: 664
value: 4
time: 659
value: 4
time: 652
value: 4
time: 653
value: 4
time: 659
value: 4
time: 662
value: 4
time: 660
value: 4
time: 672
value: 4
time: 662
value: 4
time: 667
value: 4
time: 669
value: 4
time: 667
value: 4
time: 672
value: 4
time: 677
value: 4
time: 669
value: 4
time: 669
value: 4
time: 669
value: 4
time: 668
value: 4
time: 669
value: 4
time: 681
value: 4
time: 681
value: 4
time: 681
value: 4
time: 670
value: 4
time: 672
value: 4
time: 692
value: 4
time: 682
value: 4
time: 694
value: 4
time: 696
value: 4
time: 694
value: 4
time: 701
value: 4
time: 695
value: 4
time: 702
value: 4
time: 697
value: 4
time: 701
value: 4
time: 698
value: 4
time: 711
value: 4
time: 730
value: 4
time: 733
value: 4
time: 732
value: 4
time: 758
value: 4
time: 770
value: 4
time: 783
value: 4
time: 783
value: 4
time: 772
value: 4
time: 802
value: 4
time: 803
value: 4
time: 805
value: 4
time: 811
value: 4
time: 812
value: 4
time: 825
value: 4
time: 828
value: 4
time: 844
value: 4
time: 854
value: 4
time: 855
value: 4
time: 850
-- :--:12 09:18:11 INFO  ParallelRequestsEvaluation:76 - Initiating Multiple Proxies Evaluation
-- :--:12 09:18:14 INFO  ParallelRequestsEvaluation:88 - Starting evaluation with 1 parallel requests
value: 4
time: 147
-- :--:12 09:18:17 10 parallel requests
value: 4
time: 198
value: 4
time: 211
value: 4
time: 242
value: 4
time: 269
value: 4
time: 315
value: 4
time: 295
value: 4
time: 306
value: 4
time: 325
value: 4
time: 325
value: 4
time: 326
-- :--:12 09:18:20 INFO  ParallelRequestsEvaluation:94 - Starting evaluation with 20 parallel requests
value: 4
time: 160
value: 4
time: 175
value: 4
time: 174
value: 4
time: 178
value: 4
time: 194
value: 4
time: 201
value: 4
time: 210
value: 4
time: 227
value: 4
time: 222
value: 4
time: 236
value: 4
time: 238
value: 4
time: 237
value: 4
time: 319
value: 4
time: 313
value: 4
time: 339
value: 4
time: 346
value: 4
time: 346
value: 4
time: 344
value: 4
time: 348
value: 4
time: 1148
-- :--:12 09:18:24 INFO  ParallelRequestsEvaluation:97 - Starting evaluation with 30 parallel requests
value: 4
time: 238
value: 4
time: 236
value: 4
time: 224
value: 4
time: 247
value: 4
time: 306
value: 4
time: 305
value: 4
time: 309
value: 4
time: 309
value: 4
time: 296
value: 4
time: 376
value: 4
time: 379
value: 4
time: 375
value: 4
time: 375
value: 4
time: 395
value: 4
time: 378
value: 4
time: 375
value: 4
time: 396
value: 4
time: 410
value: 4
time: 409
value: 4
time: 410
value: 4
time: 422
value: 4
time: 419
value: 4
time: 418
value: 4
time: 419
value: 4
time: 418
value: 4
time: 436
value: 4
time: 419
value: 4
time: 434
value: 4
time: 420
value: 4
time: 451
-- :--:12 09:18:27 INFO  ParallelRequestsEvaluation:100 - Starting evaluation with 40 parallel requests
value: 4
time: 247
value: 4
time: 244
value: 4
time: 247
value: 4
time: 248
value: 4
time: 251
value: 4
time: 272
value: 4
time: 274
value: 4
time: 273
value: 4
time: 419
value: 4
time: 414
value: 4
time: 421
value: 4
time: 417
value: 4
time: 418
value: 4
time: 448
value: 4
time: 452
value: 4
time: 466
value: 4
time: 462
value: 4
time: 463
value: 4
time: 466
value: 4
time: 480
value: 4
time: 489
value: 4
time: 498
value: 4
time: 503
value: 4
time: 492
value: 4
time: 506
value: 4
time: 503
value: 4
time: 514
value: 4
time: 514
value: 4
time: 513
value: 4
time: 516
value: 4
time: 521
value: 4
time: 508
value: 4
time: 510
value: 4
time: 509
value: 4
time: 521
value: 4
time: 523
value: 4
time: 548
value: 4
time: 542
value: 4
time: 543
value: 4
time: 743
-- :--:12 09:18:30 INFO  ParallelRequestsEvaluation:103 - Starting evaluation with 50 parallel requests
value: 4
time: 219
value: 4
time: 270
value: 4
time: 270
value: 4
time: 271
value: 4
time: 278
value: 4
time: 257
value: 4
time: 316
value: 4
time: 315
value: 4
time: 345
value: 4
time: 358
value: 4
time: 336
value: 4
time: 359
value: 4
time: 348
value: 4
time: 350
value: 4
time: 370
value: 4
time: 385
value: 4
time: 392
value: 4
time: 392
value: 4
time: 409
value: 4
time: 411
value: 4
time: 403
value: 4
time: 418
value: 4
time: 412
value: 4
time: 415
value: 4
time: 458
value: 4
time: 455
value: 4
time: 452
value: 4
time: 464
value: 4
time: 461
value: 4
time: 470
value: 4
time: 460
value: 4
time: 460
value: 4
time: 456
value: 4
time: 478
value: 4
time: 454
value: 4
time: 459
value: 4
time: 480
value: 4
time: 476
value: 4
time: 465
value: 4
time: 477
value: 4
time: 457
value: 4
time: 461
value: 4
time: 464
value: 4
time: 457
value: 4
time: 466
value: 4
time: 461
value: 4
time: 467
value: 4
time: 622
value: 4
time: 655
value: 4
time: 685
-- :--:12 09:18:33 INFO  ParallelRequestsEvaluation:106 - Starting evaluation with 60 parallel requests
value: 4
time: 231
value: 4
time: 231
value: 4
time: 233
value: 4
time: 235
value: 4
time: 330
value: 4
time: 338
value: 4
time: 339
value: 4
time: 338
value: 4
time: 328
value: 4
time: 396
value: 4
time: 402
value: 4
time: 394
value: 4
time: 394
value: 4
time: 490
value: 4
time: 487
value: 4
time: 504
value: 4
time: 484
value: 4
time: 507
value: 4
time: 550
value: 4
time: 548
value: 4
time: 538
value: 4
time: 539
value: 4
time: 543
value: 4
time: 540
value: 4
time: 535
value: 4
time: 530
value: 4
time: 535
value: 4
time: 551
value: 4
time: 597
value: 4
time: 589
value: 4
time: 579
value: 4
time: 579
value: 4
time: 578
value: 4
time: 577
value: 4
time: 583
value: 4
time: 582
value: 4
time: 602
value: 4
time: 581
value: 4
time: 579
value: 4
time: 586
value: 4
time: 592
value: 4
time: 595
value: 4
time: 594
value: 4
time: 586
value: 4
time: 583
value: 4
time: 594
value: 4
time: 585
value: 4
time: 588
value: 4
time: 585
value: 4
time: 597
value: 4
time: 599
value: 4
time: 602
value: 4
time: 585
value: 4
time: 605
value: 4
time: 618
value: 4
time: 639
value: 4
time: 661
value: 4
time: 656
value: 4
time: 1137
value: 4
time: 3400
-- :--:12 09:18:39 INFO  ParallelRequestsEvaluation:109 - Starting evaluation with 70 parallel requests
value: 4
time: 362
value: 4
time: 425
value: 4
time: 435
value: 4
time: 439
value: 4
time: 494
value: 4
time: 495
value: 4
time: 497
value: 4
time: 496
value: 4
time: 488
value: 4
time: 497
value: 4
time: 500
value: 4
time: 492
value: 4
time: 498
value: 4
time: 498
value: 4
time: 503
value: 4
time: 504
value: 4
time: 493
value: 4
time: 487
value: 4
time: 487
value: 4
time: 490
value: 4
time: 503
value: 4
time: 508
value: 4
time: 498
value: 4
time: 508
value: 4
time: 487
value: 4
time: 524
value: 4
time: 535
value: 4
time: 529
value: 4
time: 544
value: 4
time: 521
value: 4
time: 524
value: 4
time: 528
value: 4
time: 520
value: 4
time: 531
value: 4
time: 546
value: 4
time: 524
value: 4
time: 525
value: 4
time: 528
value: 4
time: 515
value: 4
time: 531
value: 4
time: 525
value: 4
time: 527
value: 4
time: 524
value: 4
time: 520
value: 4
time: 535
value: 4
time: 527
value: 4
time: 591
value: 4
time: 586
value: 4
time: 599
value: 4
time: 596
value: 4
time: 598
value: 4
time: 595
value: 4
time: 611
value: 4
time: 613
value: 4
time: 603
value: 4
time: 609
value: 4
time: 591
value: 4
time: 601
value: 4
time: 593
value: 4
time: 605
value: 4
time: 611
value: 4
time: 590
value: 4
time: 604
value: 4
time: 595
value: 4
time: 603
value: 4
time: 603
value: 4
time: 616
value: 4
time: 594
value: 4
time: 594
value: 4
time: 595
-- :--:12 09:18:43 INFO  ParallelRequestsEvaluation:112 - Starting evaluation with 80 parallel requests
value: 4
time: 237
value: 4
time: 236
value: 4
time: 237
value: 4
time: 245
value: 4
time: 248
value: 4
time: 309
value: 4
time: 299
value: 4
time: 304
value: 4
time: 313
value: 4
time: 309
value: 4
time: 366
value: 4
time: 372
value: 4
time: 398
value: 4
time: 390
value: 4
time: 397
value: 4
time: 396
value: 4
time: 383
value: 4
time: 440
value: 4
time: 436
value: 4
time: 435
value: 4
time: 442
value: 4
time: 455
value: 4
time: 448
value: 4
time: 450
value: 4
time: 443
value: 4
time: 466
value: 4
time: 466
value: 4
time: 467
value: 4
time: 444
value: 4
time: 445
value: 4
time: 443
value: 4
time: 465
value: 4
time: 497
value: 4
time: 515
value: 4
time: 513
value: 4
time: 506
value: 4
time: 504
value: 4
time: 515
value: 4
time: 527
value: 4
time: 513
value: 4
time: 510
value: 4
time: 515
value: 4
time: 518
value: 4
time: 489
value: 4
time: 516
value: 4
time: 517
value: 4
time: 498
value: 4
time: 511
value: 4
time: 492
value: 4
time: 506
value: 4
time: 516
value: 4
time: 513
value: 4
time: 518
value: 4
time: 515
value: 4
time: 504
value: 4
time: 502
value: 4
time: 526
value: 4
time: 524
value: 4
time: 547
value: 4
time: 560
value: 4
time: 547
value: 4
time: 538
value: 4
time: 560
value: 4
time: 543
value: 4
time: 554
value: 4
time: 540
value: 4
time: 549
value: 4
time: 553
value: 4
time: 551
value: 4
time: 596
value: 4
time: 596
value: 4
time: 595
value: 4
time: 615
value: 4
time: 596
value: 4
time: 602
value: 4
time: 613
value: 4
time: 596
value: 4
time: 612
value: 4
time: 1140
value: 4
time: 1141
-- :--:12 09:18:47 INFO  ParallelRequestsEvaluation:115 - Starting evaluation with 90 parallel requests
value: 4
time: 321
value: 4
time: 324
value: 4
time: 320
value: 4
time: 320
value: 4
time: 326
value: 4
time: 431
value: 4
time: 433
value: 4
time: 435
value: 4
time: 413
value: 4
time: 426
value: 4
time: 494
value: 4
time: 498
value: 4
time: 536
value: 4
time: 509
value: 4
time: 522
value: 4
time: 511
value: 4
time: 513
value: 4
time: 573
value: 4
time: 597
value: 4
time: 559
value: 4
time: 591
value: 4
time: 575
value: 4
time: 563
value: 4
time: 563
value: 4
time: 595
value: 4
time: 598
value: 4
time: 592
value: 4
time: 599
value: 4
time: 606
value: 4
time: 645
value: 4
time: 630
value: 4
time: 631
value: 4
time: 623
value: 4
time: 649
value: 4
time: 635
value: 4
time: 630
value: 4
time: 675
value: 4
time: 676
value: 4
time: 629
value: 4
time: 635
value: 4
time: 652
value: 4
time: 633
value: 4
time: 679
value: 4
time: 639
value: 4
time: 633
value: 4
time: 642
value: 4
time: 647
value: 4
time: 683
value: 4
time: 666
value: 4
time: 643
value: 4
time: 633
value: 4
time: 669
value: 4
time: 642
value: 4
time: 651
value: 4
time: 658
value: 4
time: 650
value: 4
time: 666
value: 4
time: 660
value: 4
time: 677
value: 4
time: 681
value: 4
time: 669
value: 4
time: 677
value: 4
time: 673
value: 4
time: 671
value: 4
time: 677
value: 4
time: 688
value: 4
time: 678
value: 4
time: 674
value: 4
time: 676
value: 4
time: 675
value: 4
time: 682
value: 4
time: 677
value: 4
time: 676
value: 4
time: 679
value: 4
time: 683
value: 4
time: 685
value: 4
time: 678
value: 4
time: 689
value: 4
time: 687
value: 4
time: 686
value: 4
time: 684
value: 4
time: 710
value: 4
time: 711
value: 4
time: 708
value: 4
time: 716
value: 4
time: 713
value: 4
time: 732
value: 4
time: 713
value: 4
time: 712
value: 4
time: 714
-- :--:12 09:18:50 INFO  ParallelRequestsEvaluation:118 - Starting evaluation with 100 parallel requests
value: 4
time: 241
value: 4
time: 243
value: 4
time: 244
value: 4
time: 254
value: 4
time: 315
value: 4
time: 328
value: 4
time: 346
value: 4
time: 334
value: 4
time: 397
value: 4
time: 401
value: 4
time: 412
value: 4
time: 413
value: 4
time: 403
value: 4
time: 453
value: 4
time: 497
value: 4
time: 492
value: 4
time: 502
value: 4
time: 495
value: 4
time: 502
value: 4
time: 523
value: 4
time: 497
value: 4
time: 508
value: 4
time: 543
value: 4
time: 567
value: 4
time: 578
value: 4
time: 583
value: 4
time: 575
value: 4
time: 586
value: 4
time: 588
value: 4
time: 581
value: 4
time: 572
value: 4
time: 575
value: 4
time: 594
value: 4
time: 594
value: 4
time: 598
value: 4
time: 601
value: 4
time: 605
value: 4
time: 594
value: 4
time: 607
value: 4
time: 604
value: 4
time: 602
value: 4
time: 607
value: 4
time: 589
value: 4
time: 580
value: 4
time: 589
value: 4
time: 620
value: 4
time: 581
value: 4
time: 604
value: 4
time: 592
value: 4
time: 586
value: 4
time: 587
value: 4
time: 615
value: 4
time: 622
value: 4
time: 629
value: 4
time: 635
value: 4
time: 616
value: 4
time: 618
value: 4
time: 626
value: 4
time: 631
value: 4
time: 629
value: 4
time: 627
value: 4
time: 625
value: 4
time: 634
value: 4
time: 631
value: 4
time: 628
value: 4
time: 636
value: 4
time: 629
value: 4
time: 621
value: 4
time: 625
value: 4
time: 633
value: 4
time: 637
value: 4
time: 621
value: 4
time: 642
value: 4
time: 633
value: 4
time: 639
value: 4
time: 634
value: 4
time: 667
value: 4
time: 676
value: 4
time: 668
value: 4
time: 652
value: 4
time: 666
value: 4
time: 666
value: 4
time: 668
value: 4
time: 666
value: 4
time: 662
value: 4
time: 679
value: 4
time: 662
value: 4
time: 667
value: 4
time: 677
value: 4
time: 664
value: 4
time: 665
value: 4
time: 693
value: 4
time: 713
value: 4
time: 703
value: 4
time: 708
value: 4
time: 704
value: 4
time: 701
value: 4
time: 702
value: 4
time: 3330
value: 4
time: 3319
-- :--:12 09:18:56 INFO  ParallelRequestsEvaluation:121 - Starting evaluation with 200 parallel requests
value: 4
time: 311
value: 4
time: 390
value: 4
time: 392
value: 4
time: 495
value: 4
time: 497
value: 4
time: 514
value: 4
time: 542
value: 4
time: 545
value: 4
time: 587
value: 4
time: 585
value: 4
time: 611
value: 4
time: 611
value: 4
time: 612
value: 4
time: 606
value: 4
time: 609
value: 4
time: 625
value: 4
time: 625
value: 4
time: 610
value: 4
time: 619
value: 4
time: 641
value: 4
time: 640
value: 4
time: 640
value: 4
time: 622
value: 4
time: 643
value: 4
time: 623
value: 4
time: 642
value: 4
time: 644
value: 4
time: 644
value: 4
time: 647
value: 4
time: 646
value: 4
time: 635
value: 4
time: 664
value: 4
time: 698
value: 4
time: 724
value: 4
time: 711
value: 4
time: 725
value: 4
time: 726
value: 4
time: 731
value: 4
time: 731
value: 4
time: 731
value: 4
time: 721
value: 4
time: 713
value: 4
time: 764
value: 4
time: 775
value: 4
time: 762
value: 4
time: 787
value: 4
time: 775
value: 4
time: 764
value: 4
time: 770
value: 4
time: 762
value: 4
time: 766
value: 4
time: 775
value: 4
time: 807
value: 4
time: 785
value: 4
time: 826
value: 4
time: 830
value: 4
time: 828
value: 4
time: 826
value: 4
time: 804
value: 4
time: 827
value: 4
time: 836
value: 4
time: 838
value: 4
time: 838
value: 4
time: 852
value: 4
time: 816
value: 4
time: 889
value: 4
time: 938
value: 4
time: 934
value: 4
time: 934
value: 4
time: 931
value: 4
time: 978
value: 4
time: 955
value: 4
time: 959
value: 4
time: 938
value: 4
time: 908
value: 4
time: 924
value: 4
time: 925
value: 4
time: 903
value: 4
time: 930
value: 4
time: 903
value: 4
time: 874
value: 4
time: 906
value: 4
time: 915
value: 4
time: 872
value: 4
time: 972
value: 4
time: 941
value: 4
time: 942
value: 4
time: 941
value: 4
time: 969
value: 4
time: 977
value: 4
time: 981
value: 4
time: 986
value: 4
time: 985
value: 4
time: 984
value: 4
time: 981
value: 4
time: 978
value: 4
time: 984
value: 4
time: 978
value: 4
time: 1043
value: 4
time: 993
value: 4
time: 1055
value: 4
time: 1059
value: 4
time: 1052
value: 4
time: 1040
value: 4
time: 1043
value: 4
time: 1056
value: 4
time: 1068
value: 4
time: 1041
value: 4
time: 1049
value: 4
time: 1071
value: 4
time: 1059
value: 4
time: 1058
value: 4
time: 1058
value: 4
time: 1053
value: 4
time: 1116
value: 4
time: 1054
value: 4
time: 1103
value: 4
time: 1060
value: 4
time: 1108
value: 4
time: 1067
value: 4
time: 1067
value: 4
time: 1069
value: 4
time: 1066
value: 4
time: 1072
value: 4
time: 1066
value: 4
time: 1071
value: 4
time: 1074
value: 4
time: 1078
value: 4
time: 1078
value: 4
time: 1089
value: 4
time: 1093
value: 4
time: 1100
value: 4
time: 1085
value: 4
time: 1133
value: 4
time: 1080
value: 4
time: 1134
value: 4
time: 1156
value: 4
time: 1132
value: 4
time: 1228
value: 4
time: 1179
value: 4
time: 1227
value: 4
time: 1181
value: 4
time: 1230
value: 4
time: 1180
value: 4
time: 1197
value: 4
time: 1199
value: 4
time: 1177
value: 4
time: 1238
value: 4
time: 1212
value: 4
time: 1189
value: 4
time: 1178
value: 4
time: 1195
value: 4
time: 1191
value: 4
time: 1191
value: 4
time: 1187
value: 4
time: 1184
value: 4
time: 1188
value: 4
time: 1203
value: 4
time: 1191
value: 4
time: 1214
value: 4
time: 1199
value: 4
time: 1233
value: 4
time: 1204
value: 4
time: 1210
value: 4
time: 1236
value: 4
time: 1229
value: 4
time: 1231
value: 4
time: 1256
value: 4
time: 1249
value: 4
time: 1255
value: 4
time: 1264
value: 4
time: 1260
value: 4
time: 1244
value: 4
time: 1234
value: 4
time: 1250
value: 4
time: 1243
value: 4
time: 1242
value: 4
time: 1238
value: 4
time: 1239
value: 4
time: 1245
value: 4
time: 1244
value: 4
time: 1242
value: 4
time: 1242
value: 4
time: 1240
value: 4
time: 1241
value: 4
time: 1249
value: 4
time: 1242
value: 4
time: 1243
value: 4
time: 1243
value: 4
time: 1245
value: 4
time: 1324
value: 4
time: 1351
value: 4
time: 1327
value: 4
time: 1270
value: 4
time: 3396
value: 4
time: 3497
value: 4
time: 3718
value: 4
time: 3714
value: 4
time: 3713
value: 4
time: 3705
